[2026-05-23T09:10:38.071+0000] {local_task_job_runner.py:120} INFO - ::group::Pre task execution logs
[2026-05-23T09:10:38.154+0000] {taskinstance.py:2076} INFO - Dependencies all met for dep_context=non-requeueable deps ti=<TaskInstance: ecommerce_distributed_dw_etl.load_to_citus manual__2026-05-23T09:09:10+00:00 [queued]>
[2026-05-23T09:10:38.171+0000] {taskinstance.py:2076} INFO - Dependencies all met for dep_context=requeueable deps ti=<TaskInstance: ecommerce_distributed_dw_etl.load_to_citus manual__2026-05-23T09:09:10+00:00 [queued]>
[2026-05-23T09:10:38.172+0000] {taskinstance.py:2306} INFO - Starting attempt 1 of 2
[2026-05-23T09:10:38.197+0000] {taskinstance.py:2330} INFO - Executing <Task(BashOperator): load_to_citus> on 2026-05-23 09:09:10+00:00
[2026-05-23T09:10:38.216+0000] {standard_task_runner.py:90} INFO - Running: ['***', 'tasks', 'run', 'ecommerce_distributed_dw_etl', 'load_to_citus', 'manual__2026-05-23T09:09:10+00:00', '--job-id', '4', '--raw', '--subdir', 'DAGS_FOLDER/ecommerce_etl_dag.py', '--cfg-path', '/tmp/tmp87rxp6un']
[2026-05-23T09:10:38.222+0000] {standard_task_runner.py:91} INFO - Job 4: Subtask load_to_citus
[2026-05-23T09:10:38.223+0000] {logging_mixin.py:188} WARNING - /home/***/.local/lib/python3.12/site-packages/***/task/task_runner/standard_task_runner.py:62 DeprecationWarning: This process (pid=274) is multi-threaded, use of fork() may lead to deadlocks in the child.
[2026-05-23T09:10:38.224+0000] {standard_task_runner.py:64} INFO - Started process 275 to run task
[2026-05-23T09:10:38.482+0000] {task_command.py:426} INFO - Running <TaskInstance: ecommerce_distributed_dw_etl.load_to_citus manual__2026-05-23T09:09:10+00:00 [running]> on host 72e9764eb967
[2026-05-23T09:10:38.686+0000] {taskinstance.py:2648} INFO - Exporting env vars: AIRFLOW_CTX_DAG_OWNER='ecommerce_dw_team' AIRFLOW_CTX_DAG_ID='ecommerce_distributed_dw_etl' AIRFLOW_CTX_TASK_ID='load_to_citus' AIRFLOW_CTX_EXECUTION_DATE='2026-05-23T09:09:10+00:00' AIRFLOW_CTX_TRY_NUMBER='1' AIRFLOW_CTX_DAG_RUN_ID='manual__2026-05-23T09:09:10+00:00'
[2026-05-23T09:10:38.691+0000] {taskinstance.py:430} INFO - ::endgroup::
[2026-05-23T09:10:38.720+0000] {subprocess.py:63} INFO - Tmp dir root location: /tmp
[2026-05-23T09:10:38.722+0000] {subprocess.py:75} INFO - Running command: ['/usr/bin/bash', '-c', 'cd /opt/***/project && python etl/load.py --warehouse-dir /opt/***/project/data/warehouse']
[2026-05-23T09:10:38.750+0000] {subprocess.py:86} INFO - Output:
[2026-05-23T09:10:39.229+0000] {subprocess.py:93} INFO - Loading warehouse to PostgreSQL/Citus at citus-coordinator:5432/ecommerce_dw
[2026-05-23T09:10:39.262+0000] {subprocess.py:93} INFO - Checking database ecommerce_dw...
[2026-05-23T09:10:39.482+0000] {subprocess.py:93} INFO - Database ecommerce_dw already exists
[2026-05-23T09:10:39.483+0000] {subprocess.py:93} INFO - Connecting to database ecommerce_dw...
[2026-05-23T09:10:39.502+0000] {subprocess.py:93} INFO - Registering Citus workers...
[2026-05-23T09:10:39.504+0000] {subprocess.py:93} INFO - Creating Citus extension if needed...
[2026-05-23T09:10:40.139+0000] {subprocess.py:93} INFO - Registering worker citus-worker-1:5432...
[2026-05-23T09:10:40.594+0000] {subprocess.py:93} INFO - Registering worker citus-worker-2:5432...
[2026-05-23T09:10:40.595+0000] {subprocess.py:93} INFO - Registering worker citus-worker-3:5432...
[2026-05-23T09:10:40.596+0000] {subprocess.py:93} INFO - Registering worker citus-worker-4:5432...
[2026-05-23T09:10:40.644+0000] {subprocess.py:93} INFO - Registered Citus workers:
[2026-05-23T09:10:40.645+0000] {subprocess.py:93} INFO - - citus-worker-1:5432 active=True
[2026-05-23T09:10:40.646+0000] {subprocess.py:93} INFO - - citus-worker-2:5432 active=True
[2026-05-23T09:10:40.646+0000] {subprocess.py:93} INFO - - citus-worker-3:5432 active=True
[2026-05-23T09:10:40.647+0000] {subprocess.py:93} INFO - - citus-worker-4:5432 active=True
[2026-05-23T09:10:40.647+0000] {subprocess.py:93} INFO - Executing /opt/***/project/sql/01_create_schema.sql...
[2026-05-23T09:11:09.104+0000] {subprocess.py:93} INFO - Executed /opt/***/project/sql/01_create_schema.sql
[2026-05-23T09:11:09.405+0000] {subprocess.py:93} INFO - Executing /opt/***/project/sql/02_create_distributed_tables.sql...
[2026-05-23T09:11:50.798+0000] {subprocess.py:93} INFO - Traceback (most recent call last):
[2026-05-23T09:11:50.798+0000] {subprocess.py:93} INFO -   File "/opt/***/project/etl/load.py", line 241, in <module>
[2026-05-23T09:11:50.802+0000] {subprocess.py:93} INFO -     main()
[2026-05-23T09:11:50.804+0000] {subprocess.py:93} INFO -   File "/opt/***/project/etl/load.py", line 228, in main
[2026-05-23T09:11:50.807+0000] {subprocess.py:93} INFO -     run_sql_file(connection, SQL_DIR / "02_create_distributed_tables.sql")
[2026-05-23T09:11:50.809+0000] {subprocess.py:93} INFO -   File "/opt/***/project/etl/load.py", line 100, in run_sql_file
[2026-05-23T09:11:50.830+0000] {subprocess.py:93} INFO -     cursor.execute(sql_text)
[2026-05-23T09:11:50.832+0000] {subprocess.py:93} INFO - psycopg2.errors.ConnectionFailure: could not establish any connections to the node citus-worker-1:5432 after 30000 ms
[2026-05-23T09:11:50.838+0000] {subprocess.py:93} INFO - 
[2026-05-23T09:11:50.877+0000] {subprocess.py:97} INFO - Command exited with return code 1
[2026-05-23T09:11:50.879+0000] {taskinstance.py:441} INFO - ::group::Post task execution logs
[2026-05-23T09:11:50.946+0000] {taskinstance.py:2905} ERROR - Task failed with exception
Traceback (most recent call last):
  File "/home/airflow/.local/lib/python3.12/site-packages/airflow/models/taskinstance.py", line 465, in _execute_task
    result = _execute_callable(context=context, **execute_callable_kwargs)
             ^^^^^^^^^^^^^^^^^^^^^^^^^^^^^^^^^^^^^^^^^^^^^^^^^^^^^^^^^^^^^
  File "/home/airflow/.local/lib/python3.12/site-packages/airflow/models/taskinstance.py", line 432, in _execute_callable
    return execute_callable(context=context, **execute_callable_kwargs)
           ^^^^^^^^^^^^^^^^^^^^^^^^^^^^^^^^^^^^^^^^^^^^^^^^^^^^^^^^^^^^
  File "/home/airflow/.local/lib/python3.12/site-packages/airflow/models/baseoperator.py", line 401, in wrapper
    return func(self, *args, **kwargs)
           ^^^^^^^^^^^^^^^^^^^^^^^^^^^
  File "/home/airflow/.local/lib/python3.12/site-packages/airflow/operators/bash.py", line 243, in execute
    raise AirflowException(
airflow.exceptions.AirflowException: Bash command failed. The command returned a non-zero exit code 1.
[2026-05-23T09:11:50.963+0000] {taskinstance.py:1206} INFO - Marking task as UP_FOR_RETRY. dag_id=ecommerce_distributed_dw_etl, task_id=load_to_citus, run_id=manual__2026-05-23T09:09:10+00:00, execution_date=20260523T090910, start_date=20260523T091038, end_date=20260523T091150
[2026-05-23T09:11:51.028+0000] {standard_task_runner.py:110} ERROR - Failed to execute job 4 for task load_to_citus (Bash command failed. The command returned a non-zero exit code 1.; 275)
[2026-05-23T09:11:51.084+0000] {local_task_job_runner.py:243} INFO - Task exited with return code 1
[2026-05-23T09:11:51.158+0000] {taskinstance.py:3503} INFO - 0 downstream tasks scheduled from follow-on schedule check
[2026-05-23T09:11:51.169+0000] {local_task_job_runner.py:222} INFO - ::endgroup::
