[2026-05-23T09:13:51.410+0000] {local_task_job_runner.py:120} INFO - ::group::Pre task execution logs
[2026-05-23T09:13:51.463+0000] {taskinstance.py:2076} INFO - Dependencies all met for dep_context=non-requeueable deps ti=<TaskInstance: ecommerce_distributed_dw_etl.load_to_citus manual__2026-05-23T09:09:10+00:00 [queued]>
[2026-05-23T09:13:51.475+0000] {taskinstance.py:2076} INFO - Dependencies all met for dep_context=requeueable deps ti=<TaskInstance: ecommerce_distributed_dw_etl.load_to_citus manual__2026-05-23T09:09:10+00:00 [queued]>
[2026-05-23T09:13:51.477+0000] {taskinstance.py:2306} INFO - Starting attempt 2 of 2
[2026-05-23T09:13:51.501+0000] {taskinstance.py:2330} INFO - Executing <Task(BashOperator): load_to_citus> on 2026-05-23 09:09:10+00:00
[2026-05-23T09:13:51.522+0000] {standard_task_runner.py:90} INFO - Running: ['***', 'tasks', 'run', 'ecommerce_distributed_dw_etl', 'load_to_citus', 'manual__2026-05-23T09:09:10+00:00', '--job-id', '5', '--raw', '--subdir', 'DAGS_FOLDER/ecommerce_etl_dag.py', '--cfg-path', '/tmp/tmpd2c5wxk5']
[2026-05-23T09:13:51.533+0000] {logging_mixin.py:188} WARNING - /home/***/.local/lib/python3.12/site-packages/***/task/task_runner/standard_task_runner.py:62 DeprecationWarning: This process (pid=322) is multi-threaded, use of fork() may lead to deadlocks in the child.
[2026-05-23T09:13:51.535+0000] {standard_task_runner.py:91} INFO - Job 5: Subtask load_to_citus
[2026-05-23T09:13:51.536+0000] {standard_task_runner.py:64} INFO - Started process 323 to run task
[2026-05-23T09:13:51.713+0000] {task_command.py:426} INFO - Running <TaskInstance: ecommerce_distributed_dw_etl.load_to_citus manual__2026-05-23T09:09:10+00:00 [running]> on host 72e9764eb967
[2026-05-23T09:13:52.020+0000] {taskinstance.py:2648} INFO - Exporting env vars: AIRFLOW_CTX_DAG_OWNER='ecommerce_dw_team' AIRFLOW_CTX_DAG_ID='ecommerce_distributed_dw_etl' AIRFLOW_CTX_TASK_ID='load_to_citus' AIRFLOW_CTX_EXECUTION_DATE='2026-05-23T09:09:10+00:00' AIRFLOW_CTX_TRY_NUMBER='2' AIRFLOW_CTX_DAG_RUN_ID='manual__2026-05-23T09:09:10+00:00'
[2026-05-23T09:13:52.022+0000] {taskinstance.py:430} INFO - ::endgroup::
[2026-05-23T09:13:52.057+0000] {subprocess.py:63} INFO - Tmp dir root location: /tmp
[2026-05-23T09:13:52.063+0000] {subprocess.py:75} INFO - Running command: ['/usr/bin/bash', '-c', 'cd /opt/***/project && python etl/load.py --warehouse-dir /opt/***/project/data/warehouse']
[2026-05-23T09:13:52.090+0000] {subprocess.py:86} INFO - Output:
[2026-05-23T09:13:52.713+0000] {subprocess.py:93} INFO - Loading warehouse to PostgreSQL/Citus at citus-coordinator:5432/ecommerce_dw
[2026-05-23T09:13:52.744+0000] {subprocess.py:93} INFO - Checking database ecommerce_dw...
[2026-05-23T09:13:52.750+0000] {subprocess.py:93} INFO - Database ecommerce_dw already exists
[2026-05-23T09:13:52.751+0000] {subprocess.py:93} INFO - Connecting to database ecommerce_dw...
[2026-05-23T09:13:52.769+0000] {subprocess.py:93} INFO - Registering Citus workers...
[2026-05-23T09:13:52.771+0000] {subprocess.py:93} INFO - Creating Citus extension if needed...
[2026-05-23T09:13:52.776+0000] {subprocess.py:93} INFO - Registering worker citus-worker-1:5432...
[2026-05-23T09:13:52.784+0000] {subprocess.py:93} INFO - Registering worker citus-worker-2:5432...
[2026-05-23T09:13:52.787+0000] {subprocess.py:93} INFO - Registering worker citus-worker-3:5432...
[2026-05-23T09:13:52.788+0000] {subprocess.py:93} INFO - Registering worker citus-worker-4:5432...
[2026-05-23T09:13:52.791+0000] {subprocess.py:93} INFO - Registered Citus workers:
[2026-05-23T09:13:52.792+0000] {subprocess.py:93} INFO - - citus-worker-1:5432 active=True
[2026-05-23T09:13:52.793+0000] {subprocess.py:93} INFO - - citus-worker-2:5432 active=True
[2026-05-23T09:13:52.794+0000] {subprocess.py:93} INFO - - citus-worker-3:5432 active=True
[2026-05-23T09:13:52.796+0000] {subprocess.py:93} INFO - - citus-worker-4:5432 active=True
[2026-05-23T09:13:52.797+0000] {subprocess.py:93} INFO - Executing /opt/***/project/sql/01_create_schema.sql...
[2026-05-23T09:13:53.158+0000] {subprocess.py:93} INFO - Executed /opt/***/project/sql/01_create_schema.sql
[2026-05-23T09:13:53.159+0000] {subprocess.py:93} INFO - Executing /opt/***/project/sql/02_create_distributed_tables.sql...
[2026-05-23T09:13:54.840+0000] {subprocess.py:93} INFO - Executed /opt/***/project/sql/02_create_distributed_tables.sql
[2026-05-23T09:13:58.663+0000] {subprocess.py:93} INFO - Loaded dim_customer.csv into ecommerce_dw.dim_customer
[2026-05-23T09:13:58.802+0000] {subprocess.py:93} INFO - Loaded dim_seller.csv into ecommerce_dw.dim_seller
[2026-05-23T09:14:00.181+0000] {subprocess.py:93} INFO - Loaded dim_product.csv into ecommerce_dw.dim_product
[2026-05-23T09:14:00.239+0000] {subprocess.py:93} INFO - Loaded dim_date.csv into ecommerce_dw.dim_date
[2026-05-23T09:14:09.829+0000] {subprocess.py:93} INFO - Loaded dim_payment.csv into ecommerce_dw.dim_payment
[2026-05-23T09:14:18.330+0000] {subprocess.py:93} INFO - Loaded dim_review.csv into ecommerce_dw.dim_review
[2026-05-23T09:14:32.212+0000] {subprocess.py:93} INFO - Loaded fact_olist_orders.csv into ecommerce_dw.fact_olist_orders
[2026-05-23T09:14:32.214+0000] {subprocess.py:93} INFO - Executing /opt/***/project/sql/06_create_access_roles.sql...
[2026-05-23T09:14:32.589+0000] {subprocess.py:93} INFO - Executed /opt/***/project/sql/06_create_access_roles.sql
[2026-05-23T09:14:32.633+0000] {subprocess.py:97} INFO - Command exited with return code 0
[2026-05-23T09:14:32.635+0000] {taskinstance.py:441} INFO - ::group::Post task execution logs
[2026-05-23T09:14:32.698+0000] {taskinstance.py:1206} INFO - Marking task as SUCCESS. dag_id=ecommerce_distributed_dw_etl, task_id=load_to_citus, run_id=manual__2026-05-23T09:09:10+00:00, execution_date=20260523T090910, start_date=20260523T091351, end_date=20260523T091432
[2026-05-23T09:14:32.781+0000] {local_task_job_runner.py:243} INFO - Task exited with return code 0
[2026-05-23T09:14:32.831+0000] {taskinstance.py:3503} INFO - 1 downstream tasks scheduled from follow-on schedule check
[2026-05-23T09:14:32.834+0000] {local_task_job_runner.py:222} INFO - ::endgroup::
