[2026-05-25T13:17:36.200+0000] {local_task_job_runner.py:120} INFO - ::group::Pre task execution logs
[2026-05-25T13:17:36.267+0000] {taskinstance.py:2076} INFO - Dependencies all met for dep_context=non-requeueable deps ti=<TaskInstance: ecommerce_distributed_dw_etl.verify_warehouse manual__2026-05-25T13:16:02.806881+00:00 [queued]>
[2026-05-25T13:17:36.282+0000] {taskinstance.py:2076} INFO - Dependencies all met for dep_context=requeueable deps ti=<TaskInstance: ecommerce_distributed_dw_etl.verify_warehouse manual__2026-05-25T13:16:02.806881+00:00 [queued]>
[2026-05-25T13:17:36.283+0000] {taskinstance.py:2306} INFO - Starting attempt 1 of 2
[2026-05-25T13:17:36.312+0000] {taskinstance.py:2330} INFO - Executing <Task(BashOperator): verify_warehouse> on 2026-05-25 13:16:02.806881+00:00
[2026-05-25T13:17:36.327+0000] {standard_task_runner.py:90} INFO - Running: ['***', 'tasks', 'run', 'ecommerce_distributed_dw_etl', 'verify_warehouse', 'manual__2026-05-25T13:16:02.806881+00:00', '--job-id', '5', '--raw', '--subdir', 'DAGS_FOLDER/ecommerce_etl_dag.py', '--cfg-path', '/tmp/tmprxif5vkg']
[2026-05-25T13:17:36.331+0000] {standard_task_runner.py:91} INFO - Job 5: Subtask verify_warehouse
[2026-05-25T13:17:36.331+0000] {logging_mixin.py:188} WARNING - /home/***/.local/lib/python3.12/site-packages/***/task/task_runner/standard_task_runner.py:62 DeprecationWarning: This process (pid=231) is multi-threaded, use of fork() may lead to deadlocks in the child.
[2026-05-25T13:17:36.332+0000] {standard_task_runner.py:64} INFO - Started process 237 to run task
[2026-05-25T13:17:36.429+0000] {task_command.py:426} INFO - Running <TaskInstance: ecommerce_distributed_dw_etl.verify_warehouse manual__2026-05-25T13:16:02.806881+00:00 [running]> on host 6b23345b34b0
[2026-05-25T13:17:36.570+0000] {taskinstance.py:2648} INFO - Exporting env vars: AIRFLOW_CTX_DAG_OWNER='ecommerce_dw_team' AIRFLOW_CTX_DAG_ID='ecommerce_distributed_dw_etl' AIRFLOW_CTX_TASK_ID='verify_warehouse' AIRFLOW_CTX_EXECUTION_DATE='2026-05-25T13:16:02.806881+00:00' AIRFLOW_CTX_TRY_NUMBER='1' AIRFLOW_CTX_DAG_RUN_ID='manual__2026-05-25T13:16:02.806881+00:00'
[2026-05-25T13:17:36.572+0000] {taskinstance.py:430} INFO - ::endgroup::
[2026-05-25T13:17:36.606+0000] {subprocess.py:63} INFO - Tmp dir root location: /tmp
[2026-05-25T13:17:36.610+0000] {subprocess.py:75} INFO - Running command: ['/usr/bin/bash', '-c', 'python -c "import psycopg2; conn=psycopg2.connect(host=\'citus-coordinator\', port=5432, dbname=\'ecommerce_dw\', user=\'readonly_user\', password=\'Readonly@2026!\'); cur=conn.cursor(); cur.execute(\'SELECT COUNT(*) FROM ecommerce_dw.fact_olist_orders\'); count=cur.fetchone()[0]; print(f\'fact_olist_orders row count: {count}\'); assert count == 112650; conn.close()"']
[2026-05-25T13:17:36.641+0000] {subprocess.py:86} INFO - Output:
[2026-05-25T13:17:37.016+0000] {subprocess.py:93} INFO - fact_olist_orders row count: 112650
[2026-05-25T13:17:37.041+0000] {subprocess.py:97} INFO - Command exited with return code 0
[2026-05-25T13:17:37.042+0000] {taskinstance.py:441} INFO - ::group::Post task execution logs
[2026-05-25T13:17:37.081+0000] {taskinstance.py:1206} INFO - Marking task as SUCCESS. dag_id=ecommerce_distributed_dw_etl, task_id=verify_warehouse, run_id=manual__2026-05-25T13:16:02.806881+00:00, execution_date=20260525T131602, start_date=20260525T131736, end_date=20260525T131737
[2026-05-25T13:17:37.151+0000] {local_task_job_runner.py:243} INFO - Task exited with return code 0
[2026-05-25T13:17:37.180+0000] {taskinstance.py:3503} INFO - 0 downstream tasks scheduled from follow-on schedule check
[2026-05-25T13:17:37.183+0000] {local_task_job_runner.py:222} INFO - ::endgroup::
