[2026-05-27T15:48:10.087+0000] {local_task_job_runner.py:120} INFO - ::group::Pre task execution logs
[2026-05-27T15:48:10.140+0000] {taskinstance.py:2076} INFO - Dependencies all met for dep_context=non-requeueable deps ti=<TaskInstance: ecommerce_distributed_dw_etl.load_to_citus manual__2026-05-27T15:46:48.681007+00:00 [queued]>
[2026-05-27T15:48:10.153+0000] {taskinstance.py:2076} INFO - Dependencies all met for dep_context=requeueable deps ti=<TaskInstance: ecommerce_distributed_dw_etl.load_to_citus manual__2026-05-27T15:46:48.681007+00:00 [queued]>
[2026-05-27T15:48:10.154+0000] {taskinstance.py:2306} INFO - Starting attempt 1 of 2
[2026-05-27T15:48:10.178+0000] {taskinstance.py:2330} INFO - Executing <Task(BashOperator): load_to_citus> on 2026-05-27 15:46:48.681007+00:00
[2026-05-27T15:48:10.194+0000] {logging_mixin.py:188} WARNING - /home/***/.local/lib/python3.12/site-packages/***/task/task_runner/standard_task_runner.py:62 DeprecationWarning: This process (pid=495) is multi-threaded, use of fork() may lead to deadlocks in the child.
[2026-05-27T15:48:10.192+0000] {standard_task_runner.py:90} INFO - Running: ['***', 'tasks', 'run', 'ecommerce_distributed_dw_etl', 'load_to_citus', 'manual__2026-05-27T15:46:48.681007+00:00', '--job-id', '9', '--raw', '--subdir', 'DAGS_FOLDER/ecommerce_etl_dag.py', '--cfg-path', '/tmp/tmp325ces5q']
[2026-05-27T15:48:10.196+0000] {standard_task_runner.py:64} INFO - Started process 496 to run task
[2026-05-27T15:48:10.197+0000] {standard_task_runner.py:91} INFO - Job 9: Subtask load_to_citus
[2026-05-27T15:48:10.303+0000] {task_command.py:426} INFO - Running <TaskInstance: ecommerce_distributed_dw_etl.load_to_citus manual__2026-05-27T15:46:48.681007+00:00 [running]> on host 10014fdd4115
[2026-05-27T15:48:10.465+0000] {taskinstance.py:2648} INFO - Exporting env vars: AIRFLOW_CTX_DAG_OWNER='ecommerce_dw_team' AIRFLOW_CTX_DAG_ID='ecommerce_distributed_dw_etl' AIRFLOW_CTX_TASK_ID='load_to_citus' AIRFLOW_CTX_EXECUTION_DATE='2026-05-27T15:46:48.681007+00:00' AIRFLOW_CTX_TRY_NUMBER='1' AIRFLOW_CTX_DAG_RUN_ID='manual__2026-05-27T15:46:48.681007+00:00'
[2026-05-27T15:48:10.466+0000] {taskinstance.py:430} INFO - ::endgroup::
[2026-05-27T15:48:10.495+0000] {subprocess.py:63} INFO - Tmp dir root location: /tmp
[2026-05-27T15:48:10.499+0000] {subprocess.py:75} INFO - Running command: ['/usr/bin/bash', '-c', 'cd /opt/***/project && python etl/load.py --warehouse-dir /opt/***/project/data/warehouse']
[2026-05-27T15:48:10.542+0000] {subprocess.py:86} INFO - Output:
[2026-05-27T15:48:11.129+0000] {subprocess.py:93} INFO - Loading warehouse to PostgreSQL/Citus at citus-coordinator:5432/ecommerce_dw
[2026-05-27T15:48:11.144+0000] {subprocess.py:93} INFO - Checking database ecommerce_dw...
[2026-05-27T15:48:11.149+0000] {subprocess.py:93} INFO - Database ecommerce_dw already exists
[2026-05-27T15:48:11.150+0000] {subprocess.py:93} INFO - Connecting to database ecommerce_dw...
[2026-05-27T15:48:11.161+0000] {subprocess.py:93} INFO - Registering Citus workers...
[2026-05-27T15:48:11.162+0000] {subprocess.py:93} INFO - Creating Citus extension if needed...
[2026-05-27T15:48:11.167+0000] {subprocess.py:93} INFO - Registering worker citus-worker-1:5432...
[2026-05-27T15:48:11.174+0000] {subprocess.py:93} INFO - Registering worker citus-worker-2:5432...
[2026-05-27T15:48:11.174+0000] {subprocess.py:93} INFO - Registering worker citus-worker-3:5432...
[2026-05-27T15:48:11.175+0000] {subprocess.py:93} INFO - Registering worker citus-worker-4:5432...
[2026-05-27T15:48:11.176+0000] {subprocess.py:93} INFO - Registered Citus workers:
[2026-05-27T15:48:11.177+0000] {subprocess.py:93} INFO - - citus-worker-1:5432 active=True
[2026-05-27T15:48:11.178+0000] {subprocess.py:93} INFO - - citus-worker-2:5432 active=True
[2026-05-27T15:48:11.179+0000] {subprocess.py:93} INFO - - citus-worker-3:5432 active=True
[2026-05-27T15:48:11.180+0000] {subprocess.py:93} INFO - - citus-worker-4:5432 active=True
[2026-05-27T15:48:11.181+0000] {subprocess.py:93} INFO - Executing /opt/***/project/sql/01_create_schema.sql...
[2026-05-27T15:48:12.205+0000] {subprocess.py:93} INFO - Executed /opt/***/project/sql/01_create_schema.sql
[2026-05-27T15:48:12.205+0000] {subprocess.py:93} INFO - Executing /opt/***/project/sql/02_create_distributed_tables.sql...
[2026-05-27T15:48:13.630+0000] {subprocess.py:93} INFO - Executed /opt/***/project/sql/02_create_distributed_tables.sql
[2026-05-27T15:48:14.477+0000] {subprocess.py:93} INFO - Loaded dim_customer.csv into ecommerce_dw.dim_customer
[2026-05-27T15:48:14.545+0000] {subprocess.py:93} INFO - Loaded dim_seller.csv into ecommerce_dw.dim_seller
[2026-05-27T15:48:14.932+0000] {subprocess.py:93} INFO - Loaded dim_product.csv into ecommerce_dw.dim_product
[2026-05-27T15:48:14.979+0000] {subprocess.py:93} INFO - Loaded dim_date.csv into ecommerce_dw.dim_date
[2026-05-27T15:48:16.141+0000] {subprocess.py:93} INFO - Loaded dim_payment.csv into ecommerce_dw.dim_payment
[2026-05-27T15:48:18.407+0000] {subprocess.py:93} INFO - Loaded dim_review.csv into ecommerce_dw.dim_review
[2026-05-27T15:48:26.186+0000] {subprocess.py:93} INFO - Loaded fact_olist_orders.csv into ecommerce_dw.fact_olist_orders
[2026-05-27T15:48:26.193+0000] {subprocess.py:93} INFO - Executing /opt/***/project/sql/06_create_access_roles.sql...
[2026-05-27T15:48:26.362+0000] {subprocess.py:93} INFO - Executed /opt/***/project/sql/06_create_access_roles.sql
[2026-05-27T15:48:26.427+0000] {subprocess.py:97} INFO - Command exited with return code 0
[2026-05-27T15:48:26.452+0000] {taskinstance.py:441} INFO - ::group::Post task execution logs
[2026-05-27T15:48:26.573+0000] {taskinstance.py:1206} INFO - Marking task as SUCCESS. dag_id=ecommerce_distributed_dw_etl, task_id=load_to_citus, run_id=manual__2026-05-27T15:46:48.681007+00:00, execution_date=20260527T154648, start_date=20260527T154810, end_date=20260527T154826
[2026-05-27T15:48:26.663+0000] {local_task_job_runner.py:243} INFO - Task exited with return code 0
[2026-05-27T15:48:26.753+0000] {taskinstance.py:3503} INFO - 1 downstream tasks scheduled from follow-on schedule check
[2026-05-27T15:48:26.792+0000] {local_task_job_runner.py:222} INFO - ::endgroup::
