[2026-05-25T13:16:04.352+0000] {local_task_job_runner.py:120} INFO - ::group::Pre task execution logs
[2026-05-25T13:16:04.474+0000] {taskinstance.py:2076} INFO - Dependencies all met for dep_context=non-requeueable deps ti=<TaskInstance: ecommerce_distributed_dw_etl.extract_raw_files manual__2026-05-25T13:16:02.806881+00:00 [queued]>
[2026-05-25T13:16:04.488+0000] {taskinstance.py:2076} INFO - Dependencies all met for dep_context=requeueable deps ti=<TaskInstance: ecommerce_distributed_dw_etl.extract_raw_files manual__2026-05-25T13:16:02.806881+00:00 [queued]>
[2026-05-25T13:16:04.489+0000] {taskinstance.py:2306} INFO - Starting attempt 1 of 2
[2026-05-25T13:16:04.511+0000] {taskinstance.py:2330} INFO - Executing <Task(BashOperator): extract_raw_files> on 2026-05-25 13:16:02.806881+00:00
[2026-05-25T13:16:04.526+0000] {standard_task_runner.py:90} INFO - Running: ['***', 'tasks', 'run', 'ecommerce_distributed_dw_etl', 'extract_raw_files', 'manual__2026-05-25T13:16:02.806881+00:00', '--job-id', '2', '--raw', '--subdir', 'DAGS_FOLDER/ecommerce_etl_dag.py', '--cfg-path', '/tmp/tmp9cjhcirh']
[2026-05-25T13:16:04.531+0000] {standard_task_runner.py:91} INFO - Job 2: Subtask extract_raw_files
[2026-05-25T13:16:04.533+0000] {logging_mixin.py:188} WARNING - /home/***/.local/lib/python3.12/site-packages/***/task/task_runner/standard_task_runner.py:62 DeprecationWarning: This process (pid=195) is multi-threaded, use of fork() may lead to deadlocks in the child.
[2026-05-25T13:16:04.534+0000] {standard_task_runner.py:64} INFO - Started process 199 to run task
[2026-05-25T13:16:04.727+0000] {task_command.py:426} INFO - Running <TaskInstance: ecommerce_distributed_dw_etl.extract_raw_files manual__2026-05-25T13:16:02.806881+00:00 [running]> on host 6b23345b34b0
[2026-05-25T13:16:04.877+0000] {taskinstance.py:2648} INFO - Exporting env vars: AIRFLOW_CTX_DAG_OWNER='ecommerce_dw_team' AIRFLOW_CTX_DAG_ID='ecommerce_distributed_dw_etl' AIRFLOW_CTX_TASK_ID='extract_raw_files' AIRFLOW_CTX_EXECUTION_DATE='2026-05-25T13:16:02.806881+00:00' AIRFLOW_CTX_TRY_NUMBER='1' AIRFLOW_CTX_DAG_RUN_ID='manual__2026-05-25T13:16:02.806881+00:00'
[2026-05-25T13:16:04.878+0000] {taskinstance.py:430} INFO - ::endgroup::
[2026-05-25T13:16:04.937+0000] {subprocess.py:63} INFO - Tmp dir root location: /tmp
[2026-05-25T13:16:04.939+0000] {subprocess.py:75} INFO - Running command: ['/usr/bin/bash', '-c', 'cd /opt/***/project && python etl/extract.py --raw-dir /opt/***/project/data/raw --output-path /opt/***/project/data/processed/extract_manifest.json']
[2026-05-25T13:16:04.971+0000] {subprocess.py:86} INFO - Output:
[2026-05-25T13:16:05.304+0000] {subprocess.py:93} INFO - Extract validation completed: 8 files
[2026-05-25T13:16:05.305+0000] {subprocess.py:93} INFO - Wrote manifest: /opt/***/project/data/processed/extract_manifest.json
[2026-05-25T13:16:05.311+0000] {subprocess.py:97} INFO - Command exited with return code 0
[2026-05-25T13:16:05.313+0000] {taskinstance.py:441} INFO - ::group::Post task execution logs
[2026-05-25T13:16:05.350+0000] {taskinstance.py:1206} INFO - Marking task as SUCCESS. dag_id=ecommerce_distributed_dw_etl, task_id=extract_raw_files, run_id=manual__2026-05-25T13:16:02.806881+00:00, execution_date=20260525T131602, start_date=20260525T131604, end_date=20260525T131605
[2026-05-25T13:16:05.393+0000] {local_task_job_runner.py:243} INFO - Task exited with return code 0
[2026-05-25T13:16:05.443+0000] {taskinstance.py:3503} INFO - 1 downstream tasks scheduled from follow-on schedule check
[2026-05-25T13:16:05.447+0000] {local_task_job_runner.py:222} INFO - ::endgroup::
