[2026-05-25T13:16:06.041+0000] {local_task_job_runner.py:120} INFO - ::group::Pre task execution logs
[2026-05-25T13:16:06.094+0000] {taskinstance.py:2076} INFO - Dependencies all met for dep_context=non-requeueable deps ti=<TaskInstance: ecommerce_distributed_dw_etl.transform_to_star_schema manual__2026-05-25T13:16:02.806881+00:00 [queued]>
[2026-05-25T13:16:06.105+0000] {taskinstance.py:2076} INFO - Dependencies all met for dep_context=requeueable deps ti=<TaskInstance: ecommerce_distributed_dw_etl.transform_to_star_schema manual__2026-05-25T13:16:02.806881+00:00 [queued]>
[2026-05-25T13:16:06.106+0000] {taskinstance.py:2306} INFO - Starting attempt 1 of 2
[2026-05-25T13:16:06.123+0000] {taskinstance.py:2330} INFO - Executing <Task(BashOperator): transform_to_star_schema> on 2026-05-25 13:16:02.806881+00:00
[2026-05-25T13:16:06.133+0000] {standard_task_runner.py:90} INFO - Running: ['***', 'tasks', 'run', 'ecommerce_distributed_dw_etl', 'transform_to_star_schema', 'manual__2026-05-25T13:16:02.806881+00:00', '--job-id', '3', '--raw', '--subdir', 'DAGS_FOLDER/ecommerce_etl_dag.py', '--cfg-path', '/tmp/tmpolvjcby7']
[2026-05-25T13:16:06.137+0000] {standard_task_runner.py:91} INFO - Job 3: Subtask transform_to_star_schema
[2026-05-25T13:16:06.140+0000] {logging_mixin.py:188} WARNING - /home/***/.local/lib/python3.12/site-packages/***/task/task_runner/standard_task_runner.py:62 DeprecationWarning: This process (pid=203) is multi-threaded, use of fork() may lead to deadlocks in the child.
[2026-05-25T13:16:06.141+0000] {standard_task_runner.py:64} INFO - Started process 204 to run task
[2026-05-25T13:16:06.226+0000] {task_command.py:426} INFO - Running <TaskInstance: ecommerce_distributed_dw_etl.transform_to_star_schema manual__2026-05-25T13:16:02.806881+00:00 [running]> on host 6b23345b34b0
[2026-05-25T13:16:06.367+0000] {taskinstance.py:2648} INFO - Exporting env vars: AIRFLOW_CTX_DAG_OWNER='ecommerce_dw_team' AIRFLOW_CTX_DAG_ID='ecommerce_distributed_dw_etl' AIRFLOW_CTX_TASK_ID='transform_to_star_schema' AIRFLOW_CTX_EXECUTION_DATE='2026-05-25T13:16:02.806881+00:00' AIRFLOW_CTX_TRY_NUMBER='1' AIRFLOW_CTX_DAG_RUN_ID='manual__2026-05-25T13:16:02.806881+00:00'
[2026-05-25T13:16:06.369+0000] {taskinstance.py:430} INFO - ::endgroup::
[2026-05-25T13:16:06.403+0000] {subprocess.py:63} INFO - Tmp dir root location: /tmp
[2026-05-25T13:16:06.405+0000] {subprocess.py:75} INFO - Running command: ['/usr/bin/bash', '-c', 'cd /opt/***/project && python etl/transform.py --raw-dir /opt/***/project/data/raw --output-dir /opt/***/project/data/warehouse']
[2026-05-25T13:16:06.422+0000] {subprocess.py:86} INFO - Output:
[2026-05-25T13:17:16.831+0000] {subprocess.py:93} INFO - Wrote /opt/***/project/data/warehouse/dim_customer.csv (99,441 rows)
[2026-05-25T13:17:16.833+0000] {subprocess.py:93} INFO - Wrote /opt/***/project/data/warehouse/dim_seller.csv (3,095 rows)
[2026-05-25T13:17:16.834+0000] {subprocess.py:93} INFO - Wrote /opt/***/project/data/warehouse/dim_product.csv (32,951 rows)
[2026-05-25T13:17:16.835+0000] {subprocess.py:93} INFO - Wrote /opt/***/project/data/warehouse/dim_date.csv (751 rows)
[2026-05-25T13:17:16.835+0000] {subprocess.py:93} INFO - Wrote /opt/***/project/data/warehouse/dim_payment.csv (99,440 rows)
[2026-05-25T13:17:16.836+0000] {subprocess.py:93} INFO - Wrote /opt/***/project/data/warehouse/dim_review.csv (98,673 rows)
[2026-05-25T13:17:16.836+0000] {subprocess.py:93} INFO - Wrote /opt/***/project/data/warehouse/fact_olist_orders.csv (112,650 rows)
[2026-05-25T13:17:17.005+0000] {subprocess.py:97} INFO - Command exited with return code 0
[2026-05-25T13:17:17.007+0000] {taskinstance.py:441} INFO - ::group::Post task execution logs
[2026-05-25T13:17:17.050+0000] {taskinstance.py:1206} INFO - Marking task as SUCCESS. dag_id=ecommerce_distributed_dw_etl, task_id=transform_to_star_schema, run_id=manual__2026-05-25T13:16:02.806881+00:00, execution_date=20260525T131602, start_date=20260525T131606, end_date=20260525T131717
[2026-05-25T13:17:17.082+0000] {local_task_job_runner.py:243} INFO - Task exited with return code 0
[2026-05-25T13:17:17.128+0000] {taskinstance.py:3503} INFO - 1 downstream tasks scheduled from follow-on schedule check
[2026-05-25T13:17:17.132+0000] {local_task_job_runner.py:222} INFO - ::endgroup::
