[2026-05-25T13:17:17.788+0000] {local_task_job_runner.py:120} INFO - ::group::Pre task execution logs
[2026-05-25T13:17:17.841+0000] {taskinstance.py:2076} INFO - Dependencies all met for dep_context=non-requeueable deps ti=<TaskInstance: ecommerce_distributed_dw_etl.load_to_citus manual__2026-05-25T13:16:02.806881+00:00 [queued]>
[2026-05-25T13:17:17.853+0000] {taskinstance.py:2076} INFO - Dependencies all met for dep_context=requeueable deps ti=<TaskInstance: ecommerce_distributed_dw_etl.load_to_citus manual__2026-05-25T13:16:02.806881+00:00 [queued]>
[2026-05-25T13:17:17.854+0000] {taskinstance.py:2306} INFO - Starting attempt 1 of 2
[2026-05-25T13:17:17.870+0000] {taskinstance.py:2330} INFO - Executing <Task(BashOperator): load_to_citus> on 2026-05-25 13:16:02.806881+00:00
[2026-05-25T13:17:17.886+0000] {logging_mixin.py:188} WARNING - /home/***/.local/lib/python3.12/site-packages/***/task/task_runner/standard_task_runner.py:62 DeprecationWarning: This process (pid=228) is multi-threaded, use of fork() may lead to deadlocks in the child.
[2026-05-25T13:17:17.884+0000] {standard_task_runner.py:90} INFO - Running: ['***', 'tasks', 'run', 'ecommerce_distributed_dw_etl', 'load_to_citus', 'manual__2026-05-25T13:16:02.806881+00:00', '--job-id', '4', '--raw', '--subdir', 'DAGS_FOLDER/ecommerce_etl_dag.py', '--cfg-path', '/tmp/tmpebj2mra1']
[2026-05-25T13:17:17.887+0000] {standard_task_runner.py:64} INFO - Started process 229 to run task
[2026-05-25T13:17:17.888+0000] {standard_task_runner.py:91} INFO - Job 4: Subtask load_to_citus
[2026-05-25T13:17:17.977+0000] {task_command.py:426} INFO - Running <TaskInstance: ecommerce_distributed_dw_etl.load_to_citus manual__2026-05-25T13:16:02.806881+00:00 [running]> on host 6b23345b34b0
[2026-05-25T13:17:18.093+0000] {taskinstance.py:2648} INFO - Exporting env vars: AIRFLOW_CTX_DAG_OWNER='ecommerce_dw_team' AIRFLOW_CTX_DAG_ID='ecommerce_distributed_dw_etl' AIRFLOW_CTX_TASK_ID='load_to_citus' AIRFLOW_CTX_EXECUTION_DATE='2026-05-25T13:16:02.806881+00:00' AIRFLOW_CTX_TRY_NUMBER='1' AIRFLOW_CTX_DAG_RUN_ID='manual__2026-05-25T13:16:02.806881+00:00'
[2026-05-25T13:17:18.095+0000] {taskinstance.py:430} INFO - ::endgroup::
[2026-05-25T13:17:18.115+0000] {subprocess.py:63} INFO - Tmp dir root location: /tmp
[2026-05-25T13:17:18.117+0000] {subprocess.py:75} INFO - Running command: ['/usr/bin/bash', '-c', 'cd /opt/***/project && python etl/load.py --warehouse-dir /opt/***/project/data/warehouse']
[2026-05-25T13:17:18.149+0000] {subprocess.py:86} INFO - Output:
[2026-05-25T13:17:18.724+0000] {subprocess.py:93} INFO - Loading warehouse to PostgreSQL/Citus at citus-coordinator:5432/ecommerce_dw
[2026-05-25T13:17:18.746+0000] {subprocess.py:93} INFO - Checking database ecommerce_dw...
[2026-05-25T13:17:18.758+0000] {subprocess.py:93} INFO - Database ecommerce_dw already exists
[2026-05-25T13:17:18.759+0000] {subprocess.py:93} INFO - Connecting to database ecommerce_dw...
[2026-05-25T13:17:18.769+0000] {subprocess.py:93} INFO - Registering Citus workers...
[2026-05-25T13:17:18.774+0000] {subprocess.py:93} INFO - Creating Citus extension if needed...
[2026-05-25T13:17:18.781+0000] {subprocess.py:93} INFO - Registering worker citus-worker-1:5432...
[2026-05-25T13:17:18.867+0000] {subprocess.py:93} INFO - Registering worker citus-worker-2:5432...
[2026-05-25T13:17:18.936+0000] {subprocess.py:93} INFO - Registering worker citus-worker-3:5432...
[2026-05-25T13:17:18.990+0000] {subprocess.py:93} INFO - Registering worker citus-worker-4:5432...
[2026-05-25T13:17:19.064+0000] {subprocess.py:93} INFO - Registered Citus workers:
[2026-05-25T13:17:19.065+0000] {subprocess.py:93} INFO - - citus-worker-1:5432 active=True
[2026-05-25T13:17:19.065+0000] {subprocess.py:93} INFO - - citus-worker-2:5432 active=True
[2026-05-25T13:17:19.066+0000] {subprocess.py:93} INFO - - citus-worker-3:5432 active=True
[2026-05-25T13:17:19.066+0000] {subprocess.py:93} INFO - - citus-worker-4:5432 active=True
[2026-05-25T13:17:19.067+0000] {subprocess.py:93} INFO - Executing /opt/***/project/sql/01_create_schema.sql...
[2026-05-25T13:17:19.170+0000] {subprocess.py:93} INFO - Executed /opt/***/project/sql/01_create_schema.sql
[2026-05-25T13:17:19.171+0000] {subprocess.py:93} INFO - Executing /opt/***/project/sql/02_create_distributed_tables.sql...
[2026-05-25T13:17:20.098+0000] {subprocess.py:93} INFO - Executed /opt/***/project/sql/02_create_distributed_tables.sql
[2026-05-25T13:17:20.950+0000] {subprocess.py:93} INFO - Loaded dim_customer.csv into ecommerce_dw.dim_customer
[2026-05-25T13:17:21.222+0000] {subprocess.py:93} INFO - Loaded dim_seller.csv into ecommerce_dw.dim_seller
[2026-05-25T13:17:22.257+0000] {subprocess.py:93} INFO - Loaded dim_product.csv into ecommerce_dw.dim_product
[2026-05-25T13:17:22.334+0000] {subprocess.py:93} INFO - Loaded dim_date.csv into ecommerce_dw.dim_date
[2026-05-25T13:17:24.499+0000] {subprocess.py:93} INFO - Loaded dim_payment.csv into ecommerce_dw.dim_payment
[2026-05-25T13:17:27.164+0000] {subprocess.py:93} INFO - Loaded dim_review.csv into ecommerce_dw.dim_review
[2026-05-25T13:17:35.175+0000] {subprocess.py:93} INFO - Loaded fact_olist_orders.csv into ecommerce_dw.fact_olist_orders
[2026-05-25T13:17:35.186+0000] {subprocess.py:93} INFO - Executing /opt/***/project/sql/06_create_access_roles.sql...
[2026-05-25T13:17:35.506+0000] {subprocess.py:93} INFO - Executed /opt/***/project/sql/06_create_access_roles.sql
[2026-05-25T13:17:35.547+0000] {subprocess.py:97} INFO - Command exited with return code 0
[2026-05-25T13:17:35.548+0000] {taskinstance.py:441} INFO - ::group::Post task execution logs
[2026-05-25T13:17:35.589+0000] {taskinstance.py:1206} INFO - Marking task as SUCCESS. dag_id=ecommerce_distributed_dw_etl, task_id=load_to_citus, run_id=manual__2026-05-25T13:16:02.806881+00:00, execution_date=20260525T131602, start_date=20260525T131717, end_date=20260525T131735
[2026-05-25T13:17:35.620+0000] {local_task_job_runner.py:243} INFO - Task exited with return code 0
[2026-05-25T13:17:35.649+0000] {taskinstance.py:3503} INFO - 1 downstream tasks scheduled from follow-on schedule check
[2026-05-25T13:17:35.652+0000] {local_task_job_runner.py:222} INFO - ::endgroup::
