[2026-05-23T09:07:54.116+0000] {manager.py:470} INFO - Processing files using up to 2 processes at a time 
[2026-05-23T09:07:54.117+0000] {manager.py:471} INFO - Process each file at most once every 30 seconds
[2026-05-23T09:07:54.119+0000] {manager.py:472} INFO - Checking for new files in /opt/airflow/dags every 300 seconds
[2026-05-23T09:07:54.120+0000] {manager.py:737} INFO - Searching for files in /opt/airflow/dags
[2026-05-23T09:07:54.165+0000] {manager.py:740} INFO - There are 1 files in /opt/airflow/dags
[2026-05-23T09:07:54.324+0000] {manager.py:878} INFO - 
================================================================================
DAG File Processing Stats

File Path                                 PID  Runtime      # DAGs    # Errors  Last Runtime    Last Run
--------------------------------------  -----  ---------  --------  ----------  --------------  ----------
/opt/airflow/dags/ecommerce_etl_dag.py    185  0.07s             0           0
================================================================================
[2026-05-23T09:08:24.540+0000] {manager.py:878} INFO - 
================================================================================
DAG File Processing Stats

File Path                               PID    Runtime      # DAGs    # Errors  Last Runtime    Last Run
--------------------------------------  -----  ---------  --------  ----------  --------------  -------------------
/opt/airflow/dags/ecommerce_etl_dag.py                           1           0  0.60s           2026-05-23T09:07:54
================================================================================
[2026-05-23T09:08:55.371+0000] {manager.py:878} INFO - 
================================================================================
DAG File Processing Stats

File Path                                 PID  Runtime      # DAGs    # Errors  Last Runtime    Last Run
--------------------------------------  -----  ---------  --------  ----------  --------------  -------------------
/opt/airflow/dags/ecommerce_etl_dag.py    201  0.02s             1           0  0.21s           2026-05-23T09:08:25
================================================================================
[2026-05-23T09:09:25.817+0000] {manager.py:878} INFO - 
================================================================================
DAG File Processing Stats

File Path                                 PID  Runtime      # DAGs    # Errors  Last Runtime    Last Run
--------------------------------------  -----  ---------  --------  ----------  --------------  -------------------
/opt/airflow/dags/ecommerce_etl_dag.py    247  0.01s             1           0  0.24s           2026-05-23T09:08:55
================================================================================
[2026-05-23T09:09:56.045+0000] {manager.py:878} INFO - 
================================================================================
DAG File Processing Stats

File Path                               PID    Runtime      # DAGs    # Errors  Last Runtime    Last Run
--------------------------------------  -----  ---------  --------  ----------  --------------  -------------------
/opt/airflow/dags/ecommerce_etl_dag.py                           1           0  1.34s           2026-05-23T09:09:27
================================================================================
[2026-05-23T09:10:26.343+0000] {manager.py:878} INFO - 
================================================================================
DAG File Processing Stats

File Path                               PID    Runtime      # DAGs    # Errors  Last Runtime    Last Run
--------------------------------------  -----  ---------  --------  ----------  --------------  -------------------
/opt/airflow/dags/ecommerce_etl_dag.py                           1           0  0.30s           2026-05-23T09:09:57
================================================================================
[2026-05-23T09:10:56.590+0000] {manager.py:878} INFO - 
================================================================================
DAG File Processing Stats

File Path                               PID    Runtime      # DAGs    # Errors  Last Runtime    Last Run
--------------------------------------  -----  ---------  --------  ----------  --------------  -------------------
/opt/airflow/dags/ecommerce_etl_dag.py                           1           0  0.29s           2026-05-23T09:10:28
================================================================================
[2026-05-23T09:11:29.128+0000] {manager.py:878} INFO - 
================================================================================
DAG File Processing Stats

File Path                                 PID  Runtime      # DAGs    # Errors  Last Runtime    Last Run
--------------------------------------  -----  ---------  --------  ----------  --------------  -------------------
/opt/airflow/dags/ecommerce_etl_dag.py    277  22.76s            1           0  0.29s           2026-05-23T09:10:28
================================================================================
[2026-05-23T09:12:00.200+0000] {manager.py:878} INFO - 
================================================================================
DAG File Processing Stats

File Path                               PID    Runtime      # DAGs    # Errors  Last Runtime    Last Run
--------------------------------------  -----  ---------  --------  ----------  --------------  -------------------
/opt/airflow/dags/ecommerce_etl_dag.py                           1           0  46.71s          2026-05-23T09:11:51
================================================================================
[2026-05-23T09:12:30.455+0000] {manager.py:878} INFO - 
================================================================================
DAG File Processing Stats

File Path                               PID    Runtime      # DAGs    # Errors  Last Runtime    Last Run
--------------------------------------  -----  ---------  --------  ----------  --------------  -------------------
/opt/airflow/dags/ecommerce_etl_dag.py                           1           0  0.45s           2026-05-23T09:12:22
================================================================================
[2026-05-23T09:12:54.470+0000] {manager.py:737} INFO - Searching for files in /opt/airflow/dags
[2026-05-23T09:12:54.522+0000] {manager.py:740} INFO - There are 1 files in /opt/airflow/dags
[2026-05-23T09:13:00.588+0000] {manager.py:878} INFO - 
================================================================================
DAG File Processing Stats

File Path                               PID    Runtime      # DAGs    # Errors  Last Runtime    Last Run
--------------------------------------  -----  ---------  --------  ----------  --------------  -------------------
/opt/airflow/dags/ecommerce_etl_dag.py                           1           0  1.25s           2026-05-23T09:12:53
================================================================================
[2026-05-23T09:13:30.813+0000] {manager.py:878} INFO - 
================================================================================
DAG File Processing Stats

File Path                               PID    Runtime      # DAGs    # Errors  Last Runtime    Last Run
--------------------------------------  -----  ---------  --------  ----------  --------------  -------------------
/opt/airflow/dags/ecommerce_etl_dag.py                           1           0  1.05s           2026-05-23T09:13:24
================================================================================
[2026-05-23T09:14:01.329+0000] {manager.py:878} INFO - 
================================================================================
DAG File Processing Stats

File Path                               PID    Runtime      # DAGs    # Errors  Last Runtime    Last Run
--------------------------------------  -----  ---------  --------  ----------  --------------  -------------------
/opt/airflow/dags/ecommerce_etl_dag.py                           1           0  0.31s           2026-05-23T09:13:55
================================================================================
[2026-05-23T09:14:31.507+0000] {manager.py:878} INFO - 
================================================================================
DAG File Processing Stats

File Path                               PID    Runtime      # DAGs    # Errors  Last Runtime    Last Run
--------------------------------------  -----  ---------  --------  ----------  --------------  -------------------
/opt/airflow/dags/ecommerce_etl_dag.py                           1           0  0.53s           2026-05-23T09:14:26
================================================================================
[2026-05-23T09:15:01.846+0000] {manager.py:878} INFO - 
================================================================================
DAG File Processing Stats

File Path                               PID    Runtime      # DAGs    # Errors  Last Runtime    Last Run
--------------------------------------  -----  ---------  --------  ----------  --------------  -------------------
/opt/airflow/dags/ecommerce_etl_dag.py                           1           0  0.36s           2026-05-23T09:14:57
================================================================================
[2026-05-23T09:15:31.866+0000] {manager.py:878} INFO - 
================================================================================
DAG File Processing Stats

File Path                               PID    Runtime      # DAGs    # Errors  Last Runtime    Last Run
--------------------------------------  -----  ---------  --------  ----------  --------------  -------------------
/opt/airflow/dags/ecommerce_etl_dag.py                           1           0  0.32s           2026-05-23T09:15:27
================================================================================
[2026-05-23T09:16:02.104+0000] {manager.py:878} INFO - 
================================================================================
DAG File Processing Stats

File Path                               PID    Runtime      # DAGs    # Errors  Last Runtime    Last Run
--------------------------------------  -----  ---------  --------  ----------  --------------  -------------------
/opt/airflow/dags/ecommerce_etl_dag.py                           1           0  0.23s           2026-05-23T09:15:58
================================================================================
[2026-05-23T09:16:32.537+0000] {manager.py:878} INFO - 
================================================================================
DAG File Processing Stats

File Path                               PID    Runtime      # DAGs    # Errors  Last Runtime    Last Run
--------------------------------------  -----  ---------  --------  ----------  --------------  -------------------
/opt/airflow/dags/ecommerce_etl_dag.py                           1           0  0.26s           2026-05-23T09:16:28
================================================================================
[2026-05-23T09:17:03.004+0000] {manager.py:878} INFO - 
================================================================================
DAG File Processing Stats

File Path                               PID    Runtime      # DAGs    # Errors  Last Runtime    Last Run
--------------------------------------  -----  ---------  --------  ----------  --------------  -------------------
/opt/airflow/dags/ecommerce_etl_dag.py                           1           0  0.18s           2026-05-23T09:16:59
================================================================================
[2026-05-23T09:17:33.391+0000] {manager.py:878} INFO - 
================================================================================
DAG File Processing Stats

File Path                               PID    Runtime      # DAGs    # Errors  Last Runtime    Last Run
--------------------------------------  -----  ---------  --------  ----------  --------------  -------------------
/opt/airflow/dags/ecommerce_etl_dag.py                           1           0  0.72s           2026-05-23T09:17:29
================================================================================
[2026-05-23T09:17:54.505+0000] {manager.py:737} INFO - Searching for files in /opt/airflow/dags
[2026-05-23T09:17:54.537+0000] {manager.py:740} INFO - There are 1 files in /opt/airflow/dags
[2026-05-23T09:18:04.167+0000] {manager.py:878} INFO - 
================================================================================
DAG File Processing Stats

File Path                               PID    Runtime      # DAGs    # Errors  Last Runtime    Last Run
--------------------------------------  -----  ---------  --------  ----------  --------------  -------------------
/opt/airflow/dags/ecommerce_etl_dag.py                           1           0  0.20s           2026-05-23T09:18:00
================================================================================
[2026-05-23T09:18:34.532+0000] {manager.py:878} INFO - 
================================================================================
DAG File Processing Stats

File Path                               PID    Runtime      # DAGs    # Errors  Last Runtime    Last Run
--------------------------------------  -----  ---------  --------  ----------  --------------  -------------------
/opt/airflow/dags/ecommerce_etl_dag.py                           1           0  0.17s           2026-05-23T09:18:30
================================================================================
[2026-05-23T09:19:04.851+0000] {manager.py:878} INFO - 
================================================================================
DAG File Processing Stats

File Path                               PID    Runtime      # DAGs    # Errors  Last Runtime    Last Run
--------------------------------------  -----  ---------  --------  ----------  --------------  -------------------
/opt/airflow/dags/ecommerce_etl_dag.py                           1           0  0.17s           2026-05-23T09:19:00
================================================================================
[2026-05-23T09:19:35.031+0000] {manager.py:878} INFO - 
================================================================================
DAG File Processing Stats

File Path                               PID    Runtime      # DAGs    # Errors  Last Runtime    Last Run
--------------------------------------  -----  ---------  --------  ----------  --------------  -------------------
/opt/airflow/dags/ecommerce_etl_dag.py                           1           0  0.17s           2026-05-23T09:19:31
================================================================================
[2026-05-23T09:20:05.334+0000] {manager.py:878} INFO - 
================================================================================
DAG File Processing Stats

File Path                               PID    Runtime      # DAGs    # Errors  Last Runtime    Last Run
--------------------------------------  -----  ---------  --------  ----------  --------------  -------------------
/opt/airflow/dags/ecommerce_etl_dag.py                           1           0  0.16s           2026-05-23T09:20:01
================================================================================
[2026-05-23T09:20:35.615+0000] {manager.py:878} INFO - 
================================================================================
DAG File Processing Stats

File Path                               PID    Runtime      # DAGs    # Errors  Last Runtime    Last Run
--------------------------------------  -----  ---------  --------  ----------  --------------  -------------------
/opt/airflow/dags/ecommerce_etl_dag.py                           1           0  0.16s           2026-05-23T09:20:31
================================================================================
[2026-05-23T09:21:06.012+0000] {manager.py:878} INFO - 
================================================================================
DAG File Processing Stats

File Path                               PID    Runtime      # DAGs    # Errors  Last Runtime    Last Run
--------------------------------------  -----  ---------  --------  ----------  --------------  -------------------
/opt/airflow/dags/ecommerce_etl_dag.py                           1           0  0.28s           2026-05-23T09:21:02
================================================================================
[2026-05-23T09:21:36.074+0000] {manager.py:878} INFO - 
================================================================================
DAG File Processing Stats

File Path                               PID    Runtime      # DAGs    # Errors  Last Runtime    Last Run
--------------------------------------  -----  ---------  --------  ----------  --------------  -------------------
/opt/airflow/dags/ecommerce_etl_dag.py                           1           0  0.89s           2026-05-23T09:21:33
================================================================================
[2026-05-23T09:22:06.461+0000] {manager.py:878} INFO - 
================================================================================
DAG File Processing Stats

File Path                               PID    Runtime      # DAGs    # Errors  Last Runtime    Last Run
--------------------------------------  -----  ---------  --------  ----------  --------------  -------------------
/opt/airflow/dags/ecommerce_etl_dag.py                           1           0  0.27s           2026-05-23T09:22:03
================================================================================
[2026-05-23T09:22:36.673+0000] {manager.py:878} INFO - 
================================================================================
DAG File Processing Stats

File Path                               PID    Runtime      # DAGs    # Errors  Last Runtime    Last Run
--------------------------------------  -----  ---------  --------  ----------  --------------  -------------------
/opt/airflow/dags/ecommerce_etl_dag.py                           1           0  0.21s           2026-05-23T09:22:33
================================================================================
[2026-05-23T09:22:54.770+0000] {manager.py:737} INFO - Searching for files in /opt/airflow/dags
[2026-05-23T09:22:54.808+0000] {manager.py:740} INFO - There are 1 files in /opt/airflow/dags
[2026-05-23T09:23:07.027+0000] {manager.py:878} INFO - 
================================================================================
DAG File Processing Stats

File Path                               PID    Runtime      # DAGs    # Errors  Last Runtime    Last Run
--------------------------------------  -----  ---------  --------  ----------  --------------  -------------------
/opt/airflow/dags/ecommerce_etl_dag.py                           1           0  0.16s           2026-05-23T09:23:04
================================================================================
[2026-05-23T09:23:37.228+0000] {manager.py:878} INFO - 
================================================================================
DAG File Processing Stats

File Path                               PID    Runtime      # DAGs    # Errors  Last Runtime    Last Run
--------------------------------------  -----  ---------  --------  ----------  --------------  -------------------
/opt/airflow/dags/ecommerce_etl_dag.py                           1           0  1.13s           2026-05-23T09:23:35
================================================================================
[2026-05-23T09:24:07.602+0000] {manager.py:878} INFO - 
================================================================================
DAG File Processing Stats

File Path                               PID    Runtime      # DAGs    # Errors  Last Runtime    Last Run
--------------------------------------  -----  ---------  --------  ----------  --------------  -------------------
/opt/airflow/dags/ecommerce_etl_dag.py                           1           0  0.22s           2026-05-23T09:24:05
================================================================================
[2026-05-23T09:24:37.878+0000] {manager.py:878} INFO - 
================================================================================
DAG File Processing Stats

File Path                               PID    Runtime      # DAGs    # Errors  Last Runtime    Last Run
--------------------------------------  -----  ---------  --------  ----------  --------------  -------------------
/opt/airflow/dags/ecommerce_etl_dag.py                           1           0  0.23s           2026-05-23T09:24:36
================================================================================
[2026-05-23T09:25:08.243+0000] {manager.py:878} INFO - 
================================================================================
DAG File Processing Stats

File Path                               PID    Runtime      # DAGs    # Errors  Last Runtime    Last Run
--------------------------------------  -----  ---------  --------  ----------  --------------  -------------------
/opt/airflow/dags/ecommerce_etl_dag.py                           1           0  0.21s           2026-05-23T09:25:06
================================================================================
[2026-05-23T09:25:38.691+0000] {manager.py:878} INFO - 
================================================================================
DAG File Processing Stats

File Path                               PID    Runtime      # DAGs    # Errors  Last Runtime    Last Run
--------------------------------------  -----  ---------  --------  ----------  --------------  -------------------
/opt/airflow/dags/ecommerce_etl_dag.py                           1           0  0.17s           2026-05-23T09:25:36
================================================================================
[2026-05-23T09:26:09.007+0000] {manager.py:878} INFO - 
================================================================================
DAG File Processing Stats

File Path                               PID    Runtime      # DAGs    # Errors  Last Runtime    Last Run
--------------------------------------  -----  ---------  --------  ----------  --------------  -------------------
/opt/airflow/dags/ecommerce_etl_dag.py                           1           0  0.16s           2026-05-23T09:26:07
================================================================================
[2026-05-23T09:26:39.204+0000] {manager.py:878} INFO - 
================================================================================
DAG File Processing Stats

File Path                               PID    Runtime      # DAGs    # Errors  Last Runtime    Last Run
--------------------------------------  -----  ---------  --------  ----------  --------------  -------------------
/opt/airflow/dags/ecommerce_etl_dag.py                           1           0  0.19s           2026-05-23T09:26:37
================================================================================
[2026-05-23T09:27:09.575+0000] {manager.py:878} INFO - 
================================================================================
DAG File Processing Stats

File Path                               PID    Runtime      # DAGs    # Errors  Last Runtime    Last Run
--------------------------------------  -----  ---------  --------  ----------  --------------  -------------------
/opt/airflow/dags/ecommerce_etl_dag.py                           1           0  0.21s           2026-05-23T09:27:07
================================================================================
[2026-05-23T09:27:39.879+0000] {manager.py:878} INFO - 
================================================================================
DAG File Processing Stats

File Path                               PID    Runtime      # DAGs    # Errors  Last Runtime    Last Run
--------------------------------------  -----  ---------  --------  ----------  --------------  -------------------
/opt/airflow/dags/ecommerce_etl_dag.py                           1           0  0.20s           2026-05-23T09:27:38
================================================================================
[2026-05-23T09:27:55.307+0000] {manager.py:737} INFO - Searching for files in /opt/airflow/dags
[2026-05-23T09:27:55.362+0000] {manager.py:740} INFO - There are 1 files in /opt/airflow/dags
[2026-05-23T09:28:10.154+0000] {manager.py:878} INFO - 
================================================================================
DAG File Processing Stats

File Path                               PID    Runtime      # DAGs    # Errors  Last Runtime    Last Run
--------------------------------------  -----  ---------  --------  ----------  --------------  -------------------
/opt/airflow/dags/ecommerce_etl_dag.py                           1           0  0.66s           2026-05-23T09:28:09
================================================================================
[2026-05-23T09:28:40.356+0000] {manager.py:878} INFO - 
================================================================================
DAG File Processing Stats

File Path                               PID    Runtime      # DAGs    # Errors  Last Runtime    Last Run
--------------------------------------  -----  ---------  --------  ----------  --------------  -------------------
/opt/airflow/dags/ecommerce_etl_dag.py                           1           0  0.16s           2026-05-23T09:28:39
================================================================================
[2026-05-23T09:29:10.655+0000] {manager.py:878} INFO - 
================================================================================
DAG File Processing Stats

File Path                               PID    Runtime      # DAGs    # Errors  Last Runtime    Last Run
--------------------------------------  -----  ---------  --------  ----------  --------------  -------------------
/opt/airflow/dags/ecommerce_etl_dag.py                           1           0  0.16s           2026-05-23T09:29:09
================================================================================
[2026-05-23T09:29:40.933+0000] {manager.py:878} INFO - 
================================================================================
DAG File Processing Stats

File Path                               PID    Runtime      # DAGs    # Errors  Last Runtime    Last Run
--------------------------------------  -----  ---------  --------  ----------  --------------  -------------------
/opt/airflow/dags/ecommerce_etl_dag.py                           1           0  0.54s           2026-05-23T09:29:40
================================================================================
[2026-05-23T09:30:11.688+0000] {manager.py:878} INFO - 
================================================================================
DAG File Processing Stats

File Path                               PID    Runtime      # DAGs    # Errors  Last Runtime    Last Run
--------------------------------------  -----  ---------  --------  ----------  --------------  -------------------
/opt/airflow/dags/ecommerce_etl_dag.py                           1           0  0.24s           2026-05-23T09:30:10
================================================================================
[2026-05-23T09:30:42.088+0000] {manager.py:878} INFO - 
================================================================================
DAG File Processing Stats

File Path                               PID    Runtime      # DAGs    # Errors  Last Runtime    Last Run
--------------------------------------  -----  ---------  --------  ----------  --------------  -------------------
/opt/airflow/dags/ecommerce_etl_dag.py                           1           0  0.16s           2026-05-23T09:30:41
================================================================================
[2026-05-23T09:31:12.465+0000] {manager.py:878} INFO - 
================================================================================
DAG File Processing Stats

File Path                               PID    Runtime      # DAGs    # Errors  Last Runtime    Last Run
--------------------------------------  -----  ---------  --------  ----------  --------------  -------------------
/opt/airflow/dags/ecommerce_etl_dag.py                           1           0  0.19s           2026-05-23T09:31:11
================================================================================
[2026-05-23T09:31:42.663+0000] {manager.py:878} INFO - 
================================================================================
DAG File Processing Stats

File Path                               PID    Runtime      # DAGs    # Errors  Last Runtime    Last Run
--------------------------------------  -----  ---------  --------  ----------  --------------  -------------------
/opt/airflow/dags/ecommerce_etl_dag.py                           1           0  0.15s           2026-05-23T09:31:41
================================================================================
[2026-05-23T09:32:12.950+0000] {manager.py:878} INFO - 
================================================================================
DAG File Processing Stats

File Path                               PID    Runtime      # DAGs    # Errors  Last Runtime    Last Run
--------------------------------------  -----  ---------  --------  ----------  --------------  -------------------
/opt/airflow/dags/ecommerce_etl_dag.py                           1           0  0.17s           2026-05-23T09:32:12
================================================================================
[2026-05-23T09:32:43.179+0000] {manager.py:878} INFO - 
================================================================================
DAG File Processing Stats

File Path                               PID    Runtime      # DAGs    # Errors  Last Runtime    Last Run
--------------------------------------  -----  ---------  --------  ----------  --------------  -------------------
/opt/airflow/dags/ecommerce_etl_dag.py                           1           0  0.23s           2026-05-23T09:32:42
================================================================================
[2026-05-23T09:32:55.423+0000] {manager.py:737} INFO - Searching for files in /opt/airflow/dags
[2026-05-23T09:32:55.454+0000] {manager.py:740} INFO - There are 1 files in /opt/airflow/dags
[2026-05-23T09:33:13.570+0000] {manager.py:878} INFO - 
================================================================================
DAG File Processing Stats

File Path                               PID    Runtime      # DAGs    # Errors  Last Runtime    Last Run
--------------------------------------  -----  ---------  --------  ----------  --------------  -------------------
/opt/airflow/dags/ecommerce_etl_dag.py                           1           0  0.21s           2026-05-23T09:33:12
================================================================================
[2026-05-23T09:33:43.990+0000] {manager.py:878} INFO - 
================================================================================
DAG File Processing Stats

File Path                               PID    Runtime      # DAGs    # Errors  Last Runtime    Last Run
--------------------------------------  -----  ---------  --------  ----------  --------------  -------------------
/opt/airflow/dags/ecommerce_etl_dag.py                           1           0  0.22s           2026-05-23T09:33:43
================================================================================
[2026-05-23T09:34:14.364+0000] {manager.py:878} INFO - 
================================================================================
DAG File Processing Stats

File Path                               PID    Runtime      # DAGs    # Errors  Last Runtime    Last Run
--------------------------------------  -----  ---------  --------  ----------  --------------  -------------------
/opt/airflow/dags/ecommerce_etl_dag.py                           1           0  0.15s           2026-05-23T09:34:13
================================================================================
[2026-05-23T09:34:44.852+0000] {manager.py:878} INFO - 
================================================================================
DAG File Processing Stats

File Path                                 PID  Runtime      # DAGs    # Errors  Last Runtime    Last Run
--------------------------------------  -----  ---------  --------  ----------  --------------  -------------------
/opt/airflow/dags/ecommerce_etl_dag.py    569  1.07s             1           0  0.15s           2026-05-23T09:34:13
================================================================================
[2026-05-23T09:35:15.052+0000] {manager.py:878} INFO - 
================================================================================
DAG File Processing Stats

File Path                               PID    Runtime      # DAGs    # Errors  Last Runtime    Last Run
--------------------------------------  -----  ---------  --------  ----------  --------------  -------------------
/opt/airflow/dags/ecommerce_etl_dag.py                           1           0  2.28s           2026-05-23T09:34:45
================================================================================
[2026-05-23T09:35:45.359+0000] {manager.py:878} INFO - 
================================================================================
DAG File Processing Stats

File Path                               PID    Runtime      # DAGs    # Errors  Last Runtime    Last Run
--------------------------------------  -----  ---------  --------  ----------  --------------  -------------------
/opt/airflow/dags/ecommerce_etl_dag.py                           1           0  0.18s           2026-05-23T09:35:16
================================================================================
[2026-05-23T09:36:15.564+0000] {manager.py:878} INFO - 
================================================================================
DAG File Processing Stats

File Path                               PID    Runtime      # DAGs    # Errors  Last Runtime    Last Run
--------------------------------------  -----  ---------  --------  ----------  --------------  -------------------
/opt/airflow/dags/ecommerce_etl_dag.py                           1           0  0.22s           2026-05-23T09:35:46
================================================================================
[2026-05-23T09:36:45.933+0000] {manager.py:878} INFO - 
================================================================================
DAG File Processing Stats

File Path                               PID    Runtime      # DAGs    # Errors  Last Runtime    Last Run
--------------------------------------  -----  ---------  --------  ----------  --------------  -------------------
/opt/airflow/dags/ecommerce_etl_dag.py                           1           0  0.17s           2026-05-23T09:36:16
================================================================================
[2026-05-23T09:37:16.275+0000] {manager.py:878} INFO - 
================================================================================
DAG File Processing Stats

File Path                               PID    Runtime      # DAGs    # Errors  Last Runtime    Last Run
--------------------------------------  -----  ---------  --------  ----------  --------------  -------------------
/opt/airflow/dags/ecommerce_etl_dag.py                           1           0  0.19s           2026-05-23T09:36:47
================================================================================
[2026-05-23T09:37:25.996+0000] {manager.py:452} INFO - Exiting gracefully upon receiving signal 15
