[2026-05-23T09:07:54.294+0000] {processor.py:161} INFO - Started process (PID=185) to work on /opt/airflow/dags/ecommerce_etl_dag.py
[2026-05-23T09:07:54.296+0000] {processor.py:830} INFO - Processing file /opt/airflow/dags/ecommerce_etl_dag.py for tasks to queue
[2026-05-23T09:07:54.300+0000] {logging_mixin.py:188} INFO - [2026-05-23T09:07:54.299+0000] {dagbag.py:545} INFO - Filling up the DagBag from /opt/airflow/dags/ecommerce_etl_dag.py
[2026-05-23T09:07:54.363+0000] {processor.py:840} INFO - DAG(s) 'ecommerce_distributed_dw_etl' retrieved from /opt/airflow/dags/ecommerce_etl_dag.py
[2026-05-23T09:07:54.782+0000] {logging_mixin.py:188} INFO - [2026-05-23T09:07:54.782+0000] {dag.py:3089} INFO - Sync 1 DAGs
[2026-05-23T09:07:54.800+0000] {logging_mixin.py:188} INFO - [2026-05-23T09:07:54.799+0000] {dag.py:3947} INFO - Setting next_dagrun for ecommerce_distributed_dw_etl to None, run_after=None
[2026-05-23T09:07:54.831+0000] {processor.py:183} INFO - Processing /opt/airflow/dags/ecommerce_etl_dag.py took 0.549 seconds
[2026-05-23T09:08:25.161+0000] {processor.py:161} INFO - Started process (PID=190) to work on /opt/airflow/dags/ecommerce_etl_dag.py
[2026-05-23T09:08:25.162+0000] {processor.py:830} INFO - Processing file /opt/airflow/dags/ecommerce_etl_dag.py for tasks to queue
[2026-05-23T09:08:25.166+0000] {logging_mixin.py:188} INFO - [2026-05-23T09:08:25.166+0000] {dagbag.py:545} INFO - Filling up the DagBag from /opt/airflow/dags/ecommerce_etl_dag.py
[2026-05-23T09:08:25.195+0000] {processor.py:840} INFO - DAG(s) 'ecommerce_distributed_dw_etl' retrieved from /opt/airflow/dags/ecommerce_etl_dag.py
[2026-05-23T09:08:25.244+0000] {logging_mixin.py:188} INFO - [2026-05-23T09:08:25.243+0000] {dag.py:3089} INFO - Sync 1 DAGs
[2026-05-23T09:08:25.268+0000] {logging_mixin.py:188} INFO - [2026-05-23T09:08:25.268+0000] {dag.py:3947} INFO - Setting next_dagrun for ecommerce_distributed_dw_etl to None, run_after=None
[2026-05-23T09:08:25.318+0000] {processor.py:183} INFO - Processing /opt/airflow/dags/ecommerce_etl_dag.py took 0.166 seconds
[2026-05-23T09:08:55.402+0000] {processor.py:161} INFO - Started process (PID=201) to work on /opt/airflow/dags/ecommerce_etl_dag.py
[2026-05-23T09:08:55.403+0000] {processor.py:830} INFO - Processing file /opt/airflow/dags/ecommerce_etl_dag.py for tasks to queue
[2026-05-23T09:08:55.406+0000] {logging_mixin.py:188} INFO - [2026-05-23T09:08:55.405+0000] {dagbag.py:545} INFO - Filling up the DagBag from /opt/airflow/dags/ecommerce_etl_dag.py
[2026-05-23T09:08:55.443+0000] {processor.py:840} INFO - DAG(s) 'ecommerce_distributed_dw_etl' retrieved from /opt/airflow/dags/ecommerce_etl_dag.py
[2026-05-23T09:08:55.494+0000] {logging_mixin.py:188} INFO - [2026-05-23T09:08:55.494+0000] {dag.py:3089} INFO - Sync 1 DAGs
[2026-05-23T09:08:55.520+0000] {logging_mixin.py:188} INFO - [2026-05-23T09:08:55.519+0000] {dag.py:3947} INFO - Setting next_dagrun for ecommerce_distributed_dw_etl to None, run_after=None
[2026-05-23T09:08:55.579+0000] {processor.py:183} INFO - Processing /opt/airflow/dags/ecommerce_etl_dag.py took 0.188 seconds
[2026-05-23T09:09:25.845+0000] {processor.py:161} INFO - Started process (PID=247) to work on /opt/airflow/dags/ecommerce_etl_dag.py
[2026-05-23T09:09:25.846+0000] {processor.py:830} INFO - Processing file /opt/airflow/dags/ecommerce_etl_dag.py for tasks to queue
[2026-05-23T09:09:25.850+0000] {logging_mixin.py:188} INFO - [2026-05-23T09:09:25.849+0000] {dagbag.py:545} INFO - Filling up the DagBag from /opt/airflow/dags/ecommerce_etl_dag.py
[2026-05-23T09:09:26.155+0000] {processor.py:840} INFO - DAG(s) 'ecommerce_distributed_dw_etl' retrieved from /opt/airflow/dags/ecommerce_etl_dag.py
[2026-05-23T09:09:27.007+0000] {logging_mixin.py:188} INFO - [2026-05-23T09:09:27.006+0000] {dag.py:3089} INFO - Sync 1 DAGs
[2026-05-23T09:09:27.028+0000] {logging_mixin.py:188} INFO - [2026-05-23T09:09:27.028+0000] {dag.py:3947} INFO - Setting next_dagrun for ecommerce_distributed_dw_etl to None, run_after=None
[2026-05-23T09:09:27.072+0000] {processor.py:183} INFO - Processing /opt/airflow/dags/ecommerce_etl_dag.py took 1.237 seconds
[2026-05-23T09:09:57.412+0000] {processor.py:161} INFO - Started process (PID=252) to work on /opt/airflow/dags/ecommerce_etl_dag.py
[2026-05-23T09:09:57.413+0000] {processor.py:830} INFO - Processing file /opt/airflow/dags/ecommerce_etl_dag.py for tasks to queue
[2026-05-23T09:09:57.416+0000] {logging_mixin.py:188} INFO - [2026-05-23T09:09:57.415+0000] {dagbag.py:545} INFO - Filling up the DagBag from /opt/airflow/dags/ecommerce_etl_dag.py
[2026-05-23T09:09:57.446+0000] {processor.py:840} INFO - DAG(s) 'ecommerce_distributed_dw_etl' retrieved from /opt/airflow/dags/ecommerce_etl_dag.py
[2026-05-23T09:09:57.500+0000] {logging_mixin.py:188} INFO - [2026-05-23T09:09:57.500+0000] {dag.py:3089} INFO - Sync 1 DAGs
[2026-05-23T09:09:57.522+0000] {logging_mixin.py:188} INFO - [2026-05-23T09:09:57.522+0000] {dag.py:3947} INFO - Setting next_dagrun for ecommerce_distributed_dw_etl to None, run_after=None
[2026-05-23T09:09:57.611+0000] {processor.py:183} INFO - Processing /opt/airflow/dags/ecommerce_etl_dag.py took 0.210 seconds
[2026-05-23T09:10:28.064+0000] {processor.py:161} INFO - Started process (PID=269) to work on /opt/airflow/dags/ecommerce_etl_dag.py
[2026-05-23T09:10:28.066+0000] {processor.py:830} INFO - Processing file /opt/airflow/dags/ecommerce_etl_dag.py for tasks to queue
[2026-05-23T09:10:28.071+0000] {logging_mixin.py:188} INFO - [2026-05-23T09:10:28.071+0000] {dagbag.py:545} INFO - Filling up the DagBag from /opt/airflow/dags/ecommerce_etl_dag.py
[2026-05-23T09:10:28.124+0000] {processor.py:840} INFO - DAG(s) 'ecommerce_distributed_dw_etl' retrieved from /opt/airflow/dags/ecommerce_etl_dag.py
[2026-05-23T09:10:28.191+0000] {logging_mixin.py:188} INFO - [2026-05-23T09:10:28.190+0000] {dag.py:3089} INFO - Sync 1 DAGs
[2026-05-23T09:10:28.221+0000] {logging_mixin.py:188} INFO - [2026-05-23T09:10:28.221+0000] {dag.py:3947} INFO - Setting next_dagrun for ecommerce_distributed_dw_etl to None, run_after=None
[2026-05-23T09:10:28.265+0000] {processor.py:183} INFO - Processing /opt/airflow/dags/ecommerce_etl_dag.py took 0.214 seconds
[2026-05-23T09:11:29.578+0000] {processor.py:161} INFO - Started process (PID=277) to work on /opt/airflow/dags/ecommerce_etl_dag.py
[2026-05-23T09:11:29.825+0000] {processor.py:830} INFO - Processing file /opt/airflow/dags/ecommerce_etl_dag.py for tasks to queue
[2026-05-23T09:11:32.707+0000] {logging_mixin.py:188} INFO - [2026-05-23T09:11:31.084+0000] {dagbag.py:545} INFO - Filling up the DagBag from /opt/airflow/dags/ecommerce_etl_dag.py
[2026-05-23T09:11:49.887+0000] {processor.py:840} INFO - DAG(s) 'ecommerce_distributed_dw_etl' retrieved from /opt/airflow/dags/ecommerce_etl_dag.py
[2026-05-23T09:11:50.869+0000] {logging_mixin.py:188} INFO - [2026-05-23T09:11:50.868+0000] {dag.py:3089} INFO - Sync 1 DAGs
[2026-05-23T09:11:50.914+0000] {logging_mixin.py:188} INFO - [2026-05-23T09:11:50.913+0000] {dag.py:3947} INFO - Setting next_dagrun for ecommerce_distributed_dw_etl to None, run_after=None
[2026-05-23T09:11:51.049+0000] {processor.py:183} INFO - Processing /opt/airflow/dags/ecommerce_etl_dag.py took 21.628 seconds
[2026-05-23T09:12:21.886+0000] {processor.py:161} INFO - Started process (PID=301) to work on /opt/airflow/dags/ecommerce_etl_dag.py
[2026-05-23T09:12:21.890+0000] {processor.py:830} INFO - Processing file /opt/airflow/dags/ecommerce_etl_dag.py for tasks to queue
[2026-05-23T09:12:21.894+0000] {logging_mixin.py:188} INFO - [2026-05-23T09:12:21.894+0000] {dagbag.py:545} INFO - Filling up the DagBag from /opt/airflow/dags/ecommerce_etl_dag.py
[2026-05-23T09:12:21.924+0000] {processor.py:840} INFO - DAG(s) 'ecommerce_distributed_dw_etl' retrieved from /opt/airflow/dags/ecommerce_etl_dag.py
[2026-05-23T09:12:21.986+0000] {logging_mixin.py:188} INFO - [2026-05-23T09:12:21.986+0000] {dag.py:3089} INFO - Sync 1 DAGs
[2026-05-23T09:12:22.024+0000] {logging_mixin.py:188} INFO - [2026-05-23T09:12:22.023+0000] {dag.py:3947} INFO - Setting next_dagrun for ecommerce_distributed_dw_etl to None, run_after=None
[2026-05-23T09:12:22.241+0000] {processor.py:183} INFO - Processing /opt/airflow/dags/ecommerce_etl_dag.py took 0.373 seconds
[2026-05-23T09:12:53.002+0000] {processor.py:161} INFO - Started process (PID=306) to work on /opt/airflow/dags/ecommerce_etl_dag.py
[2026-05-23T09:12:53.012+0000] {processor.py:830} INFO - Processing file /opt/airflow/dags/ecommerce_etl_dag.py for tasks to queue
[2026-05-23T09:12:53.035+0000] {logging_mixin.py:188} INFO - [2026-05-23T09:12:53.034+0000] {dagbag.py:545} INFO - Filling up the DagBag from /opt/airflow/dags/ecommerce_etl_dag.py
[2026-05-23T09:12:53.341+0000] {processor.py:840} INFO - DAG(s) 'ecommerce_distributed_dw_etl' retrieved from /opt/airflow/dags/ecommerce_etl_dag.py
[2026-05-23T09:12:53.508+0000] {logging_mixin.py:188} INFO - [2026-05-23T09:12:53.507+0000] {dag.py:3089} INFO - Sync 1 DAGs
[2026-05-23T09:12:53.562+0000] {logging_mixin.py:188} INFO - [2026-05-23T09:12:53.562+0000] {dag.py:3947} INFO - Setting next_dagrun for ecommerce_distributed_dw_etl to None, run_after=None
[2026-05-23T09:12:53.600+0000] {processor.py:183} INFO - Processing /opt/airflow/dags/ecommerce_etl_dag.py took 0.670 seconds
[2026-05-23T09:13:23.851+0000] {processor.py:161} INFO - Started process (PID=311) to work on /opt/airflow/dags/ecommerce_etl_dag.py
[2026-05-23T09:13:23.856+0000] {processor.py:830} INFO - Processing file /opt/airflow/dags/ecommerce_etl_dag.py for tasks to queue
[2026-05-23T09:13:23.861+0000] {logging_mixin.py:188} INFO - [2026-05-23T09:13:23.860+0000] {dagbag.py:545} INFO - Filling up the DagBag from /opt/airflow/dags/ecommerce_etl_dag.py
[2026-05-23T09:13:23.899+0000] {processor.py:840} INFO - DAG(s) 'ecommerce_distributed_dw_etl' retrieved from /opt/airflow/dags/ecommerce_etl_dag.py
[2026-05-23T09:13:24.078+0000] {logging_mixin.py:188} INFO - [2026-05-23T09:13:24.078+0000] {dag.py:3089} INFO - Sync 1 DAGs
[2026-05-23T09:13:24.283+0000] {logging_mixin.py:188} INFO - [2026-05-23T09:13:24.283+0000] {dag.py:3947} INFO - Setting next_dagrun for ecommerce_distributed_dw_etl to None, run_after=None
[2026-05-23T09:13:24.800+0000] {processor.py:183} INFO - Processing /opt/airflow/dags/ecommerce_etl_dag.py took 0.969 seconds
[2026-05-23T09:13:55.094+0000] {processor.py:161} INFO - Started process (PID=325) to work on /opt/airflow/dags/ecommerce_etl_dag.py
[2026-05-23T09:13:55.096+0000] {processor.py:830} INFO - Processing file /opt/airflow/dags/ecommerce_etl_dag.py for tasks to queue
[2026-05-23T09:13:55.100+0000] {logging_mixin.py:188} INFO - [2026-05-23T09:13:55.099+0000] {dagbag.py:545} INFO - Filling up the DagBag from /opt/airflow/dags/ecommerce_etl_dag.py
[2026-05-23T09:13:55.137+0000] {processor.py:840} INFO - DAG(s) 'ecommerce_distributed_dw_etl' retrieved from /opt/airflow/dags/ecommerce_etl_dag.py
[2026-05-23T09:13:55.204+0000] {logging_mixin.py:188} INFO - [2026-05-23T09:13:55.203+0000] {dag.py:3089} INFO - Sync 1 DAGs
[2026-05-23T09:13:55.238+0000] {logging_mixin.py:188} INFO - [2026-05-23T09:13:55.237+0000] {dag.py:3947} INFO - Setting next_dagrun for ecommerce_distributed_dw_etl to None, run_after=None
[2026-05-23T09:13:55.313+0000] {processor.py:183} INFO - Processing /opt/airflow/dags/ecommerce_etl_dag.py took 0.230 seconds
[2026-05-23T09:14:26.366+0000] {processor.py:161} INFO - Started process (PID=342) to work on /opt/airflow/dags/ecommerce_etl_dag.py
[2026-05-23T09:14:26.370+0000] {processor.py:830} INFO - Processing file /opt/airflow/dags/ecommerce_etl_dag.py for tasks to queue
[2026-05-23T09:14:26.375+0000] {logging_mixin.py:188} INFO - [2026-05-23T09:14:26.374+0000] {dagbag.py:545} INFO - Filling up the DagBag from /opt/airflow/dags/ecommerce_etl_dag.py
[2026-05-23T09:14:26.428+0000] {processor.py:840} INFO - DAG(s) 'ecommerce_distributed_dw_etl' retrieved from /opt/airflow/dags/ecommerce_etl_dag.py
[2026-05-23T09:14:26.512+0000] {logging_mixin.py:188} INFO - [2026-05-23T09:14:26.511+0000] {dag.py:3089} INFO - Sync 1 DAGs
[2026-05-23T09:14:26.562+0000] {logging_mixin.py:188} INFO - [2026-05-23T09:14:26.562+0000] {dag.py:3947} INFO - Setting next_dagrun for ecommerce_distributed_dw_etl to None, run_after=None
[2026-05-23T09:14:26.695+0000] {processor.py:183} INFO - Processing /opt/airflow/dags/ecommerce_etl_dag.py took 0.345 seconds
[2026-05-23T09:14:56.836+0000] {processor.py:161} INFO - Started process (PID=359) to work on /opt/airflow/dags/ecommerce_etl_dag.py
[2026-05-23T09:14:56.839+0000] {processor.py:830} INFO - Processing file /opt/airflow/dags/ecommerce_etl_dag.py for tasks to queue
[2026-05-23T09:14:56.844+0000] {logging_mixin.py:188} INFO - [2026-05-23T09:14:56.843+0000] {dagbag.py:545} INFO - Filling up the DagBag from /opt/airflow/dags/ecommerce_etl_dag.py
[2026-05-23T09:14:56.925+0000] {processor.py:840} INFO - DAG(s) 'ecommerce_distributed_dw_etl' retrieved from /opt/airflow/dags/ecommerce_etl_dag.py
[2026-05-23T09:14:57.006+0000] {logging_mixin.py:188} INFO - [2026-05-23T09:14:57.005+0000] {dag.py:3089} INFO - Sync 1 DAGs
[2026-05-23T09:14:57.031+0000] {logging_mixin.py:188} INFO - [2026-05-23T09:14:57.030+0000] {dag.py:3947} INFO - Setting next_dagrun for ecommerce_distributed_dw_etl to None, run_after=None
[2026-05-23T09:14:57.088+0000] {processor.py:183} INFO - Processing /opt/airflow/dags/ecommerce_etl_dag.py took 0.269 seconds
[2026-05-23T09:15:27.557+0000] {processor.py:161} INFO - Started process (PID=367) to work on /opt/airflow/dags/ecommerce_etl_dag.py
[2026-05-23T09:15:27.561+0000] {processor.py:830} INFO - Processing file /opt/airflow/dags/ecommerce_etl_dag.py for tasks to queue
[2026-05-23T09:15:27.564+0000] {logging_mixin.py:188} INFO - [2026-05-23T09:15:27.564+0000] {dagbag.py:545} INFO - Filling up the DagBag from /opt/airflow/dags/ecommerce_etl_dag.py
[2026-05-23T09:15:27.632+0000] {processor.py:840} INFO - DAG(s) 'ecommerce_distributed_dw_etl' retrieved from /opt/airflow/dags/ecommerce_etl_dag.py
[2026-05-23T09:15:27.715+0000] {logging_mixin.py:188} INFO - [2026-05-23T09:15:27.715+0000] {dag.py:3089} INFO - Sync 1 DAGs
[2026-05-23T09:15:27.754+0000] {logging_mixin.py:188} INFO - [2026-05-23T09:15:27.753+0000] {dag.py:3947} INFO - Setting next_dagrun for ecommerce_distributed_dw_etl to None, run_after=None
[2026-05-23T09:15:27.822+0000] {processor.py:183} INFO - Processing /opt/airflow/dags/ecommerce_etl_dag.py took 0.276 seconds
[2026-05-23T09:15:58.104+0000] {processor.py:161} INFO - Started process (PID=384) to work on /opt/airflow/dags/ecommerce_etl_dag.py
[2026-05-23T09:15:58.106+0000] {processor.py:830} INFO - Processing file /opt/airflow/dags/ecommerce_etl_dag.py for tasks to queue
[2026-05-23T09:15:58.108+0000] {logging_mixin.py:188} INFO - [2026-05-23T09:15:58.108+0000] {dagbag.py:545} INFO - Filling up the DagBag from /opt/airflow/dags/ecommerce_etl_dag.py
[2026-05-23T09:15:58.136+0000] {processor.py:840} INFO - DAG(s) 'ecommerce_distributed_dw_etl' retrieved from /opt/airflow/dags/ecommerce_etl_dag.py
[2026-05-23T09:15:58.201+0000] {logging_mixin.py:188} INFO - [2026-05-23T09:15:58.199+0000] {dag.py:3089} INFO - Sync 1 DAGs
[2026-05-23T09:15:58.235+0000] {logging_mixin.py:188} INFO - [2026-05-23T09:15:58.234+0000] {dag.py:3947} INFO - Setting next_dagrun for ecommerce_distributed_dw_etl to None, run_after=None
[2026-05-23T09:15:58.274+0000] {processor.py:183} INFO - Processing /opt/airflow/dags/ecommerce_etl_dag.py took 0.178 seconds
[2026-05-23T09:16:28.543+0000] {processor.py:161} INFO - Started process (PID=389) to work on /opt/airflow/dags/ecommerce_etl_dag.py
[2026-05-23T09:16:28.545+0000] {processor.py:830} INFO - Processing file /opt/airflow/dags/ecommerce_etl_dag.py for tasks to queue
[2026-05-23T09:16:28.548+0000] {logging_mixin.py:188} INFO - [2026-05-23T09:16:28.548+0000] {dagbag.py:545} INFO - Filling up the DagBag from /opt/airflow/dags/ecommerce_etl_dag.py
[2026-05-23T09:16:28.576+0000] {processor.py:840} INFO - DAG(s) 'ecommerce_distributed_dw_etl' retrieved from /opt/airflow/dags/ecommerce_etl_dag.py
[2026-05-23T09:16:28.632+0000] {logging_mixin.py:188} INFO - [2026-05-23T09:16:28.632+0000] {dag.py:3089} INFO - Sync 1 DAGs
[2026-05-23T09:16:28.655+0000] {logging_mixin.py:188} INFO - [2026-05-23T09:16:28.655+0000] {dag.py:3947} INFO - Setting next_dagrun for ecommerce_distributed_dw_etl to None, run_after=None
[2026-05-23T09:16:28.722+0000] {processor.py:183} INFO - Processing /opt/airflow/dags/ecommerce_etl_dag.py took 0.187 seconds
[2026-05-23T09:16:59.007+0000] {processor.py:161} INFO - Started process (PID=394) to work on /opt/airflow/dags/ecommerce_etl_dag.py
[2026-05-23T09:16:59.009+0000] {processor.py:830} INFO - Processing file /opt/airflow/dags/ecommerce_etl_dag.py for tasks to queue
[2026-05-23T09:16:59.011+0000] {logging_mixin.py:188} INFO - [2026-05-23T09:16:59.010+0000] {dagbag.py:545} INFO - Filling up the DagBag from /opt/airflow/dags/ecommerce_etl_dag.py
[2026-05-23T09:16:59.038+0000] {processor.py:840} INFO - DAG(s) 'ecommerce_distributed_dw_etl' retrieved from /opt/airflow/dags/ecommerce_etl_dag.py
[2026-05-23T09:16:59.085+0000] {logging_mixin.py:188} INFO - [2026-05-23T09:16:59.085+0000] {dag.py:3089} INFO - Sync 1 DAGs
[2026-05-23T09:16:59.102+0000] {logging_mixin.py:188} INFO - [2026-05-23T09:16:59.102+0000] {dag.py:3947} INFO - Setting next_dagrun for ecommerce_distributed_dw_etl to None, run_after=None
[2026-05-23T09:16:59.133+0000] {processor.py:183} INFO - Processing /opt/airflow/dags/ecommerce_etl_dag.py took 0.134 seconds
[2026-05-23T09:17:29.298+0000] {processor.py:161} INFO - Started process (PID=399) to work on /opt/airflow/dags/ecommerce_etl_dag.py
[2026-05-23T09:17:29.311+0000] {processor.py:830} INFO - Processing file /opt/airflow/dags/ecommerce_etl_dag.py for tasks to queue
[2026-05-23T09:17:29.338+0000] {logging_mixin.py:188} INFO - [2026-05-23T09:17:29.337+0000] {dagbag.py:545} INFO - Filling up the DagBag from /opt/airflow/dags/ecommerce_etl_dag.py
[2026-05-23T09:17:29.563+0000] {processor.py:840} INFO - DAG(s) 'ecommerce_distributed_dw_etl' retrieved from /opt/airflow/dags/ecommerce_etl_dag.py
[2026-05-23T09:17:29.668+0000] {logging_mixin.py:188} INFO - [2026-05-23T09:17:29.667+0000] {dag.py:3089} INFO - Sync 1 DAGs
[2026-05-23T09:17:29.736+0000] {logging_mixin.py:188} INFO - [2026-05-23T09:17:29.735+0000] {dag.py:3947} INFO - Setting next_dagrun for ecommerce_distributed_dw_etl to None, run_after=None
[2026-05-23T09:17:29.851+0000] {processor.py:183} INFO - Processing /opt/airflow/dags/ecommerce_etl_dag.py took 0.580 seconds
[2026-05-23T09:18:00.167+0000] {processor.py:161} INFO - Started process (PID=404) to work on /opt/airflow/dags/ecommerce_etl_dag.py
[2026-05-23T09:18:00.169+0000] {processor.py:830} INFO - Processing file /opt/airflow/dags/ecommerce_etl_dag.py for tasks to queue
[2026-05-23T09:18:00.172+0000] {logging_mixin.py:188} INFO - [2026-05-23T09:18:00.171+0000] {dagbag.py:545} INFO - Filling up the DagBag from /opt/airflow/dags/ecommerce_etl_dag.py
[2026-05-23T09:18:00.198+0000] {processor.py:840} INFO - DAG(s) 'ecommerce_distributed_dw_etl' retrieved from /opt/airflow/dags/ecommerce_etl_dag.py
[2026-05-23T09:18:00.245+0000] {logging_mixin.py:188} INFO - [2026-05-23T09:18:00.245+0000] {dag.py:3089} INFO - Sync 1 DAGs
[2026-05-23T09:18:00.265+0000] {logging_mixin.py:188} INFO - [2026-05-23T09:18:00.265+0000] {dag.py:3947} INFO - Setting next_dagrun for ecommerce_distributed_dw_etl to None, run_after=None
[2026-05-23T09:18:00.321+0000] {processor.py:183} INFO - Processing /opt/airflow/dags/ecommerce_etl_dag.py took 0.162 seconds
[2026-05-23T09:18:30.532+0000] {processor.py:161} INFO - Started process (PID=409) to work on /opt/airflow/dags/ecommerce_etl_dag.py
[2026-05-23T09:18:30.534+0000] {processor.py:830} INFO - Processing file /opt/airflow/dags/ecommerce_etl_dag.py for tasks to queue
[2026-05-23T09:18:30.536+0000] {logging_mixin.py:188} INFO - [2026-05-23T09:18:30.536+0000] {dagbag.py:545} INFO - Filling up the DagBag from /opt/airflow/dags/ecommerce_etl_dag.py
[2026-05-23T09:18:30.561+0000] {processor.py:840} INFO - DAG(s) 'ecommerce_distributed_dw_etl' retrieved from /opt/airflow/dags/ecommerce_etl_dag.py
[2026-05-23T09:18:30.611+0000] {logging_mixin.py:188} INFO - [2026-05-23T09:18:30.611+0000] {dag.py:3089} INFO - Sync 1 DAGs
[2026-05-23T09:18:30.627+0000] {logging_mixin.py:188} INFO - [2026-05-23T09:18:30.627+0000] {dag.py:3947} INFO - Setting next_dagrun for ecommerce_distributed_dw_etl to None, run_after=None
[2026-05-23T09:18:30.658+0000] {processor.py:183} INFO - Processing /opt/airflow/dags/ecommerce_etl_dag.py took 0.133 seconds
[2026-05-23T09:19:00.721+0000] {processor.py:161} INFO - Started process (PID=414) to work on /opt/airflow/dags/ecommerce_etl_dag.py
[2026-05-23T09:19:00.723+0000] {processor.py:830} INFO - Processing file /opt/airflow/dags/ecommerce_etl_dag.py for tasks to queue
[2026-05-23T09:19:00.725+0000] {logging_mixin.py:188} INFO - [2026-05-23T09:19:00.725+0000] {dagbag.py:545} INFO - Filling up the DagBag from /opt/airflow/dags/ecommerce_etl_dag.py
[2026-05-23T09:19:00.753+0000] {processor.py:840} INFO - DAG(s) 'ecommerce_distributed_dw_etl' retrieved from /opt/airflow/dags/ecommerce_etl_dag.py
[2026-05-23T09:19:00.796+0000] {logging_mixin.py:188} INFO - [2026-05-23T09:19:00.795+0000] {dag.py:3089} INFO - Sync 1 DAGs
[2026-05-23T09:19:00.814+0000] {logging_mixin.py:188} INFO - [2026-05-23T09:19:00.813+0000] {dag.py:3947} INFO - Setting next_dagrun for ecommerce_distributed_dw_etl to None, run_after=None
[2026-05-23T09:19:00.840+0000] {processor.py:183} INFO - Processing /opt/airflow/dags/ecommerce_etl_dag.py took 0.127 seconds
[2026-05-23T09:19:31.031+0000] {processor.py:161} INFO - Started process (PID=419) to work on /opt/airflow/dags/ecommerce_etl_dag.py
[2026-05-23T09:19:31.032+0000] {processor.py:830} INFO - Processing file /opt/airflow/dags/ecommerce_etl_dag.py for tasks to queue
[2026-05-23T09:19:31.034+0000] {logging_mixin.py:188} INFO - [2026-05-23T09:19:31.034+0000] {dagbag.py:545} INFO - Filling up the DagBag from /opt/airflow/dags/ecommerce_etl_dag.py
[2026-05-23T09:19:31.061+0000] {processor.py:840} INFO - DAG(s) 'ecommerce_distributed_dw_etl' retrieved from /opt/airflow/dags/ecommerce_etl_dag.py
[2026-05-23T09:19:31.102+0000] {logging_mixin.py:188} INFO - [2026-05-23T09:19:31.102+0000] {dag.py:3089} INFO - Sync 1 DAGs
[2026-05-23T09:19:31.121+0000] {logging_mixin.py:188} INFO - [2026-05-23T09:19:31.121+0000] {dag.py:3947} INFO - Setting next_dagrun for ecommerce_distributed_dw_etl to None, run_after=None
[2026-05-23T09:19:31.144+0000] {processor.py:183} INFO - Processing /opt/airflow/dags/ecommerce_etl_dag.py took 0.122 seconds
[2026-05-23T09:20:01.201+0000] {processor.py:161} INFO - Started process (PID=424) to work on /opt/airflow/dags/ecommerce_etl_dag.py
[2026-05-23T09:20:01.203+0000] {processor.py:830} INFO - Processing file /opt/airflow/dags/ecommerce_etl_dag.py for tasks to queue
[2026-05-23T09:20:01.206+0000] {logging_mixin.py:188} INFO - [2026-05-23T09:20:01.205+0000] {dagbag.py:545} INFO - Filling up the DagBag from /opt/airflow/dags/ecommerce_etl_dag.py
[2026-05-23T09:20:01.231+0000] {processor.py:840} INFO - DAG(s) 'ecommerce_distributed_dw_etl' retrieved from /opt/airflow/dags/ecommerce_etl_dag.py
[2026-05-23T09:20:01.272+0000] {logging_mixin.py:188} INFO - [2026-05-23T09:20:01.272+0000] {dag.py:3089} INFO - Sync 1 DAGs
[2026-05-23T09:20:01.287+0000] {logging_mixin.py:188} INFO - [2026-05-23T09:20:01.287+0000] {dag.py:3947} INFO - Setting next_dagrun for ecommerce_distributed_dw_etl to None, run_after=None
[2026-05-23T09:20:01.315+0000] {processor.py:183} INFO - Processing /opt/airflow/dags/ecommerce_etl_dag.py took 0.122 seconds
[2026-05-23T09:20:31.605+0000] {processor.py:161} INFO - Started process (PID=429) to work on /opt/airflow/dags/ecommerce_etl_dag.py
[2026-05-23T09:20:31.606+0000] {processor.py:830} INFO - Processing file /opt/airflow/dags/ecommerce_etl_dag.py for tasks to queue
[2026-05-23T09:20:31.609+0000] {logging_mixin.py:188} INFO - [2026-05-23T09:20:31.609+0000] {dagbag.py:545} INFO - Filling up the DagBag from /opt/airflow/dags/ecommerce_etl_dag.py
[2026-05-23T09:20:31.635+0000] {processor.py:840} INFO - DAG(s) 'ecommerce_distributed_dw_etl' retrieved from /opt/airflow/dags/ecommerce_etl_dag.py
[2026-05-23T09:20:31.675+0000] {logging_mixin.py:188} INFO - [2026-05-23T09:20:31.674+0000] {dag.py:3089} INFO - Sync 1 DAGs
[2026-05-23T09:20:31.692+0000] {logging_mixin.py:188} INFO - [2026-05-23T09:20:31.692+0000] {dag.py:3947} INFO - Setting next_dagrun for ecommerce_distributed_dw_etl to None, run_after=None
[2026-05-23T09:20:31.717+0000] {processor.py:183} INFO - Processing /opt/airflow/dags/ecommerce_etl_dag.py took 0.119 seconds
[2026-05-23T09:21:01.901+0000] {processor.py:161} INFO - Started process (PID=434) to work on /opt/airflow/dags/ecommerce_etl_dag.py
[2026-05-23T09:21:01.904+0000] {processor.py:830} INFO - Processing file /opt/airflow/dags/ecommerce_etl_dag.py for tasks to queue
[2026-05-23T09:21:01.912+0000] {logging_mixin.py:188} INFO - [2026-05-23T09:21:01.911+0000] {dagbag.py:545} INFO - Filling up the DagBag from /opt/airflow/dags/ecommerce_etl_dag.py
[2026-05-23T09:21:01.963+0000] {processor.py:840} INFO - DAG(s) 'ecommerce_distributed_dw_etl' retrieved from /opt/airflow/dags/ecommerce_etl_dag.py
[2026-05-23T09:21:02.052+0000] {logging_mixin.py:188} INFO - [2026-05-23T09:21:02.051+0000] {dag.py:3089} INFO - Sync 1 DAGs
[2026-05-23T09:21:02.072+0000] {logging_mixin.py:188} INFO - [2026-05-23T09:21:02.071+0000] {dag.py:3947} INFO - Setting next_dagrun for ecommerce_distributed_dw_etl to None, run_after=None
[2026-05-23T09:21:02.104+0000] {processor.py:183} INFO - Processing /opt/airflow/dags/ecommerce_etl_dag.py took 0.223 seconds
[2026-05-23T09:21:32.197+0000] {processor.py:161} INFO - Started process (PID=439) to work on /opt/airflow/dags/ecommerce_etl_dag.py
[2026-05-23T09:21:32.199+0000] {processor.py:830} INFO - Processing file /opt/airflow/dags/ecommerce_etl_dag.py for tasks to queue
[2026-05-23T09:21:32.204+0000] {logging_mixin.py:188} INFO - [2026-05-23T09:21:32.203+0000] {dagbag.py:545} INFO - Filling up the DagBag from /opt/airflow/dags/ecommerce_etl_dag.py
[2026-05-23T09:21:32.228+0000] {processor.py:840} INFO - DAG(s) 'ecommerce_distributed_dw_etl' retrieved from /opt/airflow/dags/ecommerce_etl_dag.py
[2026-05-23T09:21:32.985+0000] {logging_mixin.py:188} INFO - [2026-05-23T09:21:32.985+0000] {dag.py:3089} INFO - Sync 1 DAGs
[2026-05-23T09:21:33.004+0000] {logging_mixin.py:188} INFO - [2026-05-23T09:21:33.003+0000] {dag.py:3947} INFO - Setting next_dagrun for ecommerce_distributed_dw_etl to None, run_after=None
[2026-05-23T09:21:33.041+0000] {processor.py:183} INFO - Processing /opt/airflow/dags/ecommerce_etl_dag.py took 0.855 seconds
[2026-05-23T09:22:03.252+0000] {processor.py:161} INFO - Started process (PID=444) to work on /opt/airflow/dags/ecommerce_etl_dag.py
[2026-05-23T09:22:03.254+0000] {processor.py:830} INFO - Processing file /opt/airflow/dags/ecommerce_etl_dag.py for tasks to queue
[2026-05-23T09:22:03.258+0000] {logging_mixin.py:188} INFO - [2026-05-23T09:22:03.258+0000] {dagbag.py:545} INFO - Filling up the DagBag from /opt/airflow/dags/ecommerce_etl_dag.py
[2026-05-23T09:22:03.281+0000] {processor.py:840} INFO - DAG(s) 'ecommerce_distributed_dw_etl' retrieved from /opt/airflow/dags/ecommerce_etl_dag.py
[2026-05-23T09:22:03.392+0000] {logging_mixin.py:188} INFO - [2026-05-23T09:22:03.391+0000] {dag.py:3089} INFO - Sync 1 DAGs
[2026-05-23T09:22:03.426+0000] {logging_mixin.py:188} INFO - [2026-05-23T09:22:03.425+0000] {dag.py:3947} INFO - Setting next_dagrun for ecommerce_distributed_dw_etl to None, run_after=None
[2026-05-23T09:22:03.475+0000] {processor.py:183} INFO - Processing /opt/airflow/dags/ecommerce_etl_dag.py took 0.232 seconds
[2026-05-23T09:22:33.670+0000] {processor.py:161} INFO - Started process (PID=449) to work on /opt/airflow/dags/ecommerce_etl_dag.py
[2026-05-23T09:22:33.671+0000] {processor.py:830} INFO - Processing file /opt/airflow/dags/ecommerce_etl_dag.py for tasks to queue
[2026-05-23T09:22:33.674+0000] {logging_mixin.py:188} INFO - [2026-05-23T09:22:33.674+0000] {dagbag.py:545} INFO - Filling up the DagBag from /opt/airflow/dags/ecommerce_etl_dag.py
[2026-05-23T09:22:33.702+0000] {processor.py:840} INFO - DAG(s) 'ecommerce_distributed_dw_etl' retrieved from /opt/airflow/dags/ecommerce_etl_dag.py
[2026-05-23T09:22:33.758+0000] {logging_mixin.py:188} INFO - [2026-05-23T09:22:33.758+0000] {dag.py:3089} INFO - Sync 1 DAGs
[2026-05-23T09:22:33.779+0000] {logging_mixin.py:188} INFO - [2026-05-23T09:22:33.779+0000] {dag.py:3947} INFO - Setting next_dagrun for ecommerce_distributed_dw_etl to None, run_after=None
[2026-05-23T09:22:33.836+0000] {processor.py:183} INFO - Processing /opt/airflow/dags/ecommerce_etl_dag.py took 0.174 seconds
[2026-05-23T09:23:03.915+0000] {processor.py:161} INFO - Started process (PID=454) to work on /opt/airflow/dags/ecommerce_etl_dag.py
[2026-05-23T09:23:03.916+0000] {processor.py:830} INFO - Processing file /opt/airflow/dags/ecommerce_etl_dag.py for tasks to queue
[2026-05-23T09:23:03.919+0000] {logging_mixin.py:188} INFO - [2026-05-23T09:23:03.918+0000] {dagbag.py:545} INFO - Filling up the DagBag from /opt/airflow/dags/ecommerce_etl_dag.py
[2026-05-23T09:23:03.944+0000] {processor.py:840} INFO - DAG(s) 'ecommerce_distributed_dw_etl' retrieved from /opt/airflow/dags/ecommerce_etl_dag.py
[2026-05-23T09:23:03.987+0000] {logging_mixin.py:188} INFO - [2026-05-23T09:23:03.986+0000] {dag.py:3089} INFO - Sync 1 DAGs
[2026-05-23T09:23:04.002+0000] {logging_mixin.py:188} INFO - [2026-05-23T09:23:04.002+0000] {dag.py:3947} INFO - Setting next_dagrun for ecommerce_distributed_dw_etl to None, run_after=None
[2026-05-23T09:23:04.028+0000] {processor.py:183} INFO - Processing /opt/airflow/dags/ecommerce_etl_dag.py took 0.121 seconds
[2026-05-23T09:23:34.230+0000] {processor.py:161} INFO - Started process (PID=459) to work on /opt/airflow/dags/ecommerce_etl_dag.py
[2026-05-23T09:23:34.232+0000] {processor.py:830} INFO - Processing file /opt/airflow/dags/ecommerce_etl_dag.py for tasks to queue
[2026-05-23T09:23:34.234+0000] {logging_mixin.py:188} INFO - [2026-05-23T09:23:34.233+0000] {dagbag.py:545} INFO - Filling up the DagBag from /opt/airflow/dags/ecommerce_etl_dag.py
[2026-05-23T09:23:34.260+0000] {processor.py:840} INFO - DAG(s) 'ecommerce_distributed_dw_etl' retrieved from /opt/airflow/dags/ecommerce_etl_dag.py
[2026-05-23T09:23:34.303+0000] {logging_mixin.py:188} INFO - [2026-05-23T09:23:34.302+0000] {dag.py:3089} INFO - Sync 1 DAGs
[2026-05-23T09:23:34.428+0000] {logging_mixin.py:188} INFO - [2026-05-23T09:23:34.428+0000] {dag.py:3947} INFO - Setting next_dagrun for ecommerce_distributed_dw_etl to None, run_after=None
[2026-05-23T09:23:35.293+0000] {processor.py:183} INFO - Processing /opt/airflow/dags/ecommerce_etl_dag.py took 1.070 seconds
[2026-05-23T09:24:05.495+0000] {processor.py:161} INFO - Started process (PID=464) to work on /opt/airflow/dags/ecommerce_etl_dag.py
[2026-05-23T09:24:05.497+0000] {processor.py:830} INFO - Processing file /opt/airflow/dags/ecommerce_etl_dag.py for tasks to queue
[2026-05-23T09:24:05.501+0000] {logging_mixin.py:188} INFO - [2026-05-23T09:24:05.500+0000] {dagbag.py:545} INFO - Filling up the DagBag from /opt/airflow/dags/ecommerce_etl_dag.py
[2026-05-23T09:24:05.537+0000] {processor.py:840} INFO - DAG(s) 'ecommerce_distributed_dw_etl' retrieved from /opt/airflow/dags/ecommerce_etl_dag.py
[2026-05-23T09:24:05.605+0000] {logging_mixin.py:188} INFO - [2026-05-23T09:24:05.605+0000] {dag.py:3089} INFO - Sync 1 DAGs
[2026-05-23T09:24:05.625+0000] {logging_mixin.py:188} INFO - [2026-05-23T09:24:05.625+0000] {dag.py:3947} INFO - Setting next_dagrun for ecommerce_distributed_dw_etl to None, run_after=None
[2026-05-23T09:24:05.660+0000] {processor.py:183} INFO - Processing /opt/airflow/dags/ecommerce_etl_dag.py took 0.175 seconds
[2026-05-23T09:24:35.872+0000] {processor.py:161} INFO - Started process (PID=469) to work on /opt/airflow/dags/ecommerce_etl_dag.py
[2026-05-23T09:24:35.874+0000] {processor.py:830} INFO - Processing file /opt/airflow/dags/ecommerce_etl_dag.py for tasks to queue
[2026-05-23T09:24:35.877+0000] {logging_mixin.py:188} INFO - [2026-05-23T09:24:35.876+0000] {dagbag.py:545} INFO - Filling up the DagBag from /opt/airflow/dags/ecommerce_etl_dag.py
[2026-05-23T09:24:35.934+0000] {processor.py:840} INFO - DAG(s) 'ecommerce_distributed_dw_etl' retrieved from /opt/airflow/dags/ecommerce_etl_dag.py
[2026-05-23T09:24:35.984+0000] {logging_mixin.py:188} INFO - [2026-05-23T09:24:35.983+0000] {dag.py:3089} INFO - Sync 1 DAGs
[2026-05-23T09:24:36.007+0000] {logging_mixin.py:188} INFO - [2026-05-23T09:24:36.006+0000] {dag.py:3947} INFO - Setting next_dagrun for ecommerce_distributed_dw_etl to None, run_after=None
[2026-05-23T09:24:36.041+0000] {processor.py:183} INFO - Processing /opt/airflow/dags/ecommerce_etl_dag.py took 0.179 seconds
[2026-05-23T09:25:06.261+0000] {processor.py:161} INFO - Started process (PID=474) to work on /opt/airflow/dags/ecommerce_etl_dag.py
[2026-05-23T09:25:06.263+0000] {processor.py:830} INFO - Processing file /opt/airflow/dags/ecommerce_etl_dag.py for tasks to queue
[2026-05-23T09:25:06.266+0000] {logging_mixin.py:188} INFO - [2026-05-23T09:25:06.266+0000] {dagbag.py:545} INFO - Filling up the DagBag from /opt/airflow/dags/ecommerce_etl_dag.py
[2026-05-23T09:25:06.296+0000] {processor.py:840} INFO - DAG(s) 'ecommerce_distributed_dw_etl' retrieved from /opt/airflow/dags/ecommerce_etl_dag.py
[2026-05-23T09:25:06.367+0000] {logging_mixin.py:188} INFO - [2026-05-23T09:25:06.367+0000] {dag.py:3089} INFO - Sync 1 DAGs
[2026-05-23T09:25:06.392+0000] {logging_mixin.py:188} INFO - [2026-05-23T09:25:06.391+0000] {dag.py:3947} INFO - Setting next_dagrun for ecommerce_distributed_dw_etl to None, run_after=None
[2026-05-23T09:25:06.421+0000] {processor.py:183} INFO - Processing /opt/airflow/dags/ecommerce_etl_dag.py took 0.168 seconds
[2026-05-23T09:25:36.704+0000] {processor.py:161} INFO - Started process (PID=479) to work on /opt/airflow/dags/ecommerce_etl_dag.py
[2026-05-23T09:25:36.706+0000] {processor.py:830} INFO - Processing file /opt/airflow/dags/ecommerce_etl_dag.py for tasks to queue
[2026-05-23T09:25:36.709+0000] {logging_mixin.py:188} INFO - [2026-05-23T09:25:36.708+0000] {dagbag.py:545} INFO - Filling up the DagBag from /opt/airflow/dags/ecommerce_etl_dag.py
[2026-05-23T09:25:36.735+0000] {processor.py:840} INFO - DAG(s) 'ecommerce_distributed_dw_etl' retrieved from /opt/airflow/dags/ecommerce_etl_dag.py
[2026-05-23T09:25:36.780+0000] {logging_mixin.py:188} INFO - [2026-05-23T09:25:36.779+0000] {dag.py:3089} INFO - Sync 1 DAGs
[2026-05-23T09:25:36.800+0000] {logging_mixin.py:188} INFO - [2026-05-23T09:25:36.799+0000] {dag.py:3947} INFO - Setting next_dagrun for ecommerce_distributed_dw_etl to None, run_after=None
[2026-05-23T09:25:36.825+0000] {processor.py:183} INFO - Processing /opt/airflow/dags/ecommerce_etl_dag.py took 0.129 seconds
[2026-05-23T09:26:06.902+0000] {processor.py:161} INFO - Started process (PID=484) to work on /opt/airflow/dags/ecommerce_etl_dag.py
[2026-05-23T09:26:06.903+0000] {processor.py:830} INFO - Processing file /opt/airflow/dags/ecommerce_etl_dag.py for tasks to queue
[2026-05-23T09:26:06.906+0000] {logging_mixin.py:188} INFO - [2026-05-23T09:26:06.905+0000] {dagbag.py:545} INFO - Filling up the DagBag from /opt/airflow/dags/ecommerce_etl_dag.py
[2026-05-23T09:26:06.930+0000] {processor.py:840} INFO - DAG(s) 'ecommerce_distributed_dw_etl' retrieved from /opt/airflow/dags/ecommerce_etl_dag.py
[2026-05-23T09:26:06.973+0000] {logging_mixin.py:188} INFO - [2026-05-23T09:26:06.973+0000] {dag.py:3089} INFO - Sync 1 DAGs
[2026-05-23T09:26:06.992+0000] {logging_mixin.py:188} INFO - [2026-05-23T09:26:06.992+0000] {dag.py:3947} INFO - Setting next_dagrun for ecommerce_distributed_dw_etl to None, run_after=None
[2026-05-23T09:26:07.016+0000] {processor.py:183} INFO - Processing /opt/airflow/dags/ecommerce_etl_dag.py took 0.122 seconds
[2026-05-23T09:26:37.209+0000] {processor.py:161} INFO - Started process (PID=489) to work on /opt/airflow/dags/ecommerce_etl_dag.py
[2026-05-23T09:26:37.211+0000] {processor.py:830} INFO - Processing file /opt/airflow/dags/ecommerce_etl_dag.py for tasks to queue
[2026-05-23T09:26:37.214+0000] {logging_mixin.py:188} INFO - [2026-05-23T09:26:37.213+0000] {dagbag.py:545} INFO - Filling up the DagBag from /opt/airflow/dags/ecommerce_etl_dag.py
[2026-05-23T09:26:37.242+0000] {processor.py:840} INFO - DAG(s) 'ecommerce_distributed_dw_etl' retrieved from /opt/airflow/dags/ecommerce_etl_dag.py
[2026-05-23T09:26:37.290+0000] {logging_mixin.py:188} INFO - [2026-05-23T09:26:37.289+0000] {dag.py:3089} INFO - Sync 1 DAGs
[2026-05-23T09:26:37.309+0000] {logging_mixin.py:188} INFO - [2026-05-23T09:26:37.309+0000] {dag.py:3947} INFO - Setting next_dagrun for ecommerce_distributed_dw_etl to None, run_after=None
[2026-05-23T09:26:37.343+0000] {processor.py:183} INFO - Processing /opt/airflow/dags/ecommerce_etl_dag.py took 0.142 seconds
[2026-05-23T09:27:07.440+0000] {processor.py:161} INFO - Started process (PID=494) to work on /opt/airflow/dags/ecommerce_etl_dag.py
[2026-05-23T09:27:07.441+0000] {processor.py:830} INFO - Processing file /opt/airflow/dags/ecommerce_etl_dag.py for tasks to queue
[2026-05-23T09:27:07.444+0000] {logging_mixin.py:188} INFO - [2026-05-23T09:27:07.444+0000] {dagbag.py:545} INFO - Filling up the DagBag from /opt/airflow/dags/ecommerce_etl_dag.py
[2026-05-23T09:27:07.470+0000] {processor.py:840} INFO - DAG(s) 'ecommerce_distributed_dw_etl' retrieved from /opt/airflow/dags/ecommerce_etl_dag.py
[2026-05-23T09:27:07.548+0000] {logging_mixin.py:188} INFO - [2026-05-23T09:27:07.547+0000] {dag.py:3089} INFO - Sync 1 DAGs
[2026-05-23T09:27:07.571+0000] {logging_mixin.py:188} INFO - [2026-05-23T09:27:07.570+0000] {dag.py:3947} INFO - Setting next_dagrun for ecommerce_distributed_dw_etl to None, run_after=None
[2026-05-23T09:27:07.601+0000] {processor.py:183} INFO - Processing /opt/airflow/dags/ecommerce_etl_dag.py took 0.170 seconds
[2026-05-23T09:27:37.910+0000] {processor.py:161} INFO - Started process (PID=499) to work on /opt/airflow/dags/ecommerce_etl_dag.py
[2026-05-23T09:27:37.911+0000] {processor.py:830} INFO - Processing file /opt/airflow/dags/ecommerce_etl_dag.py for tasks to queue
[2026-05-23T09:27:37.913+0000] {logging_mixin.py:188} INFO - [2026-05-23T09:27:37.912+0000] {dagbag.py:545} INFO - Filling up the DagBag from /opt/airflow/dags/ecommerce_etl_dag.py
[2026-05-23T09:27:37.952+0000] {processor.py:840} INFO - DAG(s) 'ecommerce_distributed_dw_etl' retrieved from /opt/airflow/dags/ecommerce_etl_dag.py
[2026-05-23T09:27:37.992+0000] {logging_mixin.py:188} INFO - [2026-05-23T09:27:37.992+0000] {dag.py:3089} INFO - Sync 1 DAGs
[2026-05-23T09:27:38.009+0000] {logging_mixin.py:188} INFO - [2026-05-23T09:27:38.009+0000] {dag.py:3947} INFO - Setting next_dagrun for ecommerce_distributed_dw_etl to None, run_after=None
[2026-05-23T09:27:38.035+0000] {processor.py:183} INFO - Processing /opt/airflow/dags/ecommerce_etl_dag.py took 0.133 seconds
[2026-05-23T09:28:08.519+0000] {processor.py:161} INFO - Started process (PID=504) to work on /opt/airflow/dags/ecommerce_etl_dag.py
[2026-05-23T09:28:08.520+0000] {processor.py:830} INFO - Processing file /opt/airflow/dags/ecommerce_etl_dag.py for tasks to queue
[2026-05-23T09:28:08.525+0000] {logging_mixin.py:188} INFO - [2026-05-23T09:28:08.525+0000] {dagbag.py:545} INFO - Filling up the DagBag from /opt/airflow/dags/ecommerce_etl_dag.py
[2026-05-23T09:28:08.555+0000] {processor.py:840} INFO - DAG(s) 'ecommerce_distributed_dw_etl' retrieved from /opt/airflow/dags/ecommerce_etl_dag.py
[2026-05-23T09:28:08.691+0000] {logging_mixin.py:188} INFO - [2026-05-23T09:28:08.691+0000] {dag.py:3089} INFO - Sync 1 DAGs
[2026-05-23T09:28:08.908+0000] {logging_mixin.py:188} INFO - [2026-05-23T09:28:08.908+0000] {dag.py:3947} INFO - Setting next_dagrun for ecommerce_distributed_dw_etl to None, run_after=None
[2026-05-23T09:28:09.117+0000] {processor.py:183} INFO - Processing /opt/airflow/dags/ecommerce_etl_dag.py took 0.607 seconds
[2026-05-23T09:28:39.372+0000] {processor.py:161} INFO - Started process (PID=509) to work on /opt/airflow/dags/ecommerce_etl_dag.py
[2026-05-23T09:28:39.374+0000] {processor.py:830} INFO - Processing file /opt/airflow/dags/ecommerce_etl_dag.py for tasks to queue
[2026-05-23T09:28:39.377+0000] {logging_mixin.py:188} INFO - [2026-05-23T09:28:39.376+0000] {dagbag.py:545} INFO - Filling up the DagBag from /opt/airflow/dags/ecommerce_etl_dag.py
[2026-05-23T09:28:39.398+0000] {processor.py:840} INFO - DAG(s) 'ecommerce_distributed_dw_etl' retrieved from /opt/airflow/dags/ecommerce_etl_dag.py
[2026-05-23T09:28:39.440+0000] {logging_mixin.py:188} INFO - [2026-05-23T09:28:39.440+0000] {dag.py:3089} INFO - Sync 1 DAGs
[2026-05-23T09:28:39.459+0000] {logging_mixin.py:188} INFO - [2026-05-23T09:28:39.458+0000] {dag.py:3947} INFO - Setting next_dagrun for ecommerce_distributed_dw_etl to None, run_after=None
[2026-05-23T09:28:39.488+0000] {processor.py:183} INFO - Processing /opt/airflow/dags/ecommerce_etl_dag.py took 0.122 seconds
[2026-05-23T09:29:09.565+0000] {processor.py:161} INFO - Started process (PID=514) to work on /opt/airflow/dags/ecommerce_etl_dag.py
[2026-05-23T09:29:09.567+0000] {processor.py:830} INFO - Processing file /opt/airflow/dags/ecommerce_etl_dag.py for tasks to queue
[2026-05-23T09:29:09.569+0000] {logging_mixin.py:188} INFO - [2026-05-23T09:29:09.569+0000] {dagbag.py:545} INFO - Filling up the DagBag from /opt/airflow/dags/ecommerce_etl_dag.py
[2026-05-23T09:29:09.592+0000] {processor.py:840} INFO - DAG(s) 'ecommerce_distributed_dw_etl' retrieved from /opt/airflow/dags/ecommerce_etl_dag.py
[2026-05-23T09:29:09.632+0000] {logging_mixin.py:188} INFO - [2026-05-23T09:29:09.632+0000] {dag.py:3089} INFO - Sync 1 DAGs
[2026-05-23T09:29:09.649+0000] {logging_mixin.py:188} INFO - [2026-05-23T09:29:09.648+0000] {dag.py:3947} INFO - Setting next_dagrun for ecommerce_distributed_dw_etl to None, run_after=None
[2026-05-23T09:29:09.674+0000] {processor.py:183} INFO - Processing /opt/airflow/dags/ecommerce_etl_dag.py took 0.116 seconds
[2026-05-23T09:29:39.971+0000] {processor.py:161} INFO - Started process (PID=519) to work on /opt/airflow/dags/ecommerce_etl_dag.py
[2026-05-23T09:29:39.973+0000] {processor.py:830} INFO - Processing file /opt/airflow/dags/ecommerce_etl_dag.py for tasks to queue
[2026-05-23T09:29:39.979+0000] {logging_mixin.py:188} INFO - [2026-05-23T09:29:39.978+0000] {dagbag.py:545} INFO - Filling up the DagBag from /opt/airflow/dags/ecommerce_etl_dag.py
[2026-05-23T09:29:40.031+0000] {processor.py:840} INFO - DAG(s) 'ecommerce_distributed_dw_etl' retrieved from /opt/airflow/dags/ecommerce_etl_dag.py
[2026-05-23T09:29:40.082+0000] {logging_mixin.py:188} INFO - [2026-05-23T09:29:40.082+0000] {dag.py:3089} INFO - Sync 1 DAGs
[2026-05-23T09:29:40.105+0000] {logging_mixin.py:188} INFO - [2026-05-23T09:29:40.105+0000] {dag.py:3947} INFO - Setting next_dagrun for ecommerce_distributed_dw_etl to None, run_after=None
[2026-05-23T09:29:40.382+0000] {processor.py:183} INFO - Processing /opt/airflow/dags/ecommerce_etl_dag.py took 0.430 seconds
[2026-05-23T09:30:10.735+0000] {processor.py:161} INFO - Started process (PID=524) to work on /opt/airflow/dags/ecommerce_etl_dag.py
[2026-05-23T09:30:10.740+0000] {processor.py:830} INFO - Processing file /opt/airflow/dags/ecommerce_etl_dag.py for tasks to queue
[2026-05-23T09:30:10.744+0000] {logging_mixin.py:188} INFO - [2026-05-23T09:30:10.744+0000] {dagbag.py:545} INFO - Filling up the DagBag from /opt/airflow/dags/ecommerce_etl_dag.py
[2026-05-23T09:30:10.777+0000] {processor.py:840} INFO - DAG(s) 'ecommerce_distributed_dw_etl' retrieved from /opt/airflow/dags/ecommerce_etl_dag.py
[2026-05-23T09:30:10.822+0000] {logging_mixin.py:188} INFO - [2026-05-23T09:30:10.822+0000] {dag.py:3089} INFO - Sync 1 DAGs
[2026-05-23T09:30:10.839+0000] {logging_mixin.py:188} INFO - [2026-05-23T09:30:10.838+0000] {dag.py:3947} INFO - Setting next_dagrun for ecommerce_distributed_dw_etl to None, run_after=None
[2026-05-23T09:30:10.887+0000] {processor.py:183} INFO - Processing /opt/airflow/dags/ecommerce_etl_dag.py took 0.168 seconds
[2026-05-23T09:30:41.111+0000] {processor.py:161} INFO - Started process (PID=529) to work on /opt/airflow/dags/ecommerce_etl_dag.py
[2026-05-23T09:30:41.113+0000] {processor.py:830} INFO - Processing file /opt/airflow/dags/ecommerce_etl_dag.py for tasks to queue
[2026-05-23T09:30:41.116+0000] {logging_mixin.py:188} INFO - [2026-05-23T09:30:41.116+0000] {dagbag.py:545} INFO - Filling up the DagBag from /opt/airflow/dags/ecommerce_etl_dag.py
[2026-05-23T09:30:41.141+0000] {processor.py:840} INFO - DAG(s) 'ecommerce_distributed_dw_etl' retrieved from /opt/airflow/dags/ecommerce_etl_dag.py
[2026-05-23T09:30:41.180+0000] {logging_mixin.py:188} INFO - [2026-05-23T09:30:41.179+0000] {dag.py:3089} INFO - Sync 1 DAGs
[2026-05-23T09:30:41.195+0000] {logging_mixin.py:188} INFO - [2026-05-23T09:30:41.195+0000] {dag.py:3947} INFO - Setting next_dagrun for ecommerce_distributed_dw_etl to None, run_after=None
[2026-05-23T09:30:41.220+0000] {processor.py:183} INFO - Processing /opt/airflow/dags/ecommerce_etl_dag.py took 0.118 seconds
[2026-05-23T09:31:11.313+0000] {processor.py:161} INFO - Started process (PID=534) to work on /opt/airflow/dags/ecommerce_etl_dag.py
[2026-05-23T09:31:11.315+0000] {processor.py:830} INFO - Processing file /opt/airflow/dags/ecommerce_etl_dag.py for tasks to queue
[2026-05-23T09:31:11.317+0000] {logging_mixin.py:188} INFO - [2026-05-23T09:31:11.317+0000] {dagbag.py:545} INFO - Filling up the DagBag from /opt/airflow/dags/ecommerce_etl_dag.py
[2026-05-23T09:31:11.344+0000] {processor.py:840} INFO - DAG(s) 'ecommerce_distributed_dw_etl' retrieved from /opt/airflow/dags/ecommerce_etl_dag.py
[2026-05-23T09:31:11.385+0000] {logging_mixin.py:188} INFO - [2026-05-23T09:31:11.385+0000] {dag.py:3089} INFO - Sync 1 DAGs
[2026-05-23T09:31:11.405+0000] {logging_mixin.py:188} INFO - [2026-05-23T09:31:11.404+0000] {dag.py:3947} INFO - Setting next_dagrun for ecommerce_distributed_dw_etl to None, run_after=None
[2026-05-23T09:31:11.435+0000] {processor.py:183} INFO - Processing /opt/airflow/dags/ecommerce_etl_dag.py took 0.132 seconds
[2026-05-23T09:31:41.674+0000] {processor.py:161} INFO - Started process (PID=539) to work on /opt/airflow/dags/ecommerce_etl_dag.py
[2026-05-23T09:31:41.675+0000] {processor.py:830} INFO - Processing file /opt/airflow/dags/ecommerce_etl_dag.py for tasks to queue
[2026-05-23T09:31:41.678+0000] {logging_mixin.py:188} INFO - [2026-05-23T09:31:41.677+0000] {dagbag.py:545} INFO - Filling up the DagBag from /opt/airflow/dags/ecommerce_etl_dag.py
[2026-05-23T09:31:41.700+0000] {processor.py:840} INFO - DAG(s) 'ecommerce_distributed_dw_etl' retrieved from /opt/airflow/dags/ecommerce_etl_dag.py
[2026-05-23T09:31:41.738+0000] {logging_mixin.py:188} INFO - [2026-05-23T09:31:41.737+0000] {dag.py:3089} INFO - Sync 1 DAGs
[2026-05-23T09:31:41.754+0000] {logging_mixin.py:188} INFO - [2026-05-23T09:31:41.754+0000] {dag.py:3947} INFO - Setting next_dagrun for ecommerce_distributed_dw_etl to None, run_after=None
[2026-05-23T09:31:41.782+0000] {processor.py:183} INFO - Processing /opt/airflow/dags/ecommerce_etl_dag.py took 0.115 seconds
[2026-05-23T09:32:11.880+0000] {processor.py:161} INFO - Started process (PID=544) to work on /opt/airflow/dags/ecommerce_etl_dag.py
[2026-05-23T09:32:11.882+0000] {processor.py:830} INFO - Processing file /opt/airflow/dags/ecommerce_etl_dag.py for tasks to queue
[2026-05-23T09:32:11.885+0000] {logging_mixin.py:188} INFO - [2026-05-23T09:32:11.884+0000] {dagbag.py:545} INFO - Filling up the DagBag from /opt/airflow/dags/ecommerce_etl_dag.py
[2026-05-23T09:32:11.906+0000] {processor.py:840} INFO - DAG(s) 'ecommerce_distributed_dw_etl' retrieved from /opt/airflow/dags/ecommerce_etl_dag.py
[2026-05-23T09:32:11.947+0000] {logging_mixin.py:188} INFO - [2026-05-23T09:32:11.947+0000] {dag.py:3089} INFO - Sync 1 DAGs
[2026-05-23T09:32:11.963+0000] {logging_mixin.py:188} INFO - [2026-05-23T09:32:11.963+0000] {dag.py:3947} INFO - Setting next_dagrun for ecommerce_distributed_dw_etl to None, run_after=None
[2026-05-23T09:32:12.012+0000] {processor.py:183} INFO - Processing /opt/airflow/dags/ecommerce_etl_dag.py took 0.139 seconds
[2026-05-23T09:32:42.175+0000] {processor.py:161} INFO - Started process (PID=549) to work on /opt/airflow/dags/ecommerce_etl_dag.py
[2026-05-23T09:32:42.177+0000] {processor.py:830} INFO - Processing file /opt/airflow/dags/ecommerce_etl_dag.py for tasks to queue
[2026-05-23T09:32:42.181+0000] {logging_mixin.py:188} INFO - [2026-05-23T09:32:42.181+0000] {dagbag.py:545} INFO - Filling up the DagBag from /opt/airflow/dags/ecommerce_etl_dag.py
[2026-05-23T09:32:42.212+0000] {processor.py:840} INFO - DAG(s) 'ecommerce_distributed_dw_etl' retrieved from /opt/airflow/dags/ecommerce_etl_dag.py
[2026-05-23T09:32:42.264+0000] {logging_mixin.py:188} INFO - [2026-05-23T09:32:42.264+0000] {dag.py:3089} INFO - Sync 1 DAGs
[2026-05-23T09:32:42.280+0000] {logging_mixin.py:188} INFO - [2026-05-23T09:32:42.279+0000] {dag.py:3947} INFO - Setting next_dagrun for ecommerce_distributed_dw_etl to None, run_after=None
[2026-05-23T09:32:42.336+0000] {processor.py:183} INFO - Processing /opt/airflow/dags/ecommerce_etl_dag.py took 0.171 seconds
[2026-05-23T09:33:12.589+0000] {processor.py:161} INFO - Started process (PID=554) to work on /opt/airflow/dags/ecommerce_etl_dag.py
[2026-05-23T09:33:12.590+0000] {processor.py:830} INFO - Processing file /opt/airflow/dags/ecommerce_etl_dag.py for tasks to queue
[2026-05-23T09:33:12.592+0000] {logging_mixin.py:188} INFO - [2026-05-23T09:33:12.592+0000] {dagbag.py:545} INFO - Filling up the DagBag from /opt/airflow/dags/ecommerce_etl_dag.py
[2026-05-23T09:33:12.616+0000] {processor.py:840} INFO - DAG(s) 'ecommerce_distributed_dw_etl' retrieved from /opt/airflow/dags/ecommerce_etl_dag.py
[2026-05-23T09:33:12.657+0000] {logging_mixin.py:188} INFO - [2026-05-23T09:33:12.656+0000] {dag.py:3089} INFO - Sync 1 DAGs
[2026-05-23T09:33:12.672+0000] {logging_mixin.py:188} INFO - [2026-05-23T09:33:12.672+0000] {dag.py:3947} INFO - Setting next_dagrun for ecommerce_distributed_dw_etl to None, run_after=None
[2026-05-23T09:33:12.736+0000] {processor.py:183} INFO - Processing /opt/airflow/dags/ecommerce_etl_dag.py took 0.155 seconds
[2026-05-23T09:33:43.014+0000] {processor.py:161} INFO - Started process (PID=559) to work on /opt/airflow/dags/ecommerce_etl_dag.py
[2026-05-23T09:33:43.016+0000] {processor.py:830} INFO - Processing file /opt/airflow/dags/ecommerce_etl_dag.py for tasks to queue
[2026-05-23T09:33:43.020+0000] {logging_mixin.py:188} INFO - [2026-05-23T09:33:43.019+0000] {dagbag.py:545} INFO - Filling up the DagBag from /opt/airflow/dags/ecommerce_etl_dag.py
[2026-05-23T09:33:43.055+0000] {processor.py:840} INFO - DAG(s) 'ecommerce_distributed_dw_etl' retrieved from /opt/airflow/dags/ecommerce_etl_dag.py
[2026-05-23T09:33:43.104+0000] {logging_mixin.py:188} INFO - [2026-05-23T09:33:43.104+0000] {dag.py:3089} INFO - Sync 1 DAGs
[2026-05-23T09:33:43.124+0000] {logging_mixin.py:188} INFO - [2026-05-23T09:33:43.124+0000] {dag.py:3947} INFO - Setting next_dagrun for ecommerce_distributed_dw_etl to None, run_after=None
[2026-05-23T09:33:43.176+0000] {processor.py:183} INFO - Processing /opt/airflow/dags/ecommerce_etl_dag.py took 0.174 seconds
[2026-05-23T09:34:13.383+0000] {processor.py:161} INFO - Started process (PID=564) to work on /opt/airflow/dags/ecommerce_etl_dag.py
[2026-05-23T09:34:13.384+0000] {processor.py:830} INFO - Processing file /opt/airflow/dags/ecommerce_etl_dag.py for tasks to queue
[2026-05-23T09:34:13.387+0000] {logging_mixin.py:188} INFO - [2026-05-23T09:34:13.386+0000] {dagbag.py:545} INFO - Filling up the DagBag from /opt/airflow/dags/ecommerce_etl_dag.py
[2026-05-23T09:34:13.411+0000] {processor.py:840} INFO - DAG(s) 'ecommerce_distributed_dw_etl' retrieved from /opt/airflow/dags/ecommerce_etl_dag.py
[2026-05-23T09:34:13.452+0000] {logging_mixin.py:188} INFO - [2026-05-23T09:34:13.452+0000] {dag.py:3089} INFO - Sync 1 DAGs
[2026-05-23T09:34:13.469+0000] {logging_mixin.py:188} INFO - [2026-05-23T09:34:13.468+0000] {dag.py:3947} INFO - Setting next_dagrun for ecommerce_distributed_dw_etl to None, run_after=None
[2026-05-23T09:34:13.493+0000] {processor.py:183} INFO - Processing /opt/airflow/dags/ecommerce_etl_dag.py took 0.119 seconds
[2026-05-23T09:34:44.147+0000] {processor.py:161} INFO - Started process (PID=569) to work on /opt/airflow/dags/ecommerce_etl_dag.py
[2026-05-23T09:34:44.148+0000] {processor.py:830} INFO - Processing file /opt/airflow/dags/ecommerce_etl_dag.py for tasks to queue
[2026-05-23T09:34:44.154+0000] {logging_mixin.py:188} INFO - [2026-05-23T09:34:44.153+0000] {dagbag.py:545} INFO - Filling up the DagBag from /opt/airflow/dags/ecommerce_etl_dag.py
[2026-05-23T09:34:44.278+0000] {processor.py:840} INFO - DAG(s) 'ecommerce_distributed_dw_etl' retrieved from /opt/airflow/dags/ecommerce_etl_dag.py
[2026-05-23T09:34:44.697+0000] {logging_mixin.py:188} INFO - [2026-05-23T09:34:44.697+0000] {dag.py:3089} INFO - Sync 1 DAGs
[2026-05-23T09:34:45.743+0000] {logging_mixin.py:188} INFO - [2026-05-23T09:34:45.742+0000] {dag.py:3947} INFO - Setting next_dagrun for ecommerce_distributed_dw_etl to None, run_after=None
[2026-05-23T09:34:45.838+0000] {processor.py:183} INFO - Processing /opt/airflow/dags/ecommerce_etl_dag.py took 1.812 seconds
[2026-05-23T09:35:16.094+0000] {processor.py:161} INFO - Started process (PID=574) to work on /opt/airflow/dags/ecommerce_etl_dag.py
[2026-05-23T09:35:16.095+0000] {processor.py:830} INFO - Processing file /opt/airflow/dags/ecommerce_etl_dag.py for tasks to queue
[2026-05-23T09:35:16.097+0000] {logging_mixin.py:188} INFO - [2026-05-23T09:35:16.097+0000] {dagbag.py:545} INFO - Filling up the DagBag from /opt/airflow/dags/ecommerce_etl_dag.py
[2026-05-23T09:35:16.121+0000] {processor.py:840} INFO - DAG(s) 'ecommerce_distributed_dw_etl' retrieved from /opt/airflow/dags/ecommerce_etl_dag.py
[2026-05-23T09:35:16.162+0000] {logging_mixin.py:188} INFO - [2026-05-23T09:35:16.162+0000] {dag.py:3089} INFO - Sync 1 DAGs
[2026-05-23T09:35:16.178+0000] {logging_mixin.py:188} INFO - [2026-05-23T09:35:16.178+0000] {dag.py:3947} INFO - Setting next_dagrun for ecommerce_distributed_dw_etl to None, run_after=None
[2026-05-23T09:35:16.225+0000] {processor.py:183} INFO - Processing /opt/airflow/dags/ecommerce_etl_dag.py took 0.139 seconds
[2026-05-23T09:35:46.413+0000] {processor.py:161} INFO - Started process (PID=579) to work on /opt/airflow/dags/ecommerce_etl_dag.py
[2026-05-23T09:35:46.414+0000] {processor.py:830} INFO - Processing file /opt/airflow/dags/ecommerce_etl_dag.py for tasks to queue
[2026-05-23T09:35:46.418+0000] {logging_mixin.py:188} INFO - [2026-05-23T09:35:46.417+0000] {dagbag.py:545} INFO - Filling up the DagBag from /opt/airflow/dags/ecommerce_etl_dag.py
[2026-05-23T09:35:46.448+0000] {processor.py:840} INFO - DAG(s) 'ecommerce_distributed_dw_etl' retrieved from /opt/airflow/dags/ecommerce_etl_dag.py
[2026-05-23T09:35:46.533+0000] {logging_mixin.py:188} INFO - [2026-05-23T09:35:46.533+0000] {dag.py:3089} INFO - Sync 1 DAGs
[2026-05-23T09:35:46.555+0000] {logging_mixin.py:188} INFO - [2026-05-23T09:35:46.554+0000] {dag.py:3947} INFO - Setting next_dagrun for ecommerce_distributed_dw_etl to None, run_after=None
[2026-05-23T09:35:46.583+0000] {processor.py:183} INFO - Processing /opt/airflow/dags/ecommerce_etl_dag.py took 0.180 seconds
[2026-05-23T09:36:16.805+0000] {processor.py:161} INFO - Started process (PID=584) to work on /opt/airflow/dags/ecommerce_etl_dag.py
[2026-05-23T09:36:16.807+0000] {processor.py:830} INFO - Processing file /opt/airflow/dags/ecommerce_etl_dag.py for tasks to queue
[2026-05-23T09:36:16.811+0000] {logging_mixin.py:188} INFO - [2026-05-23T09:36:16.810+0000] {dagbag.py:545} INFO - Filling up the DagBag from /opt/airflow/dags/ecommerce_etl_dag.py
[2026-05-23T09:36:16.837+0000] {processor.py:840} INFO - DAG(s) 'ecommerce_distributed_dw_etl' retrieved from /opt/airflow/dags/ecommerce_etl_dag.py
[2026-05-23T09:36:16.882+0000] {logging_mixin.py:188} INFO - [2026-05-23T09:36:16.881+0000] {dag.py:3089} INFO - Sync 1 DAGs
[2026-05-23T09:36:16.898+0000] {logging_mixin.py:188} INFO - [2026-05-23T09:36:16.898+0000] {dag.py:3947} INFO - Setting next_dagrun for ecommerce_distributed_dw_etl to None, run_after=None
[2026-05-23T09:36:16.923+0000] {processor.py:183} INFO - Processing /opt/airflow/dags/ecommerce_etl_dag.py took 0.128 seconds
[2026-05-23T09:36:46.985+0000] {processor.py:161} INFO - Started process (PID=589) to work on /opt/airflow/dags/ecommerce_etl_dag.py
[2026-05-23T09:36:46.987+0000] {processor.py:830} INFO - Processing file /opt/airflow/dags/ecommerce_etl_dag.py for tasks to queue
[2026-05-23T09:36:46.989+0000] {logging_mixin.py:188} INFO - [2026-05-23T09:36:46.989+0000] {dagbag.py:545} INFO - Filling up the DagBag from /opt/airflow/dags/ecommerce_etl_dag.py
[2026-05-23T09:36:47.017+0000] {processor.py:840} INFO - DAG(s) 'ecommerce_distributed_dw_etl' retrieved from /opt/airflow/dags/ecommerce_etl_dag.py
[2026-05-23T09:36:47.066+0000] {logging_mixin.py:188} INFO - [2026-05-23T09:36:47.065+0000] {dag.py:3089} INFO - Sync 1 DAGs
[2026-05-23T09:36:47.084+0000] {logging_mixin.py:188} INFO - [2026-05-23T09:36:47.084+0000] {dag.py:3947} INFO - Setting next_dagrun for ecommerce_distributed_dw_etl to None, run_after=None
[2026-05-23T09:36:47.123+0000] {processor.py:183} INFO - Processing /opt/airflow/dags/ecommerce_etl_dag.py took 0.149 seconds
[2026-05-23T09:37:17.322+0000] {processor.py:161} INFO - Started process (PID=594) to work on /opt/airflow/dags/ecommerce_etl_dag.py
[2026-05-23T09:37:17.323+0000] {processor.py:830} INFO - Processing file /opt/airflow/dags/ecommerce_etl_dag.py for tasks to queue
[2026-05-23T09:37:17.325+0000] {logging_mixin.py:188} INFO - [2026-05-23T09:37:17.325+0000] {dagbag.py:545} INFO - Filling up the DagBag from /opt/airflow/dags/ecommerce_etl_dag.py
[2026-05-23T09:37:17.349+0000] {processor.py:840} INFO - DAG(s) 'ecommerce_distributed_dw_etl' retrieved from /opt/airflow/dags/ecommerce_etl_dag.py
[2026-05-23T09:37:17.386+0000] {logging_mixin.py:188} INFO - [2026-05-23T09:37:17.385+0000] {dag.py:3089} INFO - Sync 1 DAGs
[2026-05-23T09:37:17.402+0000] {logging_mixin.py:188} INFO - [2026-05-23T09:37:17.402+0000] {dag.py:3947} INFO - Setting next_dagrun for ecommerce_distributed_dw_etl to None, run_after=None
[2026-05-23T09:37:17.431+0000] {processor.py:183} INFO - Processing /opt/airflow/dags/ecommerce_etl_dag.py took 0.116 seconds
