[2026-05-27T15:21:33.227+0000] {processor.py:161} INFO - Started process (PID=185) to work on /opt/airflow/dags/ecommerce_etl_dag.py
[2026-05-27T15:21:33.229+0000] {processor.py:830} INFO - Processing file /opt/airflow/dags/ecommerce_etl_dag.py for tasks to queue
[2026-05-27T15:21:33.232+0000] {logging_mixin.py:188} INFO - [2026-05-27T15:21:33.231+0000] {dagbag.py:545} INFO - Filling up the DagBag from /opt/airflow/dags/ecommerce_etl_dag.py
[2026-05-27T15:21:33.292+0000] {processor.py:840} INFO - DAG(s) 'ecommerce_distributed_dw_etl' retrieved from /opt/airflow/dags/ecommerce_etl_dag.py
[2026-05-27T15:21:33.794+0000] {logging_mixin.py:188} INFO - [2026-05-27T15:21:33.792+0000] {override.py:1858} INFO - Created Permission View: can edit on DAG:ecommerce_distributed_dw_etl
[2026-05-27T15:21:33.810+0000] {logging_mixin.py:188} INFO - [2026-05-27T15:21:33.809+0000] {override.py:1858} INFO - Created Permission View: can read on DAG:ecommerce_distributed_dw_etl
[2026-05-27T15:21:33.821+0000] {logging_mixin.py:188} INFO - [2026-05-27T15:21:33.820+0000] {override.py:1858} INFO - Created Permission View: can delete on DAG:ecommerce_distributed_dw_etl
[2026-05-27T15:21:33.822+0000] {logging_mixin.py:188} INFO - [2026-05-27T15:21:33.822+0000] {dag.py:3089} INFO - Sync 1 DAGs
[2026-05-27T15:21:33.839+0000] {logging_mixin.py:188} INFO - [2026-05-27T15:21:33.839+0000] {dag.py:3111} INFO - Creating ORM DAG for ecommerce_distributed_dw_etl
[2026-05-27T15:21:33.840+0000] {logging_mixin.py:188} INFO - [2026-05-27T15:21:33.840+0000] {dag.py:3947} INFO - Setting next_dagrun for ecommerce_distributed_dw_etl to None, run_after=None
[2026-05-27T15:21:33.875+0000] {processor.py:183} INFO - Processing /opt/airflow/dags/ecommerce_etl_dag.py took 0.659 seconds
[2026-05-27T15:22:04.295+0000] {processor.py:161} INFO - Started process (PID=190) to work on /opt/airflow/dags/ecommerce_etl_dag.py
[2026-05-27T15:22:04.297+0000] {processor.py:830} INFO - Processing file /opt/airflow/dags/ecommerce_etl_dag.py for tasks to queue
[2026-05-27T15:22:04.301+0000] {logging_mixin.py:188} INFO - [2026-05-27T15:22:04.301+0000] {dagbag.py:545} INFO - Filling up the DagBag from /opt/airflow/dags/ecommerce_etl_dag.py
[2026-05-27T15:22:04.351+0000] {processor.py:840} INFO - DAG(s) 'ecommerce_distributed_dw_etl' retrieved from /opt/airflow/dags/ecommerce_etl_dag.py
[2026-05-27T15:22:04.427+0000] {logging_mixin.py:188} INFO - [2026-05-27T15:22:04.426+0000] {dag.py:3089} INFO - Sync 1 DAGs
[2026-05-27T15:22:04.450+0000] {logging_mixin.py:188} INFO - [2026-05-27T15:22:04.450+0000] {dag.py:3947} INFO - Setting next_dagrun for ecommerce_distributed_dw_etl to None, run_after=None
[2026-05-27T15:22:04.501+0000] {processor.py:183} INFO - Processing /opt/airflow/dags/ecommerce_etl_dag.py took 0.218 seconds
[2026-05-27T15:22:34.742+0000] {processor.py:161} INFO - Started process (PID=195) to work on /opt/airflow/dags/ecommerce_etl_dag.py
[2026-05-27T15:22:34.743+0000] {processor.py:830} INFO - Processing file /opt/airflow/dags/ecommerce_etl_dag.py for tasks to queue
[2026-05-27T15:22:34.745+0000] {logging_mixin.py:188} INFO - [2026-05-27T15:22:34.745+0000] {dagbag.py:545} INFO - Filling up the DagBag from /opt/airflow/dags/ecommerce_etl_dag.py
[2026-05-27T15:22:34.772+0000] {processor.py:840} INFO - DAG(s) 'ecommerce_distributed_dw_etl' retrieved from /opt/airflow/dags/ecommerce_etl_dag.py
[2026-05-27T15:22:34.838+0000] {logging_mixin.py:188} INFO - [2026-05-27T15:22:34.837+0000] {dag.py:3089} INFO - Sync 1 DAGs
[2026-05-27T15:22:34.861+0000] {logging_mixin.py:188} INFO - [2026-05-27T15:22:34.860+0000] {dag.py:3947} INFO - Setting next_dagrun for ecommerce_distributed_dw_etl to None, run_after=None
[2026-05-27T15:22:34.974+0000] {processor.py:183} INFO - Processing /opt/airflow/dags/ecommerce_etl_dag.py took 0.241 seconds
[2026-05-27T15:23:05.707+0000] {processor.py:161} INFO - Started process (PID=200) to work on /opt/airflow/dags/ecommerce_etl_dag.py
[2026-05-27T15:23:05.712+0000] {processor.py:830} INFO - Processing file /opt/airflow/dags/ecommerce_etl_dag.py for tasks to queue
[2026-05-27T15:23:05.720+0000] {logging_mixin.py:188} INFO - [2026-05-27T15:23:05.718+0000] {dagbag.py:545} INFO - Filling up the DagBag from /opt/airflow/dags/ecommerce_etl_dag.py
[2026-05-27T15:23:05.805+0000] {processor.py:840} INFO - DAG(s) 'ecommerce_distributed_dw_etl' retrieved from /opt/airflow/dags/ecommerce_etl_dag.py
[2026-05-27T15:23:05.938+0000] {logging_mixin.py:188} INFO - [2026-05-27T15:23:05.937+0000] {dag.py:3089} INFO - Sync 1 DAGs
[2026-05-27T15:23:06.011+0000] {logging_mixin.py:188} INFO - [2026-05-27T15:23:06.007+0000] {dag.py:3947} INFO - Setting next_dagrun for ecommerce_distributed_dw_etl to None, run_after=None
[2026-05-27T15:23:06.119+0000] {processor.py:183} INFO - Processing /opt/airflow/dags/ecommerce_etl_dag.py took 0.435 seconds
[2026-05-27T15:23:36.712+0000] {processor.py:161} INFO - Started process (PID=205) to work on /opt/airflow/dags/ecommerce_etl_dag.py
[2026-05-27T15:23:36.716+0000] {processor.py:830} INFO - Processing file /opt/airflow/dags/ecommerce_etl_dag.py for tasks to queue
[2026-05-27T15:23:36.743+0000] {logging_mixin.py:188} INFO - [2026-05-27T15:23:36.741+0000] {dagbag.py:545} INFO - Filling up the DagBag from /opt/airflow/dags/ecommerce_etl_dag.py
[2026-05-27T15:23:36.831+0000] {processor.py:840} INFO - DAG(s) 'ecommerce_distributed_dw_etl' retrieved from /opt/airflow/dags/ecommerce_etl_dag.py
[2026-05-27T15:23:36.904+0000] {logging_mixin.py:188} INFO - [2026-05-27T15:23:36.904+0000] {dag.py:3089} INFO - Sync 1 DAGs
[2026-05-27T15:23:36.937+0000] {logging_mixin.py:188} INFO - [2026-05-27T15:23:36.936+0000] {dag.py:3947} INFO - Setting next_dagrun for ecommerce_distributed_dw_etl to None, run_after=None
[2026-05-27T15:23:36.984+0000] {processor.py:183} INFO - Processing /opt/airflow/dags/ecommerce_etl_dag.py took 0.307 seconds
[2026-05-27T15:24:07.271+0000] {processor.py:161} INFO - Started process (PID=210) to work on /opt/airflow/dags/ecommerce_etl_dag.py
[2026-05-27T15:24:07.273+0000] {processor.py:830} INFO - Processing file /opt/airflow/dags/ecommerce_etl_dag.py for tasks to queue
[2026-05-27T15:24:07.275+0000] {logging_mixin.py:188} INFO - [2026-05-27T15:24:07.275+0000] {dagbag.py:545} INFO - Filling up the DagBag from /opt/airflow/dags/ecommerce_etl_dag.py
[2026-05-27T15:24:07.301+0000] {processor.py:840} INFO - DAG(s) 'ecommerce_distributed_dw_etl' retrieved from /opt/airflow/dags/ecommerce_etl_dag.py
[2026-05-27T15:24:07.417+0000] {logging_mixin.py:188} INFO - [2026-05-27T15:24:07.417+0000] {dag.py:3089} INFO - Sync 1 DAGs
[2026-05-27T15:24:07.439+0000] {logging_mixin.py:188} INFO - [2026-05-27T15:24:07.439+0000] {dag.py:3947} INFO - Setting next_dagrun for ecommerce_distributed_dw_etl to None, run_after=None
[2026-05-27T15:24:07.473+0000] {processor.py:183} INFO - Processing /opt/airflow/dags/ecommerce_etl_dag.py took 0.214 seconds
[2026-05-27T15:24:37.961+0000] {processor.py:161} INFO - Started process (PID=215) to work on /opt/airflow/dags/ecommerce_etl_dag.py
[2026-05-27T15:24:37.963+0000] {processor.py:830} INFO - Processing file /opt/airflow/dags/ecommerce_etl_dag.py for tasks to queue
[2026-05-27T15:24:37.969+0000] {logging_mixin.py:188} INFO - [2026-05-27T15:24:37.967+0000] {dagbag.py:545} INFO - Filling up the DagBag from /opt/airflow/dags/ecommerce_etl_dag.py
[2026-05-27T15:24:38.048+0000] {processor.py:840} INFO - DAG(s) 'ecommerce_distributed_dw_etl' retrieved from /opt/airflow/dags/ecommerce_etl_dag.py
[2026-05-27T15:24:38.172+0000] {logging_mixin.py:188} INFO - [2026-05-27T15:24:38.172+0000] {dag.py:3089} INFO - Sync 1 DAGs
[2026-05-27T15:24:38.210+0000] {logging_mixin.py:188} INFO - [2026-05-27T15:24:38.209+0000] {dag.py:3947} INFO - Setting next_dagrun for ecommerce_distributed_dw_etl to None, run_after=None
[2026-05-27T15:24:38.261+0000] {processor.py:183} INFO - Processing /opt/airflow/dags/ecommerce_etl_dag.py took 0.322 seconds
[2026-05-27T15:25:08.378+0000] {processor.py:161} INFO - Started process (PID=220) to work on /opt/airflow/dags/ecommerce_etl_dag.py
[2026-05-27T15:25:08.379+0000] {processor.py:830} INFO - Processing file /opt/airflow/dags/ecommerce_etl_dag.py for tasks to queue
[2026-05-27T15:25:08.382+0000] {logging_mixin.py:188} INFO - [2026-05-27T15:25:08.381+0000] {dagbag.py:545} INFO - Filling up the DagBag from /opt/airflow/dags/ecommerce_etl_dag.py
[2026-05-27T15:25:08.407+0000] {processor.py:840} INFO - DAG(s) 'ecommerce_distributed_dw_etl' retrieved from /opt/airflow/dags/ecommerce_etl_dag.py
[2026-05-27T15:25:08.475+0000] {logging_mixin.py:188} INFO - [2026-05-27T15:25:08.474+0000] {dag.py:3089} INFO - Sync 1 DAGs
[2026-05-27T15:25:08.495+0000] {logging_mixin.py:188} INFO - [2026-05-27T15:25:08.495+0000] {dag.py:3947} INFO - Setting next_dagrun for ecommerce_distributed_dw_etl to None, run_after=None
[2026-05-27T15:25:08.524+0000] {processor.py:183} INFO - Processing /opt/airflow/dags/ecommerce_etl_dag.py took 0.156 seconds
[2026-05-27T15:25:38.698+0000] {processor.py:161} INFO - Started process (PID=225) to work on /opt/airflow/dags/ecommerce_etl_dag.py
[2026-05-27T15:25:38.700+0000] {processor.py:830} INFO - Processing file /opt/airflow/dags/ecommerce_etl_dag.py for tasks to queue
[2026-05-27T15:25:38.702+0000] {logging_mixin.py:188} INFO - [2026-05-27T15:25:38.702+0000] {dagbag.py:545} INFO - Filling up the DagBag from /opt/airflow/dags/ecommerce_etl_dag.py
[2026-05-27T15:25:38.729+0000] {processor.py:840} INFO - DAG(s) 'ecommerce_distributed_dw_etl' retrieved from /opt/airflow/dags/ecommerce_etl_dag.py
[2026-05-27T15:25:38.774+0000] {logging_mixin.py:188} INFO - [2026-05-27T15:25:38.774+0000] {dag.py:3089} INFO - Sync 1 DAGs
[2026-05-27T15:25:38.790+0000] {logging_mixin.py:188} INFO - [2026-05-27T15:25:38.790+0000] {dag.py:3947} INFO - Setting next_dagrun for ecommerce_distributed_dw_etl to None, run_after=None
[2026-05-27T15:25:38.818+0000] {processor.py:183} INFO - Processing /opt/airflow/dags/ecommerce_etl_dag.py took 0.130 seconds
[2026-05-27T15:26:08.995+0000] {processor.py:161} INFO - Started process (PID=230) to work on /opt/airflow/dags/ecommerce_etl_dag.py
[2026-05-27T15:26:08.997+0000] {processor.py:830} INFO - Processing file /opt/airflow/dags/ecommerce_etl_dag.py for tasks to queue
[2026-05-27T15:26:09.002+0000] {logging_mixin.py:188} INFO - [2026-05-27T15:26:09.001+0000] {dagbag.py:545} INFO - Filling up the DagBag from /opt/airflow/dags/ecommerce_etl_dag.py
[2026-05-27T15:26:09.031+0000] {processor.py:840} INFO - DAG(s) 'ecommerce_distributed_dw_etl' retrieved from /opt/airflow/dags/ecommerce_etl_dag.py
[2026-05-27T15:26:09.108+0000] {logging_mixin.py:188} INFO - [2026-05-27T15:26:09.108+0000] {dag.py:3089} INFO - Sync 1 DAGs
[2026-05-27T15:26:09.129+0000] {logging_mixin.py:188} INFO - [2026-05-27T15:26:09.128+0000] {dag.py:3947} INFO - Setting next_dagrun for ecommerce_distributed_dw_etl to None, run_after=None
[2026-05-27T15:26:09.173+0000] {processor.py:183} INFO - Processing /opt/airflow/dags/ecommerce_etl_dag.py took 0.188 seconds
[2026-05-27T15:26:39.273+0000] {processor.py:161} INFO - Started process (PID=235) to work on /opt/airflow/dags/ecommerce_etl_dag.py
[2026-05-27T15:26:39.274+0000] {processor.py:830} INFO - Processing file /opt/airflow/dags/ecommerce_etl_dag.py for tasks to queue
[2026-05-27T15:26:39.277+0000] {logging_mixin.py:188} INFO - [2026-05-27T15:26:39.276+0000] {dagbag.py:545} INFO - Filling up the DagBag from /opt/airflow/dags/ecommerce_etl_dag.py
[2026-05-27T15:26:39.303+0000] {processor.py:840} INFO - DAG(s) 'ecommerce_distributed_dw_etl' retrieved from /opt/airflow/dags/ecommerce_etl_dag.py
[2026-05-27T15:26:39.346+0000] {logging_mixin.py:188} INFO - [2026-05-27T15:26:39.346+0000] {dag.py:3089} INFO - Sync 1 DAGs
[2026-05-27T15:26:39.364+0000] {logging_mixin.py:188} INFO - [2026-05-27T15:26:39.363+0000] {dag.py:3947} INFO - Setting next_dagrun for ecommerce_distributed_dw_etl to None, run_after=None
[2026-05-27T15:26:39.388+0000] {processor.py:183} INFO - Processing /opt/airflow/dags/ecommerce_etl_dag.py took 0.124 seconds
[2026-05-27T15:27:09.632+0000] {processor.py:161} INFO - Started process (PID=240) to work on /opt/airflow/dags/ecommerce_etl_dag.py
[2026-05-27T15:27:09.634+0000] {processor.py:830} INFO - Processing file /opt/airflow/dags/ecommerce_etl_dag.py for tasks to queue
[2026-05-27T15:27:09.637+0000] {logging_mixin.py:188} INFO - [2026-05-27T15:27:09.636+0000] {dagbag.py:545} INFO - Filling up the DagBag from /opt/airflow/dags/ecommerce_etl_dag.py
[2026-05-27T15:27:09.661+0000] {processor.py:840} INFO - DAG(s) 'ecommerce_distributed_dw_etl' retrieved from /opt/airflow/dags/ecommerce_etl_dag.py
[2026-05-27T15:27:09.726+0000] {logging_mixin.py:188} INFO - [2026-05-27T15:27:09.726+0000] {dag.py:3089} INFO - Sync 1 DAGs
[2026-05-27T15:27:09.744+0000] {logging_mixin.py:188} INFO - [2026-05-27T15:27:09.743+0000] {dag.py:3947} INFO - Setting next_dagrun for ecommerce_distributed_dw_etl to None, run_after=None
[2026-05-27T15:27:09.772+0000] {processor.py:183} INFO - Processing /opt/airflow/dags/ecommerce_etl_dag.py took 0.147 seconds
[2026-05-27T15:27:39.841+0000] {processor.py:161} INFO - Started process (PID=245) to work on /opt/airflow/dags/ecommerce_etl_dag.py
[2026-05-27T15:27:39.843+0000] {processor.py:830} INFO - Processing file /opt/airflow/dags/ecommerce_etl_dag.py for tasks to queue
[2026-05-27T15:27:39.846+0000] {logging_mixin.py:188} INFO - [2026-05-27T15:27:39.845+0000] {dagbag.py:545} INFO - Filling up the DagBag from /opt/airflow/dags/ecommerce_etl_dag.py
[2026-05-27T15:27:39.875+0000] {processor.py:840} INFO - DAG(s) 'ecommerce_distributed_dw_etl' retrieved from /opt/airflow/dags/ecommerce_etl_dag.py
[2026-05-27T15:27:39.938+0000] {logging_mixin.py:188} INFO - [2026-05-27T15:27:39.938+0000] {dag.py:3089} INFO - Sync 1 DAGs
[2026-05-27T15:27:39.956+0000] {logging_mixin.py:188} INFO - [2026-05-27T15:27:39.956+0000] {dag.py:3947} INFO - Setting next_dagrun for ecommerce_distributed_dw_etl to None, run_after=None
[2026-05-27T15:27:39.982+0000] {processor.py:183} INFO - Processing /opt/airflow/dags/ecommerce_etl_dag.py took 0.149 seconds
[2026-05-27T15:28:10.198+0000] {processor.py:161} INFO - Started process (PID=250) to work on /opt/airflow/dags/ecommerce_etl_dag.py
[2026-05-27T15:28:10.200+0000] {processor.py:830} INFO - Processing file /opt/airflow/dags/ecommerce_etl_dag.py for tasks to queue
[2026-05-27T15:28:10.202+0000] {logging_mixin.py:188} INFO - [2026-05-27T15:28:10.201+0000] {dagbag.py:545} INFO - Filling up the DagBag from /opt/airflow/dags/ecommerce_etl_dag.py
[2026-05-27T15:28:10.224+0000] {processor.py:840} INFO - DAG(s) 'ecommerce_distributed_dw_etl' retrieved from /opt/airflow/dags/ecommerce_etl_dag.py
[2026-05-27T15:28:10.264+0000] {logging_mixin.py:188} INFO - [2026-05-27T15:28:10.264+0000] {dag.py:3089} INFO - Sync 1 DAGs
[2026-05-27T15:28:10.281+0000] {logging_mixin.py:188} INFO - [2026-05-27T15:28:10.280+0000] {dag.py:3947} INFO - Setting next_dagrun for ecommerce_distributed_dw_etl to None, run_after=None
[2026-05-27T15:28:10.310+0000] {processor.py:183} INFO - Processing /opt/airflow/dags/ecommerce_etl_dag.py took 0.119 seconds
[2026-05-27T15:28:40.380+0000] {processor.py:161} INFO - Started process (PID=255) to work on /opt/airflow/dags/ecommerce_etl_dag.py
[2026-05-27T15:28:40.381+0000] {processor.py:830} INFO - Processing file /opt/airflow/dags/ecommerce_etl_dag.py for tasks to queue
[2026-05-27T15:28:40.383+0000] {logging_mixin.py:188} INFO - [2026-05-27T15:28:40.383+0000] {dagbag.py:545} INFO - Filling up the DagBag from /opt/airflow/dags/ecommerce_etl_dag.py
[2026-05-27T15:28:40.408+0000] {processor.py:840} INFO - DAG(s) 'ecommerce_distributed_dw_etl' retrieved from /opt/airflow/dags/ecommerce_etl_dag.py
[2026-05-27T15:28:40.451+0000] {logging_mixin.py:188} INFO - [2026-05-27T15:28:40.451+0000] {dag.py:3089} INFO - Sync 1 DAGs
[2026-05-27T15:28:40.469+0000] {logging_mixin.py:188} INFO - [2026-05-27T15:28:40.469+0000] {dag.py:3947} INFO - Setting next_dagrun for ecommerce_distributed_dw_etl to None, run_after=None
[2026-05-27T15:28:40.496+0000] {processor.py:183} INFO - Processing /opt/airflow/dags/ecommerce_etl_dag.py took 0.124 seconds
[2026-05-27T15:29:10.711+0000] {processor.py:161} INFO - Started process (PID=260) to work on /opt/airflow/dags/ecommerce_etl_dag.py
[2026-05-27T15:29:10.713+0000] {processor.py:830} INFO - Processing file /opt/airflow/dags/ecommerce_etl_dag.py for tasks to queue
[2026-05-27T15:29:10.715+0000] {logging_mixin.py:188} INFO - [2026-05-27T15:29:10.715+0000] {dagbag.py:545} INFO - Filling up the DagBag from /opt/airflow/dags/ecommerce_etl_dag.py
[2026-05-27T15:29:10.741+0000] {processor.py:840} INFO - DAG(s) 'ecommerce_distributed_dw_etl' retrieved from /opt/airflow/dags/ecommerce_etl_dag.py
[2026-05-27T15:29:10.782+0000] {logging_mixin.py:188} INFO - [2026-05-27T15:29:10.782+0000] {dag.py:3089} INFO - Sync 1 DAGs
[2026-05-27T15:29:10.800+0000] {logging_mixin.py:188} INFO - [2026-05-27T15:29:10.799+0000] {dag.py:3947} INFO - Setting next_dagrun for ecommerce_distributed_dw_etl to None, run_after=None
[2026-05-27T15:29:10.825+0000] {processor.py:183} INFO - Processing /opt/airflow/dags/ecommerce_etl_dag.py took 0.121 seconds
[2026-05-27T15:29:40.930+0000] {processor.py:161} INFO - Started process (PID=265) to work on /opt/airflow/dags/ecommerce_etl_dag.py
[2026-05-27T15:29:40.932+0000] {processor.py:830} INFO - Processing file /opt/airflow/dags/ecommerce_etl_dag.py for tasks to queue
[2026-05-27T15:29:40.935+0000] {logging_mixin.py:188} INFO - [2026-05-27T15:29:40.935+0000] {dagbag.py:545} INFO - Filling up the DagBag from /opt/airflow/dags/ecommerce_etl_dag.py
[2026-05-27T15:29:40.963+0000] {processor.py:840} INFO - DAG(s) 'ecommerce_distributed_dw_etl' retrieved from /opt/airflow/dags/ecommerce_etl_dag.py
[2026-05-27T15:29:41.013+0000] {logging_mixin.py:188} INFO - [2026-05-27T15:29:41.012+0000] {dag.py:3089} INFO - Sync 1 DAGs
[2026-05-27T15:29:41.034+0000] {logging_mixin.py:188} INFO - [2026-05-27T15:29:41.034+0000] {dag.py:3947} INFO - Setting next_dagrun for ecommerce_distributed_dw_etl to None, run_after=None
[2026-05-27T15:29:41.074+0000] {processor.py:183} INFO - Processing /opt/airflow/dags/ecommerce_etl_dag.py took 0.153 seconds
[2026-05-27T15:30:11.210+0000] {processor.py:161} INFO - Started process (PID=270) to work on /opt/airflow/dags/ecommerce_etl_dag.py
[2026-05-27T15:30:11.212+0000] {processor.py:830} INFO - Processing file /opt/airflow/dags/ecommerce_etl_dag.py for tasks to queue
[2026-05-27T15:30:11.215+0000] {logging_mixin.py:188} INFO - [2026-05-27T15:30:11.214+0000] {dagbag.py:545} INFO - Filling up the DagBag from /opt/airflow/dags/ecommerce_etl_dag.py
[2026-05-27T15:30:11.239+0000] {processor.py:840} INFO - DAG(s) 'ecommerce_distributed_dw_etl' retrieved from /opt/airflow/dags/ecommerce_etl_dag.py
[2026-05-27T15:30:11.280+0000] {logging_mixin.py:188} INFO - [2026-05-27T15:30:11.280+0000] {dag.py:3089} INFO - Sync 1 DAGs
[2026-05-27T15:30:11.298+0000] {logging_mixin.py:188} INFO - [2026-05-27T15:30:11.298+0000] {dag.py:3947} INFO - Setting next_dagrun for ecommerce_distributed_dw_etl to None, run_after=None
[2026-05-27T15:30:11.328+0000] {processor.py:183} INFO - Processing /opt/airflow/dags/ecommerce_etl_dag.py took 0.126 seconds
[2026-05-27T15:30:41.446+0000] {processor.py:161} INFO - Started process (PID=275) to work on /opt/airflow/dags/ecommerce_etl_dag.py
[2026-05-27T15:30:41.447+0000] {processor.py:830} INFO - Processing file /opt/airflow/dags/ecommerce_etl_dag.py for tasks to queue
[2026-05-27T15:30:41.450+0000] {logging_mixin.py:188} INFO - [2026-05-27T15:30:41.449+0000] {dagbag.py:545} INFO - Filling up the DagBag from /opt/airflow/dags/ecommerce_etl_dag.py
[2026-05-27T15:30:41.473+0000] {processor.py:840} INFO - DAG(s) 'ecommerce_distributed_dw_etl' retrieved from /opt/airflow/dags/ecommerce_etl_dag.py
[2026-05-27T15:30:41.516+0000] {logging_mixin.py:188} INFO - [2026-05-27T15:30:41.515+0000] {dag.py:3089} INFO - Sync 1 DAGs
[2026-05-27T15:30:41.533+0000] {logging_mixin.py:188} INFO - [2026-05-27T15:30:41.533+0000] {dag.py:3947} INFO - Setting next_dagrun for ecommerce_distributed_dw_etl to None, run_after=None
[2026-05-27T15:30:41.562+0000] {processor.py:183} INFO - Processing /opt/airflow/dags/ecommerce_etl_dag.py took 0.124 seconds
[2026-05-27T15:31:11.737+0000] {processor.py:161} INFO - Started process (PID=280) to work on /opt/airflow/dags/ecommerce_etl_dag.py
[2026-05-27T15:31:11.739+0000] {processor.py:830} INFO - Processing file /opt/airflow/dags/ecommerce_etl_dag.py for tasks to queue
[2026-05-27T15:31:11.741+0000] {logging_mixin.py:188} INFO - [2026-05-27T15:31:11.741+0000] {dagbag.py:545} INFO - Filling up the DagBag from /opt/airflow/dags/ecommerce_etl_dag.py
[2026-05-27T15:31:11.766+0000] {processor.py:840} INFO - DAG(s) 'ecommerce_distributed_dw_etl' retrieved from /opt/airflow/dags/ecommerce_etl_dag.py
[2026-05-27T15:31:11.808+0000] {logging_mixin.py:188} INFO - [2026-05-27T15:31:11.808+0000] {dag.py:3089} INFO - Sync 1 DAGs
[2026-05-27T15:31:11.826+0000] {logging_mixin.py:188} INFO - [2026-05-27T15:31:11.826+0000] {dag.py:3947} INFO - Setting next_dagrun for ecommerce_distributed_dw_etl to None, run_after=None
[2026-05-27T15:31:11.876+0000] {processor.py:183} INFO - Processing /opt/airflow/dags/ecommerce_etl_dag.py took 0.146 seconds
[2026-05-27T15:31:42.033+0000] {processor.py:161} INFO - Started process (PID=285) to work on /opt/airflow/dags/ecommerce_etl_dag.py
[2026-05-27T15:31:42.034+0000] {processor.py:830} INFO - Processing file /opt/airflow/dags/ecommerce_etl_dag.py for tasks to queue
[2026-05-27T15:31:42.037+0000] {logging_mixin.py:188} INFO - [2026-05-27T15:31:42.037+0000] {dagbag.py:545} INFO - Filling up the DagBag from /opt/airflow/dags/ecommerce_etl_dag.py
[2026-05-27T15:31:42.068+0000] {processor.py:840} INFO - DAG(s) 'ecommerce_distributed_dw_etl' retrieved from /opt/airflow/dags/ecommerce_etl_dag.py
[2026-05-27T15:31:42.117+0000] {logging_mixin.py:188} INFO - [2026-05-27T15:31:42.117+0000] {dag.py:3089} INFO - Sync 1 DAGs
[2026-05-27T15:31:42.139+0000] {logging_mixin.py:188} INFO - [2026-05-27T15:31:42.138+0000] {dag.py:3947} INFO - Setting next_dagrun for ecommerce_distributed_dw_etl to None, run_after=None
[2026-05-27T15:31:42.172+0000] {processor.py:183} INFO - Processing /opt/airflow/dags/ecommerce_etl_dag.py took 0.146 seconds
[2026-05-27T15:32:12.255+0000] {processor.py:161} INFO - Started process (PID=290) to work on /opt/airflow/dags/ecommerce_etl_dag.py
[2026-05-27T15:32:12.257+0000] {processor.py:830} INFO - Processing file /opt/airflow/dags/ecommerce_etl_dag.py for tasks to queue
[2026-05-27T15:32:12.260+0000] {logging_mixin.py:188} INFO - [2026-05-27T15:32:12.259+0000] {dagbag.py:545} INFO - Filling up the DagBag from /opt/airflow/dags/ecommerce_etl_dag.py
[2026-05-27T15:32:12.286+0000] {processor.py:840} INFO - DAG(s) 'ecommerce_distributed_dw_etl' retrieved from /opt/airflow/dags/ecommerce_etl_dag.py
[2026-05-27T15:32:12.355+0000] {logging_mixin.py:188} INFO - [2026-05-27T15:32:12.355+0000] {dag.py:3089} INFO - Sync 1 DAGs
[2026-05-27T15:32:12.377+0000] {logging_mixin.py:188} INFO - [2026-05-27T15:32:12.377+0000] {dag.py:3947} INFO - Setting next_dagrun for ecommerce_distributed_dw_etl to None, run_after=None
[2026-05-27T15:32:12.407+0000] {processor.py:183} INFO - Processing /opt/airflow/dags/ecommerce_etl_dag.py took 0.160 seconds
[2026-05-27T15:32:42.568+0000] {processor.py:161} INFO - Started process (PID=295) to work on /opt/airflow/dags/ecommerce_etl_dag.py
[2026-05-27T15:32:42.569+0000] {processor.py:830} INFO - Processing file /opt/airflow/dags/ecommerce_etl_dag.py for tasks to queue
[2026-05-27T15:32:42.573+0000] {logging_mixin.py:188} INFO - [2026-05-27T15:32:42.572+0000] {dagbag.py:545} INFO - Filling up the DagBag from /opt/airflow/dags/ecommerce_etl_dag.py
[2026-05-27T15:32:42.601+0000] {processor.py:840} INFO - DAG(s) 'ecommerce_distributed_dw_etl' retrieved from /opt/airflow/dags/ecommerce_etl_dag.py
[2026-05-27T15:32:42.647+0000] {logging_mixin.py:188} INFO - [2026-05-27T15:32:42.647+0000] {dag.py:3089} INFO - Sync 1 DAGs
[2026-05-27T15:32:42.675+0000] {logging_mixin.py:188} INFO - [2026-05-27T15:32:42.675+0000] {dag.py:3947} INFO - Setting next_dagrun for ecommerce_distributed_dw_etl to None, run_after=None
[2026-05-27T15:32:42.704+0000] {processor.py:183} INFO - Processing /opt/airflow/dags/ecommerce_etl_dag.py took 0.144 seconds
[2026-05-27T15:33:13.011+0000] {processor.py:161} INFO - Started process (PID=300) to work on /opt/airflow/dags/ecommerce_etl_dag.py
[2026-05-27T15:33:13.014+0000] {processor.py:830} INFO - Processing file /opt/airflow/dags/ecommerce_etl_dag.py for tasks to queue
[2026-05-27T15:33:13.018+0000] {logging_mixin.py:188} INFO - [2026-05-27T15:33:13.017+0000] {dagbag.py:545} INFO - Filling up the DagBag from /opt/airflow/dags/ecommerce_etl_dag.py
[2026-05-27T15:33:13.055+0000] {processor.py:840} INFO - DAG(s) 'ecommerce_distributed_dw_etl' retrieved from /opt/airflow/dags/ecommerce_etl_dag.py
[2026-05-27T15:33:13.142+0000] {logging_mixin.py:188} INFO - [2026-05-27T15:33:13.141+0000] {dag.py:3089} INFO - Sync 1 DAGs
[2026-05-27T15:33:13.167+0000] {logging_mixin.py:188} INFO - [2026-05-27T15:33:13.167+0000] {dag.py:3947} INFO - Setting next_dagrun for ecommerce_distributed_dw_etl to None, run_after=None
[2026-05-27T15:33:13.213+0000] {processor.py:183} INFO - Processing /opt/airflow/dags/ecommerce_etl_dag.py took 0.220 seconds
[2026-05-27T15:33:43.351+0000] {processor.py:161} INFO - Started process (PID=323) to work on /opt/airflow/dags/ecommerce_etl_dag.py
[2026-05-27T15:33:43.353+0000] {processor.py:830} INFO - Processing file /opt/airflow/dags/ecommerce_etl_dag.py for tasks to queue
[2026-05-27T15:33:43.356+0000] {logging_mixin.py:188} INFO - [2026-05-27T15:33:43.356+0000] {dagbag.py:545} INFO - Filling up the DagBag from /opt/airflow/dags/ecommerce_etl_dag.py
[2026-05-27T15:33:43.386+0000] {processor.py:840} INFO - DAG(s) 'ecommerce_distributed_dw_etl' retrieved from /opt/airflow/dags/ecommerce_etl_dag.py
[2026-05-27T15:33:43.480+0000] {logging_mixin.py:188} INFO - [2026-05-27T15:33:43.479+0000] {dag.py:3089} INFO - Sync 1 DAGs
[2026-05-27T15:33:43.500+0000] {logging_mixin.py:188} INFO - [2026-05-27T15:33:43.500+0000] {dag.py:3947} INFO - Setting next_dagrun for ecommerce_distributed_dw_etl to None, run_after=None
[2026-05-27T15:33:43.544+0000] {processor.py:183} INFO - Processing /opt/airflow/dags/ecommerce_etl_dag.py took 0.202 seconds
[2026-05-27T15:34:13.818+0000] {processor.py:161} INFO - Started process (PID=328) to work on /opt/airflow/dags/ecommerce_etl_dag.py
[2026-05-27T15:34:13.819+0000] {processor.py:830} INFO - Processing file /opt/airflow/dags/ecommerce_etl_dag.py for tasks to queue
[2026-05-27T15:34:13.823+0000] {logging_mixin.py:188} INFO - [2026-05-27T15:34:13.823+0000] {dagbag.py:545} INFO - Filling up the DagBag from /opt/airflow/dags/ecommerce_etl_dag.py
[2026-05-27T15:34:13.873+0000] {processor.py:840} INFO - DAG(s) 'ecommerce_distributed_dw_etl' retrieved from /opt/airflow/dags/ecommerce_etl_dag.py
[2026-05-27T15:34:13.928+0000] {logging_mixin.py:188} INFO - [2026-05-27T15:34:13.927+0000] {dag.py:3089} INFO - Sync 1 DAGs
[2026-05-27T15:34:13.951+0000] {logging_mixin.py:188} INFO - [2026-05-27T15:34:13.951+0000] {dag.py:3947} INFO - Setting next_dagrun for ecommerce_distributed_dw_etl to None, run_after=None
[2026-05-27T15:34:14.010+0000] {processor.py:183} INFO - Processing /opt/airflow/dags/ecommerce_etl_dag.py took 0.202 seconds
[2026-05-27T15:34:44.123+0000] {processor.py:161} INFO - Started process (PID=333) to work on /opt/airflow/dags/ecommerce_etl_dag.py
[2026-05-27T15:34:44.125+0000] {processor.py:830} INFO - Processing file /opt/airflow/dags/ecommerce_etl_dag.py for tasks to queue
[2026-05-27T15:34:44.129+0000] {logging_mixin.py:188} INFO - [2026-05-27T15:34:44.128+0000] {dagbag.py:545} INFO - Filling up the DagBag from /opt/airflow/dags/ecommerce_etl_dag.py
[2026-05-27T15:34:44.162+0000] {processor.py:840} INFO - DAG(s) 'ecommerce_distributed_dw_etl' retrieved from /opt/airflow/dags/ecommerce_etl_dag.py
[2026-05-27T15:34:44.221+0000] {logging_mixin.py:188} INFO - [2026-05-27T15:34:44.221+0000] {dag.py:3089} INFO - Sync 1 DAGs
[2026-05-27T15:34:44.248+0000] {logging_mixin.py:188} INFO - [2026-05-27T15:34:44.247+0000] {dag.py:3947} INFO - Setting next_dagrun for ecommerce_distributed_dw_etl to None, run_after=None
[2026-05-27T15:34:44.282+0000] {processor.py:183} INFO - Processing /opt/airflow/dags/ecommerce_etl_dag.py took 0.169 seconds
[2026-05-27T15:35:14.571+0000] {processor.py:161} INFO - Started process (PID=344) to work on /opt/airflow/dags/ecommerce_etl_dag.py
[2026-05-27T15:35:14.573+0000] {processor.py:830} INFO - Processing file /opt/airflow/dags/ecommerce_etl_dag.py for tasks to queue
[2026-05-27T15:35:14.576+0000] {logging_mixin.py:188} INFO - [2026-05-27T15:35:14.576+0000] {dagbag.py:545} INFO - Filling up the DagBag from /opt/airflow/dags/ecommerce_etl_dag.py
[2026-05-27T15:35:14.604+0000] {processor.py:840} INFO - DAG(s) 'ecommerce_distributed_dw_etl' retrieved from /opt/airflow/dags/ecommerce_etl_dag.py
[2026-05-27T15:35:14.650+0000] {logging_mixin.py:188} INFO - [2026-05-27T15:35:14.650+0000] {dag.py:3089} INFO - Sync 1 DAGs
[2026-05-27T15:35:14.670+0000] {logging_mixin.py:188} INFO - [2026-05-27T15:35:14.669+0000] {dag.py:3947} INFO - Setting next_dagrun for ecommerce_distributed_dw_etl to None, run_after=None
[2026-05-27T15:35:14.695+0000] {processor.py:183} INFO - Processing /opt/airflow/dags/ecommerce_etl_dag.py took 0.134 seconds
[2026-05-27T15:35:44.881+0000] {processor.py:161} INFO - Started process (PID=349) to work on /opt/airflow/dags/ecommerce_etl_dag.py
[2026-05-27T15:35:44.885+0000] {processor.py:830} INFO - Processing file /opt/airflow/dags/ecommerce_etl_dag.py for tasks to queue
[2026-05-27T15:35:44.895+0000] {logging_mixin.py:188} INFO - [2026-05-27T15:35:44.894+0000] {dagbag.py:545} INFO - Filling up the DagBag from /opt/airflow/dags/ecommerce_etl_dag.py
[2026-05-27T15:35:45.001+0000] {processor.py:840} INFO - DAG(s) 'ecommerce_distributed_dw_etl' retrieved from /opt/airflow/dags/ecommerce_etl_dag.py
[2026-05-27T15:35:45.135+0000] {logging_mixin.py:188} INFO - [2026-05-27T15:35:45.134+0000] {dag.py:3089} INFO - Sync 1 DAGs
[2026-05-27T15:35:45.168+0000] {logging_mixin.py:188} INFO - [2026-05-27T15:35:45.167+0000] {dag.py:3947} INFO - Setting next_dagrun for ecommerce_distributed_dw_etl to None, run_after=None
[2026-05-27T15:35:45.225+0000] {processor.py:183} INFO - Processing /opt/airflow/dags/ecommerce_etl_dag.py took 0.365 seconds
[2026-05-27T15:36:15.514+0000] {processor.py:161} INFO - Started process (PID=354) to work on /opt/airflow/dags/ecommerce_etl_dag.py
[2026-05-27T15:36:15.515+0000] {processor.py:830} INFO - Processing file /opt/airflow/dags/ecommerce_etl_dag.py for tasks to queue
[2026-05-27T15:36:15.518+0000] {logging_mixin.py:188} INFO - [2026-05-27T15:36:15.517+0000] {dagbag.py:545} INFO - Filling up the DagBag from /opt/airflow/dags/ecommerce_etl_dag.py
[2026-05-27T15:36:15.543+0000] {processor.py:840} INFO - DAG(s) 'ecommerce_distributed_dw_etl' retrieved from /opt/airflow/dags/ecommerce_etl_dag.py
[2026-05-27T15:36:15.589+0000] {logging_mixin.py:188} INFO - [2026-05-27T15:36:15.589+0000] {dag.py:3089} INFO - Sync 1 DAGs
[2026-05-27T15:36:15.644+0000] {logging_mixin.py:188} INFO - [2026-05-27T15:36:15.643+0000] {dag.py:3947} INFO - Setting next_dagrun for ecommerce_distributed_dw_etl to None, run_after=None
[2026-05-27T15:36:15.753+0000] {processor.py:183} INFO - Processing /opt/airflow/dags/ecommerce_etl_dag.py took 0.247 seconds
[2026-05-27T15:36:46.215+0000] {processor.py:161} INFO - Started process (PID=359) to work on /opt/airflow/dags/ecommerce_etl_dag.py
[2026-05-27T15:36:46.218+0000] {processor.py:830} INFO - Processing file /opt/airflow/dags/ecommerce_etl_dag.py for tasks to queue
[2026-05-27T15:36:46.224+0000] {logging_mixin.py:188} INFO - [2026-05-27T15:36:46.222+0000] {dagbag.py:545} INFO - Filling up the DagBag from /opt/airflow/dags/ecommerce_etl_dag.py
[2026-05-27T15:36:46.310+0000] {processor.py:840} INFO - DAG(s) 'ecommerce_distributed_dw_etl' retrieved from /opt/airflow/dags/ecommerce_etl_dag.py
[2026-05-27T15:36:46.415+0000] {logging_mixin.py:188} INFO - [2026-05-27T15:36:46.414+0000] {dag.py:3089} INFO - Sync 1 DAGs
[2026-05-27T15:36:46.458+0000] {logging_mixin.py:188} INFO - [2026-05-27T15:36:46.457+0000] {dag.py:3947} INFO - Setting next_dagrun for ecommerce_distributed_dw_etl to None, run_after=None
[2026-05-27T15:36:46.517+0000] {processor.py:183} INFO - Processing /opt/airflow/dags/ecommerce_etl_dag.py took 0.322 seconds
[2026-05-27T15:37:16.788+0000] {processor.py:161} INFO - Started process (PID=367) to work on /opt/airflow/dags/ecommerce_etl_dag.py
[2026-05-27T15:37:16.789+0000] {processor.py:830} INFO - Processing file /opt/airflow/dags/ecommerce_etl_dag.py for tasks to queue
[2026-05-27T15:37:16.791+0000] {logging_mixin.py:188} INFO - [2026-05-27T15:37:16.791+0000] {dagbag.py:545} INFO - Filling up the DagBag from /opt/airflow/dags/ecommerce_etl_dag.py
[2026-05-27T15:37:16.815+0000] {processor.py:840} INFO - DAG(s) 'ecommerce_distributed_dw_etl' retrieved from /opt/airflow/dags/ecommerce_etl_dag.py
[2026-05-27T15:37:16.863+0000] {logging_mixin.py:188} INFO - [2026-05-27T15:37:16.862+0000] {dag.py:3089} INFO - Sync 1 DAGs
[2026-05-27T15:37:16.882+0000] {logging_mixin.py:188} INFO - [2026-05-27T15:37:16.882+0000] {dag.py:3947} INFO - Setting next_dagrun for ecommerce_distributed_dw_etl to None, run_after=None
[2026-05-27T15:37:16.907+0000] {processor.py:183} INFO - Processing /opt/airflow/dags/ecommerce_etl_dag.py took 0.129 seconds
[2026-05-27T15:37:47.025+0000] {processor.py:161} INFO - Started process (PID=372) to work on /opt/airflow/dags/ecommerce_etl_dag.py
[2026-05-27T15:37:47.027+0000] {processor.py:830} INFO - Processing file /opt/airflow/dags/ecommerce_etl_dag.py for tasks to queue
[2026-05-27T15:37:47.030+0000] {logging_mixin.py:188} INFO - [2026-05-27T15:37:47.030+0000] {dagbag.py:545} INFO - Filling up the DagBag from /opt/airflow/dags/ecommerce_etl_dag.py
[2026-05-27T15:37:47.056+0000] {processor.py:840} INFO - DAG(s) 'ecommerce_distributed_dw_etl' retrieved from /opt/airflow/dags/ecommerce_etl_dag.py
[2026-05-27T15:37:47.101+0000] {logging_mixin.py:188} INFO - [2026-05-27T15:37:47.101+0000] {dag.py:3089} INFO - Sync 1 DAGs
[2026-05-27T15:37:47.119+0000] {logging_mixin.py:188} INFO - [2026-05-27T15:37:47.119+0000] {dag.py:3947} INFO - Setting next_dagrun for ecommerce_distributed_dw_etl to None, run_after=None
[2026-05-27T15:37:47.146+0000] {processor.py:183} INFO - Processing /opt/airflow/dags/ecommerce_etl_dag.py took 0.130 seconds
[2026-05-27T15:38:17.337+0000] {processor.py:161} INFO - Started process (PID=377) to work on /opt/airflow/dags/ecommerce_etl_dag.py
[2026-05-27T15:38:17.338+0000] {processor.py:830} INFO - Processing file /opt/airflow/dags/ecommerce_etl_dag.py for tasks to queue
[2026-05-27T15:38:17.341+0000] {logging_mixin.py:188} INFO - [2026-05-27T15:38:17.340+0000] {dagbag.py:545} INFO - Filling up the DagBag from /opt/airflow/dags/ecommerce_etl_dag.py
[2026-05-27T15:38:17.374+0000] {processor.py:840} INFO - DAG(s) 'ecommerce_distributed_dw_etl' retrieved from /opt/airflow/dags/ecommerce_etl_dag.py
[2026-05-27T15:38:17.424+0000] {logging_mixin.py:188} INFO - [2026-05-27T15:38:17.423+0000] {dag.py:3089} INFO - Sync 1 DAGs
[2026-05-27T15:38:17.448+0000] {logging_mixin.py:188} INFO - [2026-05-27T15:38:17.447+0000] {dag.py:3947} INFO - Setting next_dagrun for ecommerce_distributed_dw_etl to None, run_after=None
[2026-05-27T15:38:17.488+0000] {processor.py:183} INFO - Processing /opt/airflow/dags/ecommerce_etl_dag.py took 0.158 seconds
[2026-05-27T15:38:47.702+0000] {processor.py:161} INFO - Started process (PID=382) to work on /opt/airflow/dags/ecommerce_etl_dag.py
[2026-05-27T15:38:47.704+0000] {processor.py:830} INFO - Processing file /opt/airflow/dags/ecommerce_etl_dag.py for tasks to queue
[2026-05-27T15:38:47.706+0000] {logging_mixin.py:188} INFO - [2026-05-27T15:38:47.706+0000] {dagbag.py:545} INFO - Filling up the DagBag from /opt/airflow/dags/ecommerce_etl_dag.py
[2026-05-27T15:38:47.741+0000] {processor.py:840} INFO - DAG(s) 'ecommerce_distributed_dw_etl' retrieved from /opt/airflow/dags/ecommerce_etl_dag.py
[2026-05-27T15:38:47.784+0000] {logging_mixin.py:188} INFO - [2026-05-27T15:38:47.784+0000] {dag.py:3089} INFO - Sync 1 DAGs
[2026-05-27T15:38:47.802+0000] {logging_mixin.py:188} INFO - [2026-05-27T15:38:47.802+0000] {dag.py:3947} INFO - Setting next_dagrun for ecommerce_distributed_dw_etl to None, run_after=None
[2026-05-27T15:38:47.829+0000] {processor.py:183} INFO - Processing /opt/airflow/dags/ecommerce_etl_dag.py took 0.136 seconds
[2026-05-27T15:39:17.926+0000] {processor.py:161} INFO - Started process (PID=387) to work on /opt/airflow/dags/ecommerce_etl_dag.py
[2026-05-27T15:39:17.928+0000] {processor.py:830} INFO - Processing file /opt/airflow/dags/ecommerce_etl_dag.py for tasks to queue
[2026-05-27T15:39:17.933+0000] {logging_mixin.py:188} INFO - [2026-05-27T15:39:17.932+0000] {dagbag.py:545} INFO - Filling up the DagBag from /opt/airflow/dags/ecommerce_etl_dag.py
[2026-05-27T15:39:17.974+0000] {processor.py:840} INFO - DAG(s) 'ecommerce_distributed_dw_etl' retrieved from /opt/airflow/dags/ecommerce_etl_dag.py
[2026-05-27T15:39:18.047+0000] {logging_mixin.py:188} INFO - [2026-05-27T15:39:18.046+0000] {dag.py:3089} INFO - Sync 1 DAGs
[2026-05-27T15:39:18.069+0000] {logging_mixin.py:188} INFO - [2026-05-27T15:39:18.069+0000] {dag.py:3947} INFO - Setting next_dagrun for ecommerce_distributed_dw_etl to None, run_after=None
[2026-05-27T15:39:18.102+0000] {processor.py:183} INFO - Processing /opt/airflow/dags/ecommerce_etl_dag.py took 0.196 seconds
[2026-05-27T15:39:48.308+0000] {processor.py:161} INFO - Started process (PID=392) to work on /opt/airflow/dags/ecommerce_etl_dag.py
[2026-05-27T15:39:48.311+0000] {processor.py:830} INFO - Processing file /opt/airflow/dags/ecommerce_etl_dag.py for tasks to queue
[2026-05-27T15:39:48.316+0000] {logging_mixin.py:188} INFO - [2026-05-27T15:39:48.315+0000] {dagbag.py:545} INFO - Filling up the DagBag from /opt/airflow/dags/ecommerce_etl_dag.py
[2026-05-27T15:39:48.363+0000] {processor.py:840} INFO - DAG(s) 'ecommerce_distributed_dw_etl' retrieved from /opt/airflow/dags/ecommerce_etl_dag.py
[2026-05-27T15:39:48.469+0000] {logging_mixin.py:188} INFO - [2026-05-27T15:39:48.468+0000] {dag.py:3089} INFO - Sync 1 DAGs
[2026-05-27T15:39:48.510+0000] {logging_mixin.py:188} INFO - [2026-05-27T15:39:48.509+0000] {dag.py:3947} INFO - Setting next_dagrun for ecommerce_distributed_dw_etl to None, run_after=None
[2026-05-27T15:39:48.536+0000] {processor.py:183} INFO - Processing /opt/airflow/dags/ecommerce_etl_dag.py took 0.242 seconds
[2026-05-27T15:40:18.811+0000] {processor.py:161} INFO - Started process (PID=397) to work on /opt/airflow/dags/ecommerce_etl_dag.py
[2026-05-27T15:40:18.910+0000] {processor.py:830} INFO - Processing file /opt/airflow/dags/ecommerce_etl_dag.py for tasks to queue
[2026-05-27T15:40:18.939+0000] {logging_mixin.py:188} INFO - [2026-05-27T15:40:18.938+0000] {dagbag.py:545} INFO - Filling up the DagBag from /opt/airflow/dags/ecommerce_etl_dag.py
[2026-05-27T15:40:19.117+0000] {processor.py:840} INFO - DAG(s) 'ecommerce_distributed_dw_etl' retrieved from /opt/airflow/dags/ecommerce_etl_dag.py
[2026-05-27T15:40:19.281+0000] {logging_mixin.py:188} INFO - [2026-05-27T15:40:19.279+0000] {dag.py:3089} INFO - Sync 1 DAGs
[2026-05-27T15:40:19.364+0000] {logging_mixin.py:188} INFO - [2026-05-27T15:40:19.363+0000] {dag.py:3947} INFO - Setting next_dagrun for ecommerce_distributed_dw_etl to None, run_after=None
[2026-05-27T15:40:19.478+0000] {processor.py:183} INFO - Processing /opt/airflow/dags/ecommerce_etl_dag.py took 0.706 seconds
[2026-05-27T15:40:50.008+0000] {processor.py:161} INFO - Started process (PID=402) to work on /opt/airflow/dags/ecommerce_etl_dag.py
[2026-05-27T15:40:50.012+0000] {processor.py:830} INFO - Processing file /opt/airflow/dags/ecommerce_etl_dag.py for tasks to queue
[2026-05-27T15:40:50.017+0000] {logging_mixin.py:188} INFO - [2026-05-27T15:40:50.016+0000] {dagbag.py:545} INFO - Filling up the DagBag from /opt/airflow/dags/ecommerce_etl_dag.py
[2026-05-27T15:40:50.093+0000] {processor.py:840} INFO - DAG(s) 'ecommerce_distributed_dw_etl' retrieved from /opt/airflow/dags/ecommerce_etl_dag.py
[2026-05-27T15:40:50.208+0000] {logging_mixin.py:188} INFO - [2026-05-27T15:40:50.207+0000] {dag.py:3089} INFO - Sync 1 DAGs
[2026-05-27T15:40:50.250+0000] {logging_mixin.py:188} INFO - [2026-05-27T15:40:50.250+0000] {dag.py:3947} INFO - Setting next_dagrun for ecommerce_distributed_dw_etl to None, run_after=None
[2026-05-27T15:40:50.330+0000] {processor.py:183} INFO - Processing /opt/airflow/dags/ecommerce_etl_dag.py took 0.351 seconds
[2026-05-27T15:41:20.611+0000] {processor.py:161} INFO - Started process (PID=407) to work on /opt/airflow/dags/ecommerce_etl_dag.py
[2026-05-27T15:41:20.613+0000] {processor.py:830} INFO - Processing file /opt/airflow/dags/ecommerce_etl_dag.py for tasks to queue
[2026-05-27T15:41:20.615+0000] {logging_mixin.py:188} INFO - [2026-05-27T15:41:20.614+0000] {dagbag.py:545} INFO - Filling up the DagBag from /opt/airflow/dags/ecommerce_etl_dag.py
[2026-05-27T15:41:20.649+0000] {processor.py:840} INFO - DAG(s) 'ecommerce_distributed_dw_etl' retrieved from /opt/airflow/dags/ecommerce_etl_dag.py
[2026-05-27T15:41:20.692+0000] {logging_mixin.py:188} INFO - [2026-05-27T15:41:20.692+0000] {dag.py:3089} INFO - Sync 1 DAGs
[2026-05-27T15:41:20.714+0000] {logging_mixin.py:188} INFO - [2026-05-27T15:41:20.714+0000] {dag.py:3947} INFO - Setting next_dagrun for ecommerce_distributed_dw_etl to None, run_after=None
[2026-05-27T15:41:20.743+0000] {processor.py:183} INFO - Processing /opt/airflow/dags/ecommerce_etl_dag.py took 0.140 seconds
[2026-05-27T15:41:50.843+0000] {processor.py:161} INFO - Started process (PID=412) to work on /opt/airflow/dags/ecommerce_etl_dag.py
[2026-05-27T15:41:50.844+0000] {processor.py:830} INFO - Processing file /opt/airflow/dags/ecommerce_etl_dag.py for tasks to queue
[2026-05-27T15:41:50.847+0000] {logging_mixin.py:188} INFO - [2026-05-27T15:41:50.847+0000] {dagbag.py:545} INFO - Filling up the DagBag from /opt/airflow/dags/ecommerce_etl_dag.py
[2026-05-27T15:41:50.870+0000] {processor.py:840} INFO - DAG(s) 'ecommerce_distributed_dw_etl' retrieved from /opt/airflow/dags/ecommerce_etl_dag.py
[2026-05-27T15:41:50.910+0000] {logging_mixin.py:188} INFO - [2026-05-27T15:41:50.910+0000] {dag.py:3089} INFO - Sync 1 DAGs
[2026-05-27T15:41:50.929+0000] {logging_mixin.py:188} INFO - [2026-05-27T15:41:50.929+0000] {dag.py:3947} INFO - Setting next_dagrun for ecommerce_distributed_dw_etl to None, run_after=None
[2026-05-27T15:41:50.956+0000] {processor.py:183} INFO - Processing /opt/airflow/dags/ecommerce_etl_dag.py took 0.121 seconds
[2026-05-27T15:42:21.180+0000] {processor.py:161} INFO - Started process (PID=417) to work on /opt/airflow/dags/ecommerce_etl_dag.py
[2026-05-27T15:42:21.182+0000] {processor.py:830} INFO - Processing file /opt/airflow/dags/ecommerce_etl_dag.py for tasks to queue
[2026-05-27T15:42:21.188+0000] {logging_mixin.py:188} INFO - [2026-05-27T15:42:21.187+0000] {dagbag.py:545} INFO - Filling up the DagBag from /opt/airflow/dags/ecommerce_etl_dag.py
[2026-05-27T15:42:21.237+0000] {processor.py:840} INFO - DAG(s) 'ecommerce_distributed_dw_etl' retrieved from /opt/airflow/dags/ecommerce_etl_dag.py
[2026-05-27T15:42:21.300+0000] {logging_mixin.py:188} INFO - [2026-05-27T15:42:21.299+0000] {dag.py:3089} INFO - Sync 1 DAGs
[2026-05-27T15:42:21.325+0000] {logging_mixin.py:188} INFO - [2026-05-27T15:42:21.325+0000] {dag.py:3947} INFO - Setting next_dagrun for ecommerce_distributed_dw_etl to None, run_after=None
[2026-05-27T15:42:21.359+0000] {processor.py:183} INFO - Processing /opt/airflow/dags/ecommerce_etl_dag.py took 0.191 seconds
[2026-05-27T15:42:51.559+0000] {processor.py:161} INFO - Started process (PID=422) to work on /opt/airflow/dags/ecommerce_etl_dag.py
[2026-05-27T15:42:51.562+0000] {processor.py:830} INFO - Processing file /opt/airflow/dags/ecommerce_etl_dag.py for tasks to queue
[2026-05-27T15:42:51.567+0000] {logging_mixin.py:188} INFO - [2026-05-27T15:42:51.566+0000] {dagbag.py:545} INFO - Filling up the DagBag from /opt/airflow/dags/ecommerce_etl_dag.py
[2026-05-27T15:42:51.615+0000] {processor.py:840} INFO - DAG(s) 'ecommerce_distributed_dw_etl' retrieved from /opt/airflow/dags/ecommerce_etl_dag.py
[2026-05-27T15:42:51.690+0000] {logging_mixin.py:188} INFO - [2026-05-27T15:42:51.690+0000] {dag.py:3089} INFO - Sync 1 DAGs
[2026-05-27T15:42:51.728+0000] {logging_mixin.py:188} INFO - [2026-05-27T15:42:51.728+0000] {dag.py:3947} INFO - Setting next_dagrun for ecommerce_distributed_dw_etl to None, run_after=None
[2026-05-27T15:42:51.767+0000] {processor.py:183} INFO - Processing /opt/airflow/dags/ecommerce_etl_dag.py took 0.224 seconds
[2026-05-27T15:43:21.869+0000] {processor.py:161} INFO - Started process (PID=427) to work on /opt/airflow/dags/ecommerce_etl_dag.py
[2026-05-27T15:43:21.871+0000] {processor.py:830} INFO - Processing file /opt/airflow/dags/ecommerce_etl_dag.py for tasks to queue
[2026-05-27T15:43:21.873+0000] {logging_mixin.py:188} INFO - [2026-05-27T15:43:21.873+0000] {dagbag.py:545} INFO - Filling up the DagBag from /opt/airflow/dags/ecommerce_etl_dag.py
[2026-05-27T15:43:21.897+0000] {processor.py:840} INFO - DAG(s) 'ecommerce_distributed_dw_etl' retrieved from /opt/airflow/dags/ecommerce_etl_dag.py
[2026-05-27T15:43:21.941+0000] {logging_mixin.py:188} INFO - [2026-05-27T15:43:21.941+0000] {dag.py:3089} INFO - Sync 1 DAGs
[2026-05-27T15:43:21.959+0000] {logging_mixin.py:188} INFO - [2026-05-27T15:43:21.959+0000] {dag.py:3947} INFO - Setting next_dagrun for ecommerce_distributed_dw_etl to None, run_after=None
[2026-05-27T15:43:21.989+0000] {processor.py:183} INFO - Processing /opt/airflow/dags/ecommerce_etl_dag.py took 0.127 seconds
[2026-05-27T15:43:52.250+0000] {processor.py:161} INFO - Started process (PID=432) to work on /opt/airflow/dags/ecommerce_etl_dag.py
[2026-05-27T15:43:52.252+0000] {processor.py:830} INFO - Processing file /opt/airflow/dags/ecommerce_etl_dag.py for tasks to queue
[2026-05-27T15:43:52.256+0000] {logging_mixin.py:188} INFO - [2026-05-27T15:43:52.256+0000] {dagbag.py:545} INFO - Filling up the DagBag from /opt/airflow/dags/ecommerce_etl_dag.py
[2026-05-27T15:43:52.293+0000] {processor.py:840} INFO - DAG(s) 'ecommerce_distributed_dw_etl' retrieved from /opt/airflow/dags/ecommerce_etl_dag.py
[2026-05-27T15:43:52.346+0000] {logging_mixin.py:188} INFO - [2026-05-27T15:43:52.346+0000] {dag.py:3089} INFO - Sync 1 DAGs
[2026-05-27T15:43:52.365+0000] {logging_mixin.py:188} INFO - [2026-05-27T15:43:52.364+0000] {dag.py:3947} INFO - Setting next_dagrun for ecommerce_distributed_dw_etl to None, run_after=None
[2026-05-27T15:43:52.395+0000] {processor.py:183} INFO - Processing /opt/airflow/dags/ecommerce_etl_dag.py took 0.154 seconds
[2026-05-27T15:44:22.466+0000] {processor.py:161} INFO - Started process (PID=437) to work on /opt/airflow/dags/ecommerce_etl_dag.py
[2026-05-27T15:44:22.467+0000] {processor.py:830} INFO - Processing file /opt/airflow/dags/ecommerce_etl_dag.py for tasks to queue
[2026-05-27T15:44:22.470+0000] {logging_mixin.py:188} INFO - [2026-05-27T15:44:22.470+0000] {dagbag.py:545} INFO - Filling up the DagBag from /opt/airflow/dags/ecommerce_etl_dag.py
[2026-05-27T15:44:22.493+0000] {processor.py:840} INFO - DAG(s) 'ecommerce_distributed_dw_etl' retrieved from /opt/airflow/dags/ecommerce_etl_dag.py
[2026-05-27T15:44:22.538+0000] {logging_mixin.py:188} INFO - [2026-05-27T15:44:22.538+0000] {dag.py:3089} INFO - Sync 1 DAGs
[2026-05-27T15:44:22.558+0000] {logging_mixin.py:188} INFO - [2026-05-27T15:44:22.558+0000] {dag.py:3947} INFO - Setting next_dagrun for ecommerce_distributed_dw_etl to None, run_after=None
[2026-05-27T15:44:22.586+0000] {processor.py:183} INFO - Processing /opt/airflow/dags/ecommerce_etl_dag.py took 0.128 seconds
[2026-05-27T15:44:52.727+0000] {processor.py:161} INFO - Started process (PID=442) to work on /opt/airflow/dags/ecommerce_etl_dag.py
[2026-05-27T15:44:52.733+0000] {processor.py:830} INFO - Processing file /opt/airflow/dags/ecommerce_etl_dag.py for tasks to queue
[2026-05-27T15:44:52.736+0000] {logging_mixin.py:188} INFO - [2026-05-27T15:44:52.736+0000] {dagbag.py:545} INFO - Filling up the DagBag from /opt/airflow/dags/ecommerce_etl_dag.py
[2026-05-27T15:44:52.764+0000] {processor.py:840} INFO - DAG(s) 'ecommerce_distributed_dw_etl' retrieved from /opt/airflow/dags/ecommerce_etl_dag.py
[2026-05-27T15:44:52.814+0000] {logging_mixin.py:188} INFO - [2026-05-27T15:44:52.813+0000] {dag.py:3089} INFO - Sync 1 DAGs
[2026-05-27T15:44:52.834+0000] {logging_mixin.py:188} INFO - [2026-05-27T15:44:52.833+0000] {dag.py:3947} INFO - Setting next_dagrun for ecommerce_distributed_dw_etl to None, run_after=None
[2026-05-27T15:44:52.863+0000] {processor.py:183} INFO - Processing /opt/airflow/dags/ecommerce_etl_dag.py took 0.157 seconds
[2026-05-27T15:45:15.999+0000] {processor.py:161} INFO - Started process (PID=447) to work on /opt/airflow/dags/ecommerce_etl_dag.py
[2026-05-27T15:45:16.002+0000] {processor.py:830} INFO - Processing file /opt/airflow/dags/ecommerce_etl_dag.py for tasks to queue
[2026-05-27T15:45:16.004+0000] {logging_mixin.py:188} INFO - [2026-05-27T15:45:16.003+0000] {dagbag.py:545} INFO - Filling up the DagBag from /opt/airflow/dags/ecommerce_etl_dag.py
[2026-05-27T15:45:16.132+0000] {processor.py:840} INFO - DAG(s) 'ecommerce_distributed_dw_etl' retrieved from /opt/airflow/dags/ecommerce_etl_dag.py
[2026-05-27T15:45:17.021+0000] {logging_mixin.py:188} INFO - [2026-05-27T15:45:17.019+0000] {dag.py:3089} INFO - Sync 1 DAGs
[2026-05-27T15:45:17.061+0000] {logging_mixin.py:188} INFO - [2026-05-27T15:45:17.059+0000] {dag.py:3947} INFO - Setting next_dagrun for ecommerce_distributed_dw_etl to None, run_after=None
[2026-05-27T15:45:17.161+0000] {processor.py:183} INFO - Processing /opt/airflow/dags/ecommerce_etl_dag.py took 1.171 seconds
[2026-05-27T15:45:47.315+0000] {processor.py:161} INFO - Started process (PID=452) to work on /opt/airflow/dags/ecommerce_etl_dag.py
[2026-05-27T15:45:47.318+0000] {processor.py:830} INFO - Processing file /opt/airflow/dags/ecommerce_etl_dag.py for tasks to queue
[2026-05-27T15:45:47.324+0000] {logging_mixin.py:188} INFO - [2026-05-27T15:45:47.323+0000] {dagbag.py:545} INFO - Filling up the DagBag from /opt/airflow/dags/ecommerce_etl_dag.py
[2026-05-27T15:45:47.368+0000] {processor.py:840} INFO - DAG(s) 'ecommerce_distributed_dw_etl' retrieved from /opt/airflow/dags/ecommerce_etl_dag.py
[2026-05-27T15:45:47.421+0000] {logging_mixin.py:188} INFO - [2026-05-27T15:45:47.421+0000] {dag.py:3089} INFO - Sync 1 DAGs
[2026-05-27T15:45:47.440+0000] {logging_mixin.py:188} INFO - [2026-05-27T15:45:47.440+0000] {dag.py:3947} INFO - Setting next_dagrun for ecommerce_distributed_dw_etl to None, run_after=None
[2026-05-27T15:45:47.466+0000] {processor.py:183} INFO - Processing /opt/airflow/dags/ecommerce_etl_dag.py took 0.167 seconds
[2026-05-27T15:46:17.672+0000] {processor.py:161} INFO - Started process (PID=457) to work on /opt/airflow/dags/ecommerce_etl_dag.py
[2026-05-27T15:46:17.673+0000] {processor.py:830} INFO - Processing file /opt/airflow/dags/ecommerce_etl_dag.py for tasks to queue
[2026-05-27T15:46:17.675+0000] {logging_mixin.py:188} INFO - [2026-05-27T15:46:17.675+0000] {dagbag.py:545} INFO - Filling up the DagBag from /opt/airflow/dags/ecommerce_etl_dag.py
[2026-05-27T15:46:17.698+0000] {processor.py:840} INFO - DAG(s) 'ecommerce_distributed_dw_etl' retrieved from /opt/airflow/dags/ecommerce_etl_dag.py
[2026-05-27T15:46:17.741+0000] {logging_mixin.py:188} INFO - [2026-05-27T15:46:17.740+0000] {dag.py:3089} INFO - Sync 1 DAGs
[2026-05-27T15:46:17.758+0000] {logging_mixin.py:188} INFO - [2026-05-27T15:46:17.758+0000] {dag.py:3947} INFO - Setting next_dagrun for ecommerce_distributed_dw_etl to None, run_after=None
[2026-05-27T15:46:17.794+0000] {processor.py:183} INFO - Processing /opt/airflow/dags/ecommerce_etl_dag.py took 0.129 seconds
[2026-05-27T15:46:48.096+0000] {processor.py:161} INFO - Started process (PID=462) to work on /opt/airflow/dags/ecommerce_etl_dag.py
[2026-05-27T15:46:48.100+0000] {processor.py:830} INFO - Processing file /opt/airflow/dags/ecommerce_etl_dag.py for tasks to queue
[2026-05-27T15:46:48.107+0000] {logging_mixin.py:188} INFO - [2026-05-27T15:46:48.105+0000] {dagbag.py:545} INFO - Filling up the DagBag from /opt/airflow/dags/ecommerce_etl_dag.py
[2026-05-27T15:46:48.165+0000] {processor.py:840} INFO - DAG(s) 'ecommerce_distributed_dw_etl' retrieved from /opt/airflow/dags/ecommerce_etl_dag.py
[2026-05-27T15:46:48.277+0000] {logging_mixin.py:188} INFO - [2026-05-27T15:46:48.277+0000] {dag.py:3089} INFO - Sync 1 DAGs
[2026-05-27T15:46:48.347+0000] {logging_mixin.py:188} INFO - [2026-05-27T15:46:48.346+0000] {dag.py:3947} INFO - Setting next_dagrun for ecommerce_distributed_dw_etl to None, run_after=None
[2026-05-27T15:46:48.415+0000] {processor.py:183} INFO - Processing /opt/airflow/dags/ecommerce_etl_dag.py took 0.335 seconds
[2026-05-27T15:47:19.102+0000] {processor.py:161} INFO - Started process (PID=485) to work on /opt/airflow/dags/ecommerce_etl_dag.py
[2026-05-27T15:47:19.113+0000] {processor.py:830} INFO - Processing file /opt/airflow/dags/ecommerce_etl_dag.py for tasks to queue
[2026-05-27T15:47:19.123+0000] {logging_mixin.py:188} INFO - [2026-05-27T15:47:19.121+0000] {dagbag.py:545} INFO - Filling up the DagBag from /opt/airflow/dags/ecommerce_etl_dag.py
[2026-05-27T15:47:19.183+0000] {processor.py:840} INFO - DAG(s) 'ecommerce_distributed_dw_etl' retrieved from /opt/airflow/dags/ecommerce_etl_dag.py
[2026-05-27T15:47:19.251+0000] {logging_mixin.py:188} INFO - [2026-05-27T15:47:19.251+0000] {dag.py:3089} INFO - Sync 1 DAGs
[2026-05-27T15:47:19.276+0000] {logging_mixin.py:188} INFO - [2026-05-27T15:47:19.276+0000] {dag.py:3947} INFO - Setting next_dagrun for ecommerce_distributed_dw_etl to None, run_after=None
[2026-05-27T15:47:19.304+0000] {processor.py:183} INFO - Processing /opt/airflow/dags/ecommerce_etl_dag.py took 0.225 seconds
[2026-05-27T15:47:49.570+0000] {processor.py:161} INFO - Started process (PID=490) to work on /opt/airflow/dags/ecommerce_etl_dag.py
[2026-05-27T15:47:49.572+0000] {processor.py:830} INFO - Processing file /opt/airflow/dags/ecommerce_etl_dag.py for tasks to queue
[2026-05-27T15:47:49.575+0000] {logging_mixin.py:188} INFO - [2026-05-27T15:47:49.575+0000] {dagbag.py:545} INFO - Filling up the DagBag from /opt/airflow/dags/ecommerce_etl_dag.py
[2026-05-27T15:47:49.680+0000] {processor.py:840} INFO - DAG(s) 'ecommerce_distributed_dw_etl' retrieved from /opt/airflow/dags/ecommerce_etl_dag.py
[2026-05-27T15:47:49.738+0000] {logging_mixin.py:188} INFO - [2026-05-27T15:47:49.738+0000] {dag.py:3089} INFO - Sync 1 DAGs
[2026-05-27T15:47:49.761+0000] {logging_mixin.py:188} INFO - [2026-05-27T15:47:49.761+0000] {dag.py:3947} INFO - Setting next_dagrun for ecommerce_distributed_dw_etl to None, run_after=None
[2026-05-27T15:47:50.131+0000] {processor.py:183} INFO - Processing /opt/airflow/dags/ecommerce_etl_dag.py took 0.572 seconds
[2026-05-27T15:48:20.504+0000] {processor.py:161} INFO - Started process (PID=498) to work on /opt/airflow/dags/ecommerce_etl_dag.py
[2026-05-27T15:48:20.512+0000] {processor.py:830} INFO - Processing file /opt/airflow/dags/ecommerce_etl_dag.py for tasks to queue
[2026-05-27T15:48:20.533+0000] {logging_mixin.py:188} INFO - [2026-05-27T15:48:20.526+0000] {dagbag.py:545} INFO - Filling up the DagBag from /opt/airflow/dags/ecommerce_etl_dag.py
[2026-05-27T15:48:20.722+0000] {processor.py:840} INFO - DAG(s) 'ecommerce_distributed_dw_etl' retrieved from /opt/airflow/dags/ecommerce_etl_dag.py
[2026-05-27T15:48:20.914+0000] {logging_mixin.py:188} INFO - [2026-05-27T15:48:20.913+0000] {dag.py:3089} INFO - Sync 1 DAGs
[2026-05-27T15:48:20.996+0000] {logging_mixin.py:188} INFO - [2026-05-27T15:48:20.995+0000] {dag.py:3947} INFO - Setting next_dagrun for ecommerce_distributed_dw_etl to None, run_after=None
[2026-05-27T15:48:21.116+0000] {processor.py:183} INFO - Processing /opt/airflow/dags/ecommerce_etl_dag.py took 0.657 seconds
[2026-05-27T15:48:51.451+0000] {processor.py:161} INFO - Started process (PID=506) to work on /opt/airflow/dags/ecommerce_etl_dag.py
[2026-05-27T15:48:51.453+0000] {processor.py:830} INFO - Processing file /opt/airflow/dags/ecommerce_etl_dag.py for tasks to queue
[2026-05-27T15:48:51.455+0000] {logging_mixin.py:188} INFO - [2026-05-27T15:48:51.455+0000] {dagbag.py:545} INFO - Filling up the DagBag from /opt/airflow/dags/ecommerce_etl_dag.py
[2026-05-27T15:48:51.478+0000] {processor.py:840} INFO - DAG(s) 'ecommerce_distributed_dw_etl' retrieved from /opt/airflow/dags/ecommerce_etl_dag.py
[2026-05-27T15:48:51.521+0000] {logging_mixin.py:188} INFO - [2026-05-27T15:48:51.520+0000] {dag.py:3089} INFO - Sync 1 DAGs
[2026-05-27T15:48:51.538+0000] {logging_mixin.py:188} INFO - [2026-05-27T15:48:51.538+0000] {dag.py:3947} INFO - Setting next_dagrun for ecommerce_distributed_dw_etl to None, run_after=None
[2026-05-27T15:48:51.568+0000] {processor.py:183} INFO - Processing /opt/airflow/dags/ecommerce_etl_dag.py took 0.124 seconds
[2026-05-27T15:49:21.654+0000] {processor.py:161} INFO - Started process (PID=511) to work on /opt/airflow/dags/ecommerce_etl_dag.py
[2026-05-27T15:49:21.655+0000] {processor.py:830} INFO - Processing file /opt/airflow/dags/ecommerce_etl_dag.py for tasks to queue
[2026-05-27T15:49:21.657+0000] {logging_mixin.py:188} INFO - [2026-05-27T15:49:21.657+0000] {dagbag.py:545} INFO - Filling up the DagBag from /opt/airflow/dags/ecommerce_etl_dag.py
[2026-05-27T15:49:21.680+0000] {processor.py:840} INFO - DAG(s) 'ecommerce_distributed_dw_etl' retrieved from /opt/airflow/dags/ecommerce_etl_dag.py
[2026-05-27T15:49:21.721+0000] {logging_mixin.py:188} INFO - [2026-05-27T15:49:21.721+0000] {dag.py:3089} INFO - Sync 1 DAGs
[2026-05-27T15:49:21.738+0000] {logging_mixin.py:188} INFO - [2026-05-27T15:49:21.738+0000] {dag.py:3947} INFO - Setting next_dagrun for ecommerce_distributed_dw_etl to None, run_after=None
[2026-05-27T15:49:21.760+0000] {processor.py:183} INFO - Processing /opt/airflow/dags/ecommerce_etl_dag.py took 0.114 seconds
[2026-05-27T15:49:52.061+0000] {processor.py:161} INFO - Started process (PID=516) to work on /opt/airflow/dags/ecommerce_etl_dag.py
[2026-05-27T15:49:52.063+0000] {processor.py:830} INFO - Processing file /opt/airflow/dags/ecommerce_etl_dag.py for tasks to queue
[2026-05-27T15:49:52.067+0000] {logging_mixin.py:188} INFO - [2026-05-27T15:49:52.066+0000] {dagbag.py:545} INFO - Filling up the DagBag from /opt/airflow/dags/ecommerce_etl_dag.py
[2026-05-27T15:49:52.099+0000] {processor.py:840} INFO - DAG(s) 'ecommerce_distributed_dw_etl' retrieved from /opt/airflow/dags/ecommerce_etl_dag.py
[2026-05-27T15:49:52.152+0000] {logging_mixin.py:188} INFO - [2026-05-27T15:49:52.151+0000] {dag.py:3089} INFO - Sync 1 DAGs
[2026-05-27T15:49:52.179+0000] {logging_mixin.py:188} INFO - [2026-05-27T15:49:52.178+0000] {dag.py:3947} INFO - Setting next_dagrun for ecommerce_distributed_dw_etl to None, run_after=None
[2026-05-27T15:49:52.208+0000] {processor.py:183} INFO - Processing /opt/airflow/dags/ecommerce_etl_dag.py took 0.156 seconds
[2026-05-27T15:50:22.275+0000] {processor.py:161} INFO - Started process (PID=521) to work on /opt/airflow/dags/ecommerce_etl_dag.py
[2026-05-27T15:50:22.277+0000] {processor.py:830} INFO - Processing file /opt/airflow/dags/ecommerce_etl_dag.py for tasks to queue
[2026-05-27T15:50:22.279+0000] {logging_mixin.py:188} INFO - [2026-05-27T15:50:22.278+0000] {dagbag.py:545} INFO - Filling up the DagBag from /opt/airflow/dags/ecommerce_etl_dag.py
[2026-05-27T15:50:22.302+0000] {processor.py:840} INFO - DAG(s) 'ecommerce_distributed_dw_etl' retrieved from /opt/airflow/dags/ecommerce_etl_dag.py
[2026-05-27T15:50:22.356+0000] {logging_mixin.py:188} INFO - [2026-05-27T15:50:22.356+0000] {dag.py:3089} INFO - Sync 1 DAGs
[2026-05-27T15:50:22.374+0000] {logging_mixin.py:188} INFO - [2026-05-27T15:50:22.374+0000] {dag.py:3947} INFO - Setting next_dagrun for ecommerce_distributed_dw_etl to None, run_after=None
[2026-05-27T15:50:22.402+0000] {processor.py:183} INFO - Processing /opt/airflow/dags/ecommerce_etl_dag.py took 0.135 seconds
[2026-05-27T15:50:52.495+0000] {processor.py:161} INFO - Started process (PID=526) to work on /opt/airflow/dags/ecommerce_etl_dag.py
[2026-05-27T15:50:52.497+0000] {processor.py:830} INFO - Processing file /opt/airflow/dags/ecommerce_etl_dag.py for tasks to queue
[2026-05-27T15:50:52.500+0000] {logging_mixin.py:188} INFO - [2026-05-27T15:50:52.500+0000] {dagbag.py:545} INFO - Filling up the DagBag from /opt/airflow/dags/ecommerce_etl_dag.py
[2026-05-27T15:50:52.533+0000] {processor.py:840} INFO - DAG(s) 'ecommerce_distributed_dw_etl' retrieved from /opt/airflow/dags/ecommerce_etl_dag.py
[2026-05-27T15:50:52.590+0000] {logging_mixin.py:188} INFO - [2026-05-27T15:50:52.590+0000] {dag.py:3089} INFO - Sync 1 DAGs
[2026-05-27T15:50:52.612+0000] {logging_mixin.py:188} INFO - [2026-05-27T15:50:52.612+0000] {dag.py:3947} INFO - Setting next_dagrun for ecommerce_distributed_dw_etl to None, run_after=None
[2026-05-27T15:50:52.643+0000] {processor.py:183} INFO - Processing /opt/airflow/dags/ecommerce_etl_dag.py took 0.158 seconds
[2026-05-27T15:51:22.899+0000] {processor.py:161} INFO - Started process (PID=531) to work on /opt/airflow/dags/ecommerce_etl_dag.py
[2026-05-27T15:51:22.901+0000] {processor.py:830} INFO - Processing file /opt/airflow/dags/ecommerce_etl_dag.py for tasks to queue
[2026-05-27T15:51:22.904+0000] {logging_mixin.py:188} INFO - [2026-05-27T15:51:22.903+0000] {dagbag.py:545} INFO - Filling up the DagBag from /opt/airflow/dags/ecommerce_etl_dag.py
[2026-05-27T15:51:22.931+0000] {processor.py:840} INFO - DAG(s) 'ecommerce_distributed_dw_etl' retrieved from /opt/airflow/dags/ecommerce_etl_dag.py
[2026-05-27T15:51:22.977+0000] {logging_mixin.py:188} INFO - [2026-05-27T15:51:22.977+0000] {dag.py:3089} INFO - Sync 1 DAGs
[2026-05-27T15:51:22.996+0000] {logging_mixin.py:188} INFO - [2026-05-27T15:51:22.996+0000] {dag.py:3947} INFO - Setting next_dagrun for ecommerce_distributed_dw_etl to None, run_after=None
[2026-05-27T15:51:23.148+0000] {processor.py:183} INFO - Processing /opt/airflow/dags/ecommerce_etl_dag.py took 0.259 seconds
[2026-05-27T15:51:53.371+0000] {processor.py:161} INFO - Started process (PID=536) to work on /opt/airflow/dags/ecommerce_etl_dag.py
[2026-05-27T15:51:53.373+0000] {processor.py:830} INFO - Processing file /opt/airflow/dags/ecommerce_etl_dag.py for tasks to queue
[2026-05-27T15:51:53.375+0000] {logging_mixin.py:188} INFO - [2026-05-27T15:51:53.375+0000] {dagbag.py:545} INFO - Filling up the DagBag from /opt/airflow/dags/ecommerce_etl_dag.py
[2026-05-27T15:51:53.398+0000] {processor.py:840} INFO - DAG(s) 'ecommerce_distributed_dw_etl' retrieved from /opt/airflow/dags/ecommerce_etl_dag.py
[2026-05-27T15:51:53.439+0000] {logging_mixin.py:188} INFO - [2026-05-27T15:51:53.439+0000] {dag.py:3089} INFO - Sync 1 DAGs
[2026-05-27T15:51:53.458+0000] {logging_mixin.py:188} INFO - [2026-05-27T15:51:53.458+0000] {dag.py:3947} INFO - Setting next_dagrun for ecommerce_distributed_dw_etl to None, run_after=None
[2026-05-27T15:51:53.510+0000] {processor.py:183} INFO - Processing /opt/airflow/dags/ecommerce_etl_dag.py took 0.146 seconds
[2026-05-27T15:52:23.621+0000] {processor.py:161} INFO - Started process (PID=541) to work on /opt/airflow/dags/ecommerce_etl_dag.py
[2026-05-27T15:52:23.623+0000] {processor.py:830} INFO - Processing file /opt/airflow/dags/ecommerce_etl_dag.py for tasks to queue
[2026-05-27T15:52:23.626+0000] {logging_mixin.py:188} INFO - [2026-05-27T15:52:23.625+0000] {dagbag.py:545} INFO - Filling up the DagBag from /opt/airflow/dags/ecommerce_etl_dag.py
[2026-05-27T15:52:23.653+0000] {processor.py:840} INFO - DAG(s) 'ecommerce_distributed_dw_etl' retrieved from /opt/airflow/dags/ecommerce_etl_dag.py
[2026-05-27T15:52:23.701+0000] {logging_mixin.py:188} INFO - [2026-05-27T15:52:23.701+0000] {dag.py:3089} INFO - Sync 1 DAGs
[2026-05-27T15:52:23.739+0000] {logging_mixin.py:188} INFO - [2026-05-27T15:52:23.738+0000] {dag.py:3947} INFO - Setting next_dagrun for ecommerce_distributed_dw_etl to None, run_after=None
[2026-05-27T15:52:23.804+0000] {processor.py:183} INFO - Processing /opt/airflow/dags/ecommerce_etl_dag.py took 0.191 seconds
[2026-05-27T15:52:54.031+0000] {processor.py:161} INFO - Started process (PID=546) to work on /opt/airflow/dags/ecommerce_etl_dag.py
[2026-05-27T15:52:54.033+0000] {processor.py:830} INFO - Processing file /opt/airflow/dags/ecommerce_etl_dag.py for tasks to queue
[2026-05-27T15:52:54.036+0000] {logging_mixin.py:188} INFO - [2026-05-27T15:52:54.036+0000] {dagbag.py:545} INFO - Filling up the DagBag from /opt/airflow/dags/ecommerce_etl_dag.py
[2026-05-27T15:52:54.063+0000] {processor.py:840} INFO - DAG(s) 'ecommerce_distributed_dw_etl' retrieved from /opt/airflow/dags/ecommerce_etl_dag.py
[2026-05-27T15:52:54.112+0000] {logging_mixin.py:188} INFO - [2026-05-27T15:52:54.111+0000] {dag.py:3089} INFO - Sync 1 DAGs
[2026-05-27T15:52:54.132+0000] {logging_mixin.py:188} INFO - [2026-05-27T15:52:54.132+0000] {dag.py:3947} INFO - Setting next_dagrun for ecommerce_distributed_dw_etl to None, run_after=None
[2026-05-27T15:52:54.176+0000] {processor.py:183} INFO - Processing /opt/airflow/dags/ecommerce_etl_dag.py took 0.152 seconds
[2026-05-27T15:53:24.244+0000] {processor.py:161} INFO - Started process (PID=551) to work on /opt/airflow/dags/ecommerce_etl_dag.py
[2026-05-27T15:53:24.246+0000] {processor.py:830} INFO - Processing file /opt/airflow/dags/ecommerce_etl_dag.py for tasks to queue
[2026-05-27T15:53:24.249+0000] {logging_mixin.py:188} INFO - [2026-05-27T15:53:24.248+0000] {dagbag.py:545} INFO - Filling up the DagBag from /opt/airflow/dags/ecommerce_etl_dag.py
[2026-05-27T15:53:24.277+0000] {processor.py:840} INFO - DAG(s) 'ecommerce_distributed_dw_etl' retrieved from /opt/airflow/dags/ecommerce_etl_dag.py
[2026-05-27T15:53:24.328+0000] {logging_mixin.py:188} INFO - [2026-05-27T15:53:24.328+0000] {dag.py:3089} INFO - Sync 1 DAGs
[2026-05-27T15:53:24.353+0000] {logging_mixin.py:188} INFO - [2026-05-27T15:53:24.353+0000] {dag.py:3947} INFO - Setting next_dagrun for ecommerce_distributed_dw_etl to None, run_after=None
[2026-05-27T15:53:24.384+0000] {processor.py:183} INFO - Processing /opt/airflow/dags/ecommerce_etl_dag.py took 0.149 seconds
[2026-05-27T15:53:54.564+0000] {processor.py:161} INFO - Started process (PID=556) to work on /opt/airflow/dags/ecommerce_etl_dag.py
[2026-05-27T15:53:54.565+0000] {processor.py:830} INFO - Processing file /opt/airflow/dags/ecommerce_etl_dag.py for tasks to queue
[2026-05-27T15:53:54.568+0000] {logging_mixin.py:188} INFO - [2026-05-27T15:53:54.567+0000] {dagbag.py:545} INFO - Filling up the DagBag from /opt/airflow/dags/ecommerce_etl_dag.py
[2026-05-27T15:53:54.595+0000] {processor.py:840} INFO - DAG(s) 'ecommerce_distributed_dw_etl' retrieved from /opt/airflow/dags/ecommerce_etl_dag.py
[2026-05-27T15:53:54.645+0000] {logging_mixin.py:188} INFO - [2026-05-27T15:53:54.645+0000] {dag.py:3089} INFO - Sync 1 DAGs
[2026-05-27T15:53:54.663+0000] {logging_mixin.py:188} INFO - [2026-05-27T15:53:54.662+0000] {dag.py:3947} INFO - Setting next_dagrun for ecommerce_distributed_dw_etl to None, run_after=None
[2026-05-27T15:53:54.688+0000] {processor.py:183} INFO - Processing /opt/airflow/dags/ecommerce_etl_dag.py took 0.130 seconds
[2026-05-27T15:54:24.758+0000] {processor.py:161} INFO - Started process (PID=561) to work on /opt/airflow/dags/ecommerce_etl_dag.py
[2026-05-27T15:54:24.759+0000] {processor.py:830} INFO - Processing file /opt/airflow/dags/ecommerce_etl_dag.py for tasks to queue
[2026-05-27T15:54:24.761+0000] {logging_mixin.py:188} INFO - [2026-05-27T15:54:24.761+0000] {dagbag.py:545} INFO - Filling up the DagBag from /opt/airflow/dags/ecommerce_etl_dag.py
[2026-05-27T15:54:24.785+0000] {processor.py:840} INFO - DAG(s) 'ecommerce_distributed_dw_etl' retrieved from /opt/airflow/dags/ecommerce_etl_dag.py
[2026-05-27T15:54:24.829+0000] {logging_mixin.py:188} INFO - [2026-05-27T15:54:24.828+0000] {dag.py:3089} INFO - Sync 1 DAGs
[2026-05-27T15:54:24.847+0000] {logging_mixin.py:188} INFO - [2026-05-27T15:54:24.847+0000] {dag.py:3947} INFO - Setting next_dagrun for ecommerce_distributed_dw_etl to None, run_after=None
[2026-05-27T15:54:24.876+0000] {processor.py:183} INFO - Processing /opt/airflow/dags/ecommerce_etl_dag.py took 0.126 seconds
[2026-05-27T15:54:55.146+0000] {processor.py:161} INFO - Started process (PID=566) to work on /opt/airflow/dags/ecommerce_etl_dag.py
[2026-05-27T15:54:55.148+0000] {processor.py:830} INFO - Processing file /opt/airflow/dags/ecommerce_etl_dag.py for tasks to queue
[2026-05-27T15:54:55.153+0000] {logging_mixin.py:188} INFO - [2026-05-27T15:54:55.152+0000] {dagbag.py:545} INFO - Filling up the DagBag from /opt/airflow/dags/ecommerce_etl_dag.py
[2026-05-27T15:54:55.184+0000] {processor.py:840} INFO - DAG(s) 'ecommerce_distributed_dw_etl' retrieved from /opt/airflow/dags/ecommerce_etl_dag.py
[2026-05-27T15:54:55.236+0000] {logging_mixin.py:188} INFO - [2026-05-27T15:54:55.235+0000] {dag.py:3089} INFO - Sync 1 DAGs
[2026-05-27T15:54:55.255+0000] {logging_mixin.py:188} INFO - [2026-05-27T15:54:55.254+0000] {dag.py:3947} INFO - Setting next_dagrun for ecommerce_distributed_dw_etl to None, run_after=None
[2026-05-27T15:54:55.283+0000] {processor.py:183} INFO - Processing /opt/airflow/dags/ecommerce_etl_dag.py took 0.145 seconds
[2026-05-27T15:55:25.365+0000] {processor.py:161} INFO - Started process (PID=571) to work on /opt/airflow/dags/ecommerce_etl_dag.py
[2026-05-27T15:55:25.371+0000] {processor.py:830} INFO - Processing file /opt/airflow/dags/ecommerce_etl_dag.py for tasks to queue
[2026-05-27T15:55:25.375+0000] {logging_mixin.py:188} INFO - [2026-05-27T15:55:25.374+0000] {dagbag.py:545} INFO - Filling up the DagBag from /opt/airflow/dags/ecommerce_etl_dag.py
[2026-05-27T15:55:25.412+0000] {processor.py:840} INFO - DAG(s) 'ecommerce_distributed_dw_etl' retrieved from /opt/airflow/dags/ecommerce_etl_dag.py
[2026-05-27T15:55:25.475+0000] {logging_mixin.py:188} INFO - [2026-05-27T15:55:25.475+0000] {dag.py:3089} INFO - Sync 1 DAGs
[2026-05-27T15:55:25.509+0000] {logging_mixin.py:188} INFO - [2026-05-27T15:55:25.508+0000] {dag.py:3947} INFO - Setting next_dagrun for ecommerce_distributed_dw_etl to None, run_after=None
[2026-05-27T15:55:25.536+0000] {processor.py:183} INFO - Processing /opt/airflow/dags/ecommerce_etl_dag.py took 0.184 seconds
[2026-05-27T15:55:55.670+0000] {processor.py:161} INFO - Started process (PID=576) to work on /opt/airflow/dags/ecommerce_etl_dag.py
[2026-05-27T15:55:55.672+0000] {processor.py:830} INFO - Processing file /opt/airflow/dags/ecommerce_etl_dag.py for tasks to queue
[2026-05-27T15:55:55.674+0000] {logging_mixin.py:188} INFO - [2026-05-27T15:55:55.674+0000] {dagbag.py:545} INFO - Filling up the DagBag from /opt/airflow/dags/ecommerce_etl_dag.py
[2026-05-27T15:55:55.701+0000] {processor.py:840} INFO - DAG(s) 'ecommerce_distributed_dw_etl' retrieved from /opt/airflow/dags/ecommerce_etl_dag.py
[2026-05-27T15:55:55.746+0000] {logging_mixin.py:188} INFO - [2026-05-27T15:55:55.746+0000] {dag.py:3089} INFO - Sync 1 DAGs
[2026-05-27T15:55:55.768+0000] {logging_mixin.py:188} INFO - [2026-05-27T15:55:55.768+0000] {dag.py:3947} INFO - Setting next_dagrun for ecommerce_distributed_dw_etl to None, run_after=None
[2026-05-27T15:55:55.821+0000] {processor.py:183} INFO - Processing /opt/airflow/dags/ecommerce_etl_dag.py took 0.160 seconds
[2026-05-27T15:56:25.916+0000] {processor.py:161} INFO - Started process (PID=581) to work on /opt/airflow/dags/ecommerce_etl_dag.py
[2026-05-27T15:56:25.919+0000] {processor.py:830} INFO - Processing file /opt/airflow/dags/ecommerce_etl_dag.py for tasks to queue
[2026-05-27T15:56:25.924+0000] {logging_mixin.py:188} INFO - [2026-05-27T15:56:25.923+0000] {dagbag.py:545} INFO - Filling up the DagBag from /opt/airflow/dags/ecommerce_etl_dag.py
[2026-05-27T15:56:25.965+0000] {processor.py:840} INFO - DAG(s) 'ecommerce_distributed_dw_etl' retrieved from /opt/airflow/dags/ecommerce_etl_dag.py
[2026-05-27T15:56:26.017+0000] {logging_mixin.py:188} INFO - [2026-05-27T15:56:26.017+0000] {dag.py:3089} INFO - Sync 1 DAGs
[2026-05-27T15:56:26.041+0000] {logging_mixin.py:188} INFO - [2026-05-27T15:56:26.041+0000] {dag.py:3947} INFO - Setting next_dagrun for ecommerce_distributed_dw_etl to None, run_after=None
[2026-05-27T15:56:26.068+0000] {processor.py:183} INFO - Processing /opt/airflow/dags/ecommerce_etl_dag.py took 0.165 seconds
[2026-05-27T15:56:56.379+0000] {processor.py:161} INFO - Started process (PID=586) to work on /opt/airflow/dags/ecommerce_etl_dag.py
[2026-05-27T15:56:56.381+0000] {processor.py:830} INFO - Processing file /opt/airflow/dags/ecommerce_etl_dag.py for tasks to queue
[2026-05-27T15:56:56.385+0000] {logging_mixin.py:188} INFO - [2026-05-27T15:56:56.384+0000] {dagbag.py:545} INFO - Filling up the DagBag from /opt/airflow/dags/ecommerce_etl_dag.py
[2026-05-27T15:56:56.410+0000] {processor.py:840} INFO - DAG(s) 'ecommerce_distributed_dw_etl' retrieved from /opt/airflow/dags/ecommerce_etl_dag.py
[2026-05-27T15:56:56.453+0000] {logging_mixin.py:188} INFO - [2026-05-27T15:56:56.453+0000] {dag.py:3089} INFO - Sync 1 DAGs
[2026-05-27T15:56:56.473+0000] {logging_mixin.py:188} INFO - [2026-05-27T15:56:56.472+0000] {dag.py:3947} INFO - Setting next_dagrun for ecommerce_distributed_dw_etl to None, run_after=None
[2026-05-27T15:56:56.499+0000] {processor.py:183} INFO - Processing /opt/airflow/dags/ecommerce_etl_dag.py took 0.131 seconds
[2026-05-27T15:57:26.617+0000] {processor.py:161} INFO - Started process (PID=591) to work on /opt/airflow/dags/ecommerce_etl_dag.py
[2026-05-27T15:57:26.619+0000] {processor.py:830} INFO - Processing file /opt/airflow/dags/ecommerce_etl_dag.py for tasks to queue
[2026-05-27T15:57:26.623+0000] {logging_mixin.py:188} INFO - [2026-05-27T15:57:26.622+0000] {dagbag.py:545} INFO - Filling up the DagBag from /opt/airflow/dags/ecommerce_etl_dag.py
[2026-05-27T15:57:26.647+0000] {processor.py:840} INFO - DAG(s) 'ecommerce_distributed_dw_etl' retrieved from /opt/airflow/dags/ecommerce_etl_dag.py
[2026-05-27T15:57:26.693+0000] {logging_mixin.py:188} INFO - [2026-05-27T15:57:26.692+0000] {dag.py:3089} INFO - Sync 1 DAGs
[2026-05-27T15:57:26.711+0000] {logging_mixin.py:188} INFO - [2026-05-27T15:57:26.711+0000] {dag.py:3947} INFO - Setting next_dagrun for ecommerce_distributed_dw_etl to None, run_after=None
[2026-05-27T15:57:26.741+0000] {processor.py:183} INFO - Processing /opt/airflow/dags/ecommerce_etl_dag.py took 0.132 seconds
[2026-05-27T15:57:56.881+0000] {processor.py:161} INFO - Started process (PID=596) to work on /opt/airflow/dags/ecommerce_etl_dag.py
[2026-05-27T15:57:56.883+0000] {processor.py:830} INFO - Processing file /opt/airflow/dags/ecommerce_etl_dag.py for tasks to queue
[2026-05-27T15:57:56.890+0000] {logging_mixin.py:188} INFO - [2026-05-27T15:57:56.889+0000] {dagbag.py:545} INFO - Filling up the DagBag from /opt/airflow/dags/ecommerce_etl_dag.py
[2026-05-27T15:57:57.061+0000] {processor.py:840} INFO - DAG(s) 'ecommerce_distributed_dw_etl' retrieved from /opt/airflow/dags/ecommerce_etl_dag.py
[2026-05-27T15:57:57.136+0000] {logging_mixin.py:188} INFO - [2026-05-27T15:57:57.135+0000] {dag.py:3089} INFO - Sync 1 DAGs
[2026-05-27T15:57:57.160+0000] {logging_mixin.py:188} INFO - [2026-05-27T15:57:57.160+0000] {dag.py:3947} INFO - Setting next_dagrun for ecommerce_distributed_dw_etl to None, run_after=None
[2026-05-27T15:57:57.193+0000] {processor.py:183} INFO - Processing /opt/airflow/dags/ecommerce_etl_dag.py took 0.319 seconds
[2026-05-27T15:58:27.481+0000] {processor.py:161} INFO - Started process (PID=601) to work on /opt/airflow/dags/ecommerce_etl_dag.py
[2026-05-27T15:58:27.483+0000] {processor.py:830} INFO - Processing file /opt/airflow/dags/ecommerce_etl_dag.py for tasks to queue
[2026-05-27T15:58:27.487+0000] {logging_mixin.py:188} INFO - [2026-05-27T15:58:27.486+0000] {dagbag.py:545} INFO - Filling up the DagBag from /opt/airflow/dags/ecommerce_etl_dag.py
[2026-05-27T15:58:27.517+0000] {processor.py:840} INFO - DAG(s) 'ecommerce_distributed_dw_etl' retrieved from /opt/airflow/dags/ecommerce_etl_dag.py
[2026-05-27T15:58:27.564+0000] {logging_mixin.py:188} INFO - [2026-05-27T15:58:27.564+0000] {dag.py:3089} INFO - Sync 1 DAGs
[2026-05-27T15:58:27.589+0000] {logging_mixin.py:188} INFO - [2026-05-27T15:58:27.588+0000] {dag.py:3947} INFO - Setting next_dagrun for ecommerce_distributed_dw_etl to None, run_after=None
[2026-05-27T15:58:27.635+0000] {processor.py:183} INFO - Processing /opt/airflow/dags/ecommerce_etl_dag.py took 0.167 seconds
[2026-05-27T15:58:57.898+0000] {processor.py:161} INFO - Started process (PID=606) to work on /opt/airflow/dags/ecommerce_etl_dag.py
[2026-05-27T15:58:57.900+0000] {processor.py:830} INFO - Processing file /opt/airflow/dags/ecommerce_etl_dag.py for tasks to queue
[2026-05-27T15:58:57.905+0000] {logging_mixin.py:188} INFO - [2026-05-27T15:58:57.904+0000] {dagbag.py:545} INFO - Filling up the DagBag from /opt/airflow/dags/ecommerce_etl_dag.py
[2026-05-27T15:58:57.950+0000] {processor.py:840} INFO - DAG(s) 'ecommerce_distributed_dw_etl' retrieved from /opt/airflow/dags/ecommerce_etl_dag.py
[2026-05-27T15:58:57.998+0000] {logging_mixin.py:188} INFO - [2026-05-27T15:58:57.997+0000] {dag.py:3089} INFO - Sync 1 DAGs
[2026-05-27T15:58:58.023+0000] {logging_mixin.py:188} INFO - [2026-05-27T15:58:58.023+0000] {dag.py:3947} INFO - Setting next_dagrun for ecommerce_distributed_dw_etl to None, run_after=None
[2026-05-27T15:58:58.065+0000] {processor.py:183} INFO - Processing /opt/airflow/dags/ecommerce_etl_dag.py took 0.180 seconds
[2026-05-27T15:59:28.297+0000] {processor.py:161} INFO - Started process (PID=611) to work on /opt/airflow/dags/ecommerce_etl_dag.py
[2026-05-27T15:59:28.299+0000] {processor.py:830} INFO - Processing file /opt/airflow/dags/ecommerce_etl_dag.py for tasks to queue
[2026-05-27T15:59:28.301+0000] {logging_mixin.py:188} INFO - [2026-05-27T15:59:28.301+0000] {dagbag.py:545} INFO - Filling up the DagBag from /opt/airflow/dags/ecommerce_etl_dag.py
[2026-05-27T15:59:28.324+0000] {processor.py:840} INFO - DAG(s) 'ecommerce_distributed_dw_etl' retrieved from /opt/airflow/dags/ecommerce_etl_dag.py
[2026-05-27T15:59:28.370+0000] {logging_mixin.py:188} INFO - [2026-05-27T15:59:28.369+0000] {dag.py:3089} INFO - Sync 1 DAGs
[2026-05-27T15:59:28.388+0000] {logging_mixin.py:188} INFO - [2026-05-27T15:59:28.387+0000] {dag.py:3947} INFO - Setting next_dagrun for ecommerce_distributed_dw_etl to None, run_after=None
[2026-05-27T15:59:28.415+0000] {processor.py:183} INFO - Processing /opt/airflow/dags/ecommerce_etl_dag.py took 0.125 seconds
[2026-05-27T15:59:58.630+0000] {processor.py:161} INFO - Started process (PID=616) to work on /opt/airflow/dags/ecommerce_etl_dag.py
[2026-05-27T15:59:58.631+0000] {processor.py:830} INFO - Processing file /opt/airflow/dags/ecommerce_etl_dag.py for tasks to queue
[2026-05-27T15:59:58.634+0000] {logging_mixin.py:188} INFO - [2026-05-27T15:59:58.633+0000] {dagbag.py:545} INFO - Filling up the DagBag from /opt/airflow/dags/ecommerce_etl_dag.py
[2026-05-27T15:59:58.658+0000] {processor.py:840} INFO - DAG(s) 'ecommerce_distributed_dw_etl' retrieved from /opt/airflow/dags/ecommerce_etl_dag.py
[2026-05-27T15:59:58.715+0000] {logging_mixin.py:188} INFO - [2026-05-27T15:59:58.715+0000] {dag.py:3089} INFO - Sync 1 DAGs
[2026-05-27T15:59:58.737+0000] {logging_mixin.py:188} INFO - [2026-05-27T15:59:58.736+0000] {dag.py:3947} INFO - Setting next_dagrun for ecommerce_distributed_dw_etl to None, run_after=None
[2026-05-27T15:59:58.764+0000] {processor.py:183} INFO - Processing /opt/airflow/dags/ecommerce_etl_dag.py took 0.141 seconds
[2026-05-27T16:00:28.885+0000] {processor.py:161} INFO - Started process (PID=621) to work on /opt/airflow/dags/ecommerce_etl_dag.py
[2026-05-27T16:00:28.887+0000] {processor.py:830} INFO - Processing file /opt/airflow/dags/ecommerce_etl_dag.py for tasks to queue
[2026-05-27T16:00:28.889+0000] {logging_mixin.py:188} INFO - [2026-05-27T16:00:28.889+0000] {dagbag.py:545} INFO - Filling up the DagBag from /opt/airflow/dags/ecommerce_etl_dag.py
[2026-05-27T16:00:28.921+0000] {processor.py:840} INFO - DAG(s) 'ecommerce_distributed_dw_etl' retrieved from /opt/airflow/dags/ecommerce_etl_dag.py
[2026-05-27T16:00:28.985+0000] {logging_mixin.py:188} INFO - [2026-05-27T16:00:28.985+0000] {dag.py:3089} INFO - Sync 1 DAGs
[2026-05-27T16:00:29.025+0000] {logging_mixin.py:188} INFO - [2026-05-27T16:00:29.025+0000] {dag.py:3947} INFO - Setting next_dagrun for ecommerce_distributed_dw_etl to None, run_after=None
[2026-05-27T16:00:29.076+0000] {processor.py:183} INFO - Processing /opt/airflow/dags/ecommerce_etl_dag.py took 0.201 seconds
[2026-05-27T16:00:59.196+0000] {processor.py:161} INFO - Started process (PID=626) to work on /opt/airflow/dags/ecommerce_etl_dag.py
[2026-05-27T16:00:59.197+0000] {processor.py:830} INFO - Processing file /opt/airflow/dags/ecommerce_etl_dag.py for tasks to queue
[2026-05-27T16:00:59.199+0000] {logging_mixin.py:188} INFO - [2026-05-27T16:00:59.199+0000] {dagbag.py:545} INFO - Filling up the DagBag from /opt/airflow/dags/ecommerce_etl_dag.py
[2026-05-27T16:00:59.222+0000] {processor.py:840} INFO - DAG(s) 'ecommerce_distributed_dw_etl' retrieved from /opt/airflow/dags/ecommerce_etl_dag.py
[2026-05-27T16:00:59.265+0000] {logging_mixin.py:188} INFO - [2026-05-27T16:00:59.265+0000] {dag.py:3089} INFO - Sync 1 DAGs
[2026-05-27T16:00:59.286+0000] {logging_mixin.py:188} INFO - [2026-05-27T16:00:59.285+0000] {dag.py:3947} INFO - Setting next_dagrun for ecommerce_distributed_dw_etl to None, run_after=None
[2026-05-27T16:00:59.315+0000] {processor.py:183} INFO - Processing /opt/airflow/dags/ecommerce_etl_dag.py took 0.127 seconds
[2026-05-27T16:01:29.569+0000] {processor.py:161} INFO - Started process (PID=631) to work on /opt/airflow/dags/ecommerce_etl_dag.py
[2026-05-27T16:01:29.571+0000] {processor.py:830} INFO - Processing file /opt/airflow/dags/ecommerce_etl_dag.py for tasks to queue
[2026-05-27T16:01:29.573+0000] {logging_mixin.py:188} INFO - [2026-05-27T16:01:29.573+0000] {dagbag.py:545} INFO - Filling up the DagBag from /opt/airflow/dags/ecommerce_etl_dag.py
[2026-05-27T16:01:29.602+0000] {processor.py:840} INFO - DAG(s) 'ecommerce_distributed_dw_etl' retrieved from /opt/airflow/dags/ecommerce_etl_dag.py
[2026-05-27T16:01:29.639+0000] {logging_mixin.py:188} INFO - [2026-05-27T16:01:29.639+0000] {dag.py:3089} INFO - Sync 1 DAGs
[2026-05-27T16:01:29.657+0000] {logging_mixin.py:188} INFO - [2026-05-27T16:01:29.657+0000] {dag.py:3947} INFO - Setting next_dagrun for ecommerce_distributed_dw_etl to None, run_after=None
[2026-05-27T16:01:29.686+0000] {processor.py:183} INFO - Processing /opt/airflow/dags/ecommerce_etl_dag.py took 0.125 seconds
[2026-05-27T16:01:59.811+0000] {processor.py:161} INFO - Started process (PID=636) to work on /opt/airflow/dags/ecommerce_etl_dag.py
[2026-05-27T16:01:59.813+0000] {processor.py:830} INFO - Processing file /opt/airflow/dags/ecommerce_etl_dag.py for tasks to queue
[2026-05-27T16:01:59.818+0000] {logging_mixin.py:188} INFO - [2026-05-27T16:01:59.817+0000] {dagbag.py:545} INFO - Filling up the DagBag from /opt/airflow/dags/ecommerce_etl_dag.py
[2026-05-27T16:01:59.853+0000] {processor.py:840} INFO - DAG(s) 'ecommerce_distributed_dw_etl' retrieved from /opt/airflow/dags/ecommerce_etl_dag.py
[2026-05-27T16:01:59.912+0000] {logging_mixin.py:188} INFO - [2026-05-27T16:01:59.912+0000] {dag.py:3089} INFO - Sync 1 DAGs
[2026-05-27T16:01:59.933+0000] {logging_mixin.py:188} INFO - [2026-05-27T16:01:59.932+0000] {dag.py:3947} INFO - Setting next_dagrun for ecommerce_distributed_dw_etl to None, run_after=None
[2026-05-27T16:01:59.978+0000] {processor.py:183} INFO - Processing /opt/airflow/dags/ecommerce_etl_dag.py took 0.181 seconds
[2026-05-27T16:02:30.079+0000] {processor.py:161} INFO - Started process (PID=641) to work on /opt/airflow/dags/ecommerce_etl_dag.py
[2026-05-27T16:02:30.081+0000] {processor.py:830} INFO - Processing file /opt/airflow/dags/ecommerce_etl_dag.py for tasks to queue
[2026-05-27T16:02:30.084+0000] {logging_mixin.py:188} INFO - [2026-05-27T16:02:30.083+0000] {dagbag.py:545} INFO - Filling up the DagBag from /opt/airflow/dags/ecommerce_etl_dag.py
[2026-05-27T16:02:30.123+0000] {processor.py:840} INFO - DAG(s) 'ecommerce_distributed_dw_etl' retrieved from /opt/airflow/dags/ecommerce_etl_dag.py
[2026-05-27T16:02:30.172+0000] {logging_mixin.py:188} INFO - [2026-05-27T16:02:30.171+0000] {dag.py:3089} INFO - Sync 1 DAGs
[2026-05-27T16:02:30.189+0000] {logging_mixin.py:188} INFO - [2026-05-27T16:02:30.189+0000] {dag.py:3947} INFO - Setting next_dagrun for ecommerce_distributed_dw_etl to None, run_after=None
[2026-05-27T16:02:30.222+0000] {processor.py:183} INFO - Processing /opt/airflow/dags/ecommerce_etl_dag.py took 0.153 seconds
[2026-05-27T16:03:00.420+0000] {processor.py:161} INFO - Started process (PID=646) to work on /opt/airflow/dags/ecommerce_etl_dag.py
[2026-05-27T16:03:00.422+0000] {processor.py:830} INFO - Processing file /opt/airflow/dags/ecommerce_etl_dag.py for tasks to queue
[2026-05-27T16:03:00.425+0000] {logging_mixin.py:188} INFO - [2026-05-27T16:03:00.424+0000] {dagbag.py:545} INFO - Filling up the DagBag from /opt/airflow/dags/ecommerce_etl_dag.py
[2026-05-27T16:03:00.447+0000] {processor.py:840} INFO - DAG(s) 'ecommerce_distributed_dw_etl' retrieved from /opt/airflow/dags/ecommerce_etl_dag.py
[2026-05-27T16:03:00.490+0000] {logging_mixin.py:188} INFO - [2026-05-27T16:03:00.490+0000] {dag.py:3089} INFO - Sync 1 DAGs
[2026-05-27T16:03:00.511+0000] {logging_mixin.py:188} INFO - [2026-05-27T16:03:00.510+0000] {dag.py:3947} INFO - Setting next_dagrun for ecommerce_distributed_dw_etl to None, run_after=None
[2026-05-27T16:03:00.541+0000] {processor.py:183} INFO - Processing /opt/airflow/dags/ecommerce_etl_dag.py took 0.128 seconds
[2026-05-27T16:03:30.650+0000] {processor.py:161} INFO - Started process (PID=651) to work on /opt/airflow/dags/ecommerce_etl_dag.py
[2026-05-27T16:03:30.651+0000] {processor.py:830} INFO - Processing file /opt/airflow/dags/ecommerce_etl_dag.py for tasks to queue
[2026-05-27T16:03:30.654+0000] {logging_mixin.py:188} INFO - [2026-05-27T16:03:30.653+0000] {dagbag.py:545} INFO - Filling up the DagBag from /opt/airflow/dags/ecommerce_etl_dag.py
[2026-05-27T16:03:30.676+0000] {processor.py:840} INFO - DAG(s) 'ecommerce_distributed_dw_etl' retrieved from /opt/airflow/dags/ecommerce_etl_dag.py
[2026-05-27T16:03:30.724+0000] {logging_mixin.py:188} INFO - [2026-05-27T16:03:30.724+0000] {dag.py:3089} INFO - Sync 1 DAGs
[2026-05-27T16:03:30.743+0000] {logging_mixin.py:188} INFO - [2026-05-27T16:03:30.742+0000] {dag.py:3947} INFO - Setting next_dagrun for ecommerce_distributed_dw_etl to None, run_after=None
[2026-05-27T16:03:30.772+0000] {processor.py:183} INFO - Processing /opt/airflow/dags/ecommerce_etl_dag.py took 0.130 seconds
