[2026-05-23T09:14:33.726+0000] {local_task_job_runner.py:120} INFO - ::group::Pre task execution logs
[2026-05-23T09:14:33.784+0000] {taskinstance.py:2076} INFO - Dependencies all met for dep_context=non-requeueable deps ti=<TaskInstance: ecommerce_distributed_dw_etl.verify_warehouse manual__2026-05-23T09:09:10+00:00 [queued]>
[2026-05-23T09:14:33.796+0000] {taskinstance.py:2076} INFO - Dependencies all met for dep_context=requeueable deps ti=<TaskInstance: ecommerce_distributed_dw_etl.verify_warehouse manual__2026-05-23T09:09:10+00:00 [queued]>
[2026-05-23T09:14:33.798+0000] {taskinstance.py:2306} INFO - Starting attempt 1 of 2
[2026-05-23T09:14:33.817+0000] {taskinstance.py:2330} INFO - Executing <Task(BashOperator): verify_warehouse> on 2026-05-23 09:09:10+00:00
[2026-05-23T09:14:33.829+0000] {standard_task_runner.py:90} INFO - Running: ['***', 'tasks', 'run', 'ecommerce_distributed_dw_etl', 'verify_warehouse', 'manual__2026-05-23T09:09:10+00:00', '--job-id', '6', '--raw', '--subdir', 'DAGS_FOLDER/ecommerce_etl_dag.py', '--cfg-path', '/tmp/tmpo3oazhvq']
[2026-05-23T09:14:33.833+0000] {standard_task_runner.py:91} INFO - Job 6: Subtask verify_warehouse
[2026-05-23T09:14:33.833+0000] {logging_mixin.py:188} WARNING - /home/***/.local/lib/python3.12/site-packages/***/task/task_runner/standard_task_runner.py:62 DeprecationWarning: This process (pid=347) is multi-threaded, use of fork() may lead to deadlocks in the child.
[2026-05-23T09:14:33.834+0000] {standard_task_runner.py:64} INFO - Started process 348 to run task
[2026-05-23T09:14:33.940+0000] {task_command.py:426} INFO - Running <TaskInstance: ecommerce_distributed_dw_etl.verify_warehouse manual__2026-05-23T09:09:10+00:00 [running]> on host 72e9764eb967
[2026-05-23T09:14:34.069+0000] {taskinstance.py:2648} INFO - Exporting env vars: AIRFLOW_CTX_DAG_OWNER='ecommerce_dw_team' AIRFLOW_CTX_DAG_ID='ecommerce_distributed_dw_etl' AIRFLOW_CTX_TASK_ID='verify_warehouse' AIRFLOW_CTX_EXECUTION_DATE='2026-05-23T09:09:10+00:00' AIRFLOW_CTX_TRY_NUMBER='1' AIRFLOW_CTX_DAG_RUN_ID='manual__2026-05-23T09:09:10+00:00'
[2026-05-23T09:14:34.070+0000] {taskinstance.py:430} INFO - ::endgroup::
[2026-05-23T09:14:34.087+0000] {subprocess.py:63} INFO - Tmp dir root location: /tmp
[2026-05-23T09:14:34.089+0000] {subprocess.py:75} INFO - Running command: ['/usr/bin/bash', '-c', 'python -c "import psycopg2; conn=psycopg2.connect(host=\'citus-coordinator\', port=5432, dbname=\'ecommerce_dw\', user=\'readonly_user\', password=\'Readonly@2026!\'); cur=conn.cursor(); cur.execute(\'SELECT COUNT(*) FROM ecommerce_dw.fact_olist_orders\'); count=cur.fetchone()[0]; print(f\'fact_olist_orders row count: {count}\'); assert count == 112650; conn.close()"']
[2026-05-23T09:14:34.105+0000] {subprocess.py:86} INFO - Output:
[2026-05-23T09:14:34.512+0000] {subprocess.py:93} INFO - fact_olist_orders row count: 112650
[2026-05-23T09:14:34.539+0000] {subprocess.py:97} INFO - Command exited with return code 0
[2026-05-23T09:14:34.541+0000] {taskinstance.py:441} INFO - ::group::Post task execution logs
[2026-05-23T09:14:34.600+0000] {taskinstance.py:1206} INFO - Marking task as SUCCESS. dag_id=ecommerce_distributed_dw_etl, task_id=verify_warehouse, run_id=manual__2026-05-23T09:09:10+00:00, execution_date=20260523T090910, start_date=20260523T091433, end_date=20260523T091434
[2026-05-23T09:14:34.652+0000] {local_task_job_runner.py:243} INFO - Task exited with return code 0
[2026-05-23T09:14:34.675+0000] {taskinstance.py:3503} INFO - 0 downstream tasks scheduled from follow-on schedule check
[2026-05-23T09:14:34.679+0000] {local_task_job_runner.py:222} INFO - ::endgroup::
