[2026-05-23T09:15:05.693+0000] {local_task_job_runner.py:120} INFO - ::group::Pre task execution logs
[2026-05-23T09:15:05.762+0000] {taskinstance.py:2076} INFO - Dependencies all met for dep_context=non-requeueable deps ti=<TaskInstance: ecommerce_distributed_dw_etl.verify_warehouse manual__2026-05-23T09:09:10+00:00 [queued]>
[2026-05-23T09:15:05.781+0000] {taskinstance.py:2076} INFO - Dependencies all met for dep_context=requeueable deps ti=<TaskInstance: ecommerce_distributed_dw_etl.verify_warehouse manual__2026-05-23T09:09:10+00:00 [queued]>
[2026-05-23T09:15:05.782+0000] {taskinstance.py:2306} INFO - Starting attempt 2 of 3
[2026-05-23T09:15:05.806+0000] {taskinstance.py:2330} INFO - Executing <Task(BashOperator): verify_warehouse> on 2026-05-23 09:09:10+00:00
[2026-05-23T09:15:05.826+0000] {standard_task_runner.py:90} INFO - Running: ['***', 'tasks', 'run', 'ecommerce_distributed_dw_etl', 'verify_warehouse', 'manual__2026-05-23T09:09:10+00:00', '--job-id', '8', '--raw', '--subdir', 'DAGS_FOLDER/ecommerce_etl_dag.py', '--cfg-path', '/tmp/tmpmg8wd9zp']
[2026-05-23T09:15:05.832+0000] {logging_mixin.py:188} WARNING - /home/***/.local/lib/python3.12/site-packages/***/task/task_runner/standard_task_runner.py:62 DeprecationWarning: This process (pid=364) is multi-threaded, use of fork() may lead to deadlocks in the child.
[2026-05-23T09:15:05.833+0000] {standard_task_runner.py:91} INFO - Job 8: Subtask verify_warehouse
[2026-05-23T09:15:05.834+0000] {standard_task_runner.py:64} INFO - Started process 365 to run task
[2026-05-23T09:15:05.940+0000] {task_command.py:426} INFO - Running <TaskInstance: ecommerce_distributed_dw_etl.verify_warehouse manual__2026-05-23T09:09:10+00:00 [running]> on host 72e9764eb967
[2026-05-23T09:15:06.082+0000] {taskinstance.py:2648} INFO - Exporting env vars: AIRFLOW_CTX_DAG_OWNER='ecommerce_dw_team' AIRFLOW_CTX_DAG_ID='ecommerce_distributed_dw_etl' AIRFLOW_CTX_TASK_ID='verify_warehouse' AIRFLOW_CTX_EXECUTION_DATE='2026-05-23T09:09:10+00:00' AIRFLOW_CTX_TRY_NUMBER='2' AIRFLOW_CTX_DAG_RUN_ID='manual__2026-05-23T09:09:10+00:00'
[2026-05-23T09:15:06.083+0000] {taskinstance.py:430} INFO - ::endgroup::
[2026-05-23T09:15:06.104+0000] {subprocess.py:63} INFO - Tmp dir root location: /tmp
[2026-05-23T09:15:06.106+0000] {subprocess.py:75} INFO - Running command: ['/usr/bin/bash', '-c', 'python -c "import psycopg2; conn=psycopg2.connect(host=\'citus-coordinator\', port=5432, dbname=\'ecommerce_dw\', user=\'readonly_user\', password=\'Readonly@2026!\'); cur=conn.cursor(); cur.execute(\'SELECT COUNT(*) FROM ecommerce_dw.fact_olist_orders\'); count=cur.fetchone()[0]; print(f\'fact_olist_orders row count: {count}\'); assert count == 112650; conn.close()"']
[2026-05-23T09:15:06.121+0000] {subprocess.py:86} INFO - Output:
[2026-05-23T09:15:06.470+0000] {subprocess.py:93} INFO - fact_olist_orders row count: 112650
[2026-05-23T09:15:06.501+0000] {subprocess.py:97} INFO - Command exited with return code 0
[2026-05-23T09:15:06.502+0000] {taskinstance.py:441} INFO - ::group::Post task execution logs
[2026-05-23T09:15:06.548+0000] {taskinstance.py:1206} INFO - Marking task as SUCCESS. dag_id=ecommerce_distributed_dw_etl, task_id=verify_warehouse, run_id=manual__2026-05-23T09:09:10+00:00, execution_date=20260523T090910, start_date=20260523T091505, end_date=20260523T091506
[2026-05-23T09:15:06.613+0000] {local_task_job_runner.py:243} INFO - Task exited with return code 0
[2026-05-23T09:15:06.642+0000] {taskinstance.py:3503} INFO - 0 downstream tasks scheduled from follow-on schedule check
[2026-05-23T09:15:06.645+0000] {local_task_job_runner.py:222} INFO - ::endgroup::
